###1: exit
exit
e -file /tmp/plotCTxSqX
cross_probe -file /tmp/plotCTxSqX OK
###2: open_file /home/undergrad19_exam/lixinyuan_exam/simulation/lixinyuan_exam/competition_testbench_schematic_ALPS/competition_testbench_schematic_Nominal.sp.sim/competition_testbench_schematic_Nominal.sp.ac0
open_file competition_testbench_schematic_Nominal.sp.ac0: OK
###3: calc &f<0>::s<v(vout)>@0#&/&f<0>::s<v(vinn)>@0#&
calc "f<0>::s<v(vout)>[0]"/"f<0>::s<v(vinn)>[0]" :175
###4: add_panel -1
add_panel :0
###5: open_wave -group Doc_Not_Found,0,_calc_wfs_\(0\)
###6: chaxis Log10
"f<0>::s<v(vout)>[0]"/"f<0>::s<v(vinn)>[0]"     Loop_Gain   Nominal datas:
###7: chaxis -plot 1 -axis 0 Linear
"f<0>::s<v(vout)>[0]"/"f<0>::s<v(vinn)>[0]"     Loop_Gain   Nominal datas:
###8: chaxis -plot 1 -axis 0 DB20
###9: add_cursor -x
add_cursor -x result: 1
###10: move_cursor -id 0 1068.4 373.519
###11: move_cursor -id 0 1002.48 373.519
###12: move_cursor -id 0 882.584 375.345
###13: move_cursor -id 0 684.097 375.345
###14: move_cursor -id 0 497.53 375.345
###15: move_cursor -id 0 289.542 375.345
###16: move_cursor -id 0 153.149 375.345
###17: move_cursor -id 0 83.6273 375.345
###18: move_cursor -id 0 40.2033 375.345
###19: move_cursor -id 0 19.3275 378.996
###20: move_cursor -id 0 9.59221 378.996
###21: move_cursor -id 0 5.07367 378.996
###22: move_cursor -id 0 3.24866 378.996
###23: move_cursor -id 0 2.28863 378.996
###24: move_cursor -id 0 1.95176 378.996
###25: move_cursor -id 0 1.71833 378.996
###26: move_cursor -id 0 1.66448 378.996
###27: move_cursor -id 0 1.61231 378.996
###28: move_cursor -id 0 1.56177 378.996
###29: move_cursor -id 0 1.51282 378.996
###30: move_cursor -id 0 1.46541 378.996
###31: move_cursor -id 0 1.41948 378.996
###32: move_cursor -id 0 1.37499 378.996
###33: move_cursor -id 0 1.33189 378.996
###34: move_cursor -id 0 1.29015 378.996
###35: move_cursor -id 0 1.24971 378.996
###36: move_cursor -id 0 1.21054 378.996
###37: move_cursor -id 0 1.1726 378.996
###38: move_cursor -id 0 1.13585 378.996
###39: move_cursor -id 0 1.10025 378.996
###40: move_cursor -id 0 1.06576 378.996
###41: move_cursor -id 0 1.03236 378.996
###42: move_cursor -id 0 1 378.996
###43: move_cursor -id 0 1 377.171
###44: move_cursor -id 0 1.03236 375.345
###45: move_cursor -id 0 1.61231 371.693
###46: move_cursor -id 0 3.24866 362.564
###47: move_cursor -id 0 7.92391 360.738
###48: move_cursor -id 0 25.7421 355.26
###49: move_cursor -id 0 122.548 340.653
###50: move_cursor -id 0 802.17 320.568
###51: move_cursor -id 0 5777.19 305.961
###52: move_cursor -id 0 41607 291.354
###53: move_cursor -id 0 272350 278.573
###54: move_cursor -id 0 1.56953e+06 258.489
###55: move_cursor -id 0 6.79112e+06 249.359
###56: move_cursor -id 0 2.2062e+07 234.752
###57: move_cursor -id 0 4.30598e+07 229.275
###58: move_cursor -id 0 5.7351e+07 229.275
###59: move_cursor -id 0 6.31001e+07 227.449
###60: move_cursor -id 0 6.31001e+07 229.275
###61: move_cursor -id 0 6.51419e+07 229.275
###62: move_cursor -id 0 6.72496e+07 229.275
###63: move_cursor -id 0 7.39911e+07 229.275
###64: move_cursor -id 0 7.63852e+07 231.101
###65: move_cursor -id 0 7.88568e+07 232.926
###66: move_cursor -id 0 7.63852e+07 232.926
###67: move_cursor -id 0 7.39911e+07 232.926
###68: move_cursor -id 0 7.1672e+07 232.926
###69: move_cursor -id 0 6.72496e+07 234.752
###70: move_cursor -id 0 6.11224e+07 234.752
###71: move_cursor -id 0 5.55534e+07 234.752
###72: move_cursor -id 0 5.04919e+07 234.752
###73: move_cursor -id 0 4.89093e+07 236.578
###74: move_cursor -id 0 4.58915e+07 238.404
###75: move_cursor -id 0 4.44531e+07 238.404
###76: move_cursor -id 0 4.30598e+07 238.404
###77: move_cursor -id 0 4.17102e+07 240.23
###78: move_cursor -id 0 4.30598e+07 236.578
###79: move_cursor -id 0 4.44531e+07 234.752
###80: move_cursor -id 0 4.58915e+07 234.752
###81: move_cursor -id 0 4.58915e+07 232.926
###82: move_cursor -id 0 4.73764e+07 232.926
###83: move_cursor -id 0 5.04919e+07 232.926
###84: move_cursor -id 0 5.04919e+07 231.101
###85: move_cursor -id 0 5.21256e+07 231.101
###86: move_cursor -id 0 5.38122e+07 229.275
###87: move_cursor -id 0 5.55534e+07 229.275
###88: move_cursor -id 0 5.55534e+07 231.101
###89: move_cursor -id 0 5.38122e+07 232.926
###90: move_cursor -id 0 5.21256e+07 234.752
###91: move_cursor -id 0 5.04919e+07 236.578
###92: move_cursor -id 0 4.89093e+07 238.404
###93: move_cursor -id 0 4.89093e+07 236.578
###94: move_cursor -id 0 5.04919e+07 234.752
###95: move_cursor -id 0 5.21256e+07 234.752
###96: move_cursor -id 0 5.55534e+07 231.101
###97: move_cursor -id 0 5.92067e+07 229.275
###98: move_cursor -id 0 6.11224e+07 229.275
###99: move_cursor -id 0 5.92067e+07 229.275
###100: move_cursor -id 0 5.7351e+07 229.275
###101: move_cursor -id 0 5.55534e+07 229.275
###102: move_cursor -id 0 5.38122e+07 229.275
###103: move_cursor -id 0 5.21256e+07 232.926
###104: move_cursor -id 0 5.21256e+07 234.752
###105: move_cursor -id 0 5.04919e+07 234.752
###106: move_cursor -id 0 4.89093e+07 234.752
###107: move_cursor -id 0 5.04919e+07 232.926
###108: move_cursor -id 0 5.21256e+07 232.926
###109: move_cursor -id 0 5.21256e+07 231.101
###110: move_cursor -id 0 5.38122e+07 231.101
###111: move_cursor -id 0 5.55534e+07 231.101
###112: move_cursor -id 0 5.55534e+07 232.926
###113: move_cursor -id 0 5.55534e+07 234.752
###114: move_cursor -id 0 5.38122e+07 234.752
###115: exit
exit
