###1: cross_probe -file /tmp/plotjzT1Zv
cross_probe -file /tmp/plotjzT1Zv OK
###2: open_file /home/undergrad19_exam/liujilong_exam/simulation/liujilong_exam/final_Question1_schematic_ALPS/final_Question1_schematic_Nominal.sp.sim/final_Question1_schematic_Nominal.sp.ac0
open_file final_Question1_schematic_Nominal.sp.ac0: OK
###3: add_panel 0
add_panel :0
###4: open_wave -group /home/undergrad19_exam/liujilong_exam/simulation/liujilong_exam/final_Question1_schematic_ALPS/final_Question1_schematic_Nominal.sp.sim/final_Question1_schematic_Nominal.sp.ac0,0,isub\(xi1.iout\)
###5: chaxis Log10
final_Question1_schematic_Nominal.sp.ac0     isub(xi1.iout)   Nominal datas:
###6: chaxis -plot 1 -axis 0 Linear
final_Question1_schematic_Nominal.sp.ac0     isub(xi1.iout)   Nominal datas:
###7: add_cursor -y
add_cursor -y result: 1
###8: add_cursor -x
add_cursor -x result: 2
###9: move_cursor -id 1 2342.8 34.4642
###10: move_cursor -id 1 2844.32 33.9083
###11: move_cursor -id 1 3566.66 33.6304
###12: move_cursor -id 1 4927.97 33.3524
###13: move_cursor -id 1 6808.84 32.7966
###14: move_cursor -id 1 9716.72 31.9627
###15: move_cursor -id 1 13425.3 31.4069
###16: move_cursor -id 1 24813.9 30.2951
###17: move_cursor -id 1 50534.5 28.6275
###18: move_cursor -id 1 99641.4 28.0716
###19: move_cursor -id 1 196468 26.9599
###20: move_cursor -id 1 375062 25.8481
###21: move_cursor -id 1 629147 25.2923
###22: move_cursor -id 1 897838 25.0143
###23: move_cursor -id 1 1.32338e+06 23.9026
###24: move_cursor -id 1 1.77031e+06 23.6246
###25: move_cursor -id 1 2.69511e+06 23.0688
###26: move_cursor -id 1 3.49061e+06 22.235
###27: move_cursor -id 1 4.10303e+06 22.235
###28: move_cursor -id 1 5.14504e+06 22.235
###29: move_cursor -id 1 6.04771e+06 21.957
###30: move_cursor -id 1 7.10876e+06 21.6791
###31: move_cursor -id 1 8.09015e+06 21.6791
###32: move_cursor -id 1 8.63053e+06 21.6791
###33: move_cursor -id 1 8.63053e+06 21.4011
###34: move_cursor -id 1 8.91411e+06 21.4011
###35: move_cursor -id 1 9.20701e+06 21.4011
###36: move_cursor -id 1 9.82199e+06 21.4011
###37: move_cursor -id 1 1.08223e+07 21.1232
###38: move_cursor -id 1 1.23164e+07 21.1232
###39: move_cursor -id 1 1.4953e+07 20.8453
###40: move_cursor -id 1 1.75764e+07 20.8453
###41: move_cursor -id 1 2.1339e+07 20.0115
###42: move_cursor -id 1 2.76374e+07 19.7335
###43: move_cursor -id 1 3.5795e+07 18.8997
###44: move_cursor -id 1 4.20751e+07 18.8997
###45: move_cursor -id 1 4.78836e+07 18.6218
###46: move_cursor -id 1 5.27605e+07 18.6218
###47: move_cursor -id 1 5.62847e+07 18.6218
###48: move_cursor -id 1 6.00442e+07 18.3438
###49: move_cursor -id 1 6.40549e+07 18.0659
###50: move_cursor -id 1 6.61596e+07 18.0659
###51: move_cursor -id 1 6.61596e+07 17.788
###52: move_cursor -id 1 6.83335e+07 17.788
###53: move_cursor -id 1 7.05787e+07 17.788
###54: move_cursor -id 1 7.05787e+07 17.51
###55: move_cursor -id 1 7.28978e+07 17.51
###56: move_cursor -id 1 7.52931e+07 17.51
###57: move_cursor -id 1 7.77671e+07 17.51
###58: move_cursor -id 1 8.29615e+07 17.51
###59: move_cursor -id 1 8.56875e+07 17.2321
###60: move_cursor -id 1 8.56875e+07 16.9542
###61: move_cursor -id 1 8.8503e+07 16.9542
###62: move_cursor -id 1 9.1411e+07 16.9542
###63: move_cursor -id 1 9.44146e+07 16.9542
###64: move_cursor -id 1 9.75168e+07 16.6762
###65: move_cursor -id 1 1.00721e+08 16.6762
###66: move_cursor -id 1 1.04031e+08 16.6762
###67: move_cursor -id 1 1.07449e+08 16.3983
###68: move_cursor -id 1 1.10979e+08 16.3983
###69: move_cursor -id 1 1.14626e+08 16.3983
###70: move_cursor -id 1 1.18392e+08 16.3983
###71: move_cursor -id 1 1.22282e+08 16.3983
###72: move_cursor -id 1 1.263e+08 16.3983
###73: move_cursor -id 1 1.3045e+08 16.1203
###74: move_cursor -id 1 1.18392e+08 16.1203
###75: move_cursor -id 1 1.07449e+08 16.1203
###76: move_cursor -id 1 1.00721e+08 16.1203
###77: move_cursor -id 1 9.44146e+07 16.1203
###78: move_cursor -id 1 8.56875e+07 16.1203
###79: move_cursor -id 1 7.77671e+07 16.1203
###80: chaxis -plot 1 -axis 0 DB20
###81: move_cursor -id 1 9.81748e+07 28.9054
###82: move_cursor -id 1 9.4973e+07 28.9054
###83: move_cursor -id 1 9.18756e+07 28.6275
###84: move_cursor -id 1 8.88792e+07 28.6275
###85: move_cursor -id 1 8.31764e+07 28.3496
###86: move_cursor -id 1 8.04637e+07 28.3496
###87: move_cursor -id 1 7.53009e+07 28.3496
###88: move_cursor -id 1 7.2845e+07 28.3496
###89: move_cursor -id 1 6.81711e+07 28.3496
###90: move_cursor -id 1 6.59478e+07 28.0716
###91: move_cursor -id 1 6.17163e+07 28.0716
###92: move_cursor -id 1 5.97035e+07 28.0716
###93: move_cursor -id 1 5.77564e+07 28.0716
###94: move_cursor -id 1 5.58727e+07 28.0716
###95: move_cursor -id 1 5.22878e+07 28.0716
###96: move_cursor -id 1 5.05825e+07 28.0716
###97: move_cursor -id 1 4.89328e+07 28.0716
###98: move_cursor -id 1 4.73369e+07 28.0716
###99: move_cursor -id 1 4.57931e+07 27.7937
###100: move_cursor -id 1 4.42996e+07 27.7937
###101: move_cursor -id 1 4.14572e+07 27.7937
###102: move_cursor -id 1 3.87972e+07 27.7937
###103: move_cursor -id 1 3.75319e+07 27.5158
###104: move_cursor -id 1 3.63078e+07 27.5158
###105: move_cursor -id 1 3.51237e+07 27.5158
###106: move_cursor -id 1 3.39782e+07 27.5158
###107: move_cursor -id 1 3.287e+07 27.5158
###108: move_cursor -id 1 3.0761e+07 27.5158
###109: move_cursor -id 1 2.97577e+07 27.5158
###110: move_cursor -id 1 2.78484e+07 27.5158
###111: move_cursor -id 1 2.69401e+07 27.5158
###112: move_cursor -id 1 2.52116e+07 27.5158
###113: move_cursor -id 1 2.13599e+07 27.5158
###114: move_cursor -id 1 1.80967e+07 27.5158
###115: move_cursor -id 1 1.58489e+07 27.5158
###116: move_cursor -id 1 1.25661e+07 27.5158
###117: move_cursor -id 1 9.01986e+06 27.5158
###118: move_cursor -id 1 5.86138e+06 27.5158
###119: move_cursor -id 1 3.56451e+06 27.5158
###120: move_cursor -id 1 2.39442e+06 27.5158
###121: move_cursor -id 1 1.83654e+06 27.5158
###122: move_cursor -id 1 1.40864e+06 27.5158
###123: move_cursor -id 1 1.19344e+06 27.5158
###124: move_cursor -id 1 1.11686e+06 27.5158
###125: move_cursor -id 1 1.08044e+06 27.5158
###126: move_cursor -id 1 1.0452e+06 27.5158
###127: move_cursor -id 1 978138 28.0716
###128: move_cursor -id 1 946237 28.0716
###129: move_cursor -id 1 915377 28.0716
###130: move_cursor -id 1 885523 28.0716
###131: move_cursor -id 1 856643 28.0716
###132: move_cursor -id 1 915377 28.0716
###133: move_cursor -id 1 1.01111e+06 28.0716
###134: move_cursor -id 1 1.11686e+06 28.0716
###135: move_cursor -id 1 1.23367e+06 28.0716
###136: move_cursor -id 1 1.45613e+06 28.0716
###137: move_cursor -id 1 1.60842e+06 28.3496
###138: move_cursor -id 1 2.02862e+06 28.3496
###139: move_cursor -id 1 2.64484e+06 28.3496
###140: move_cursor -id 1 3.44826e+06 28.3496
###141: move_cursor -id 1 4.34911e+06 28.3496
###142: move_cursor -id 1 5.4853e+06 28.3496
###143: move_cursor -id 1 6.47441e+06 28.3496
###144: move_cursor -id 1 7.64188e+06 28.3496
###145: move_cursor -id 1 8.72569e+06 28.3496
###146: move_cursor -id 1 9.63829e+06 28.3496
###147: move_cursor -id 1 1.10053e+07 28.3496
###148: move_cursor -id 1 1.13763e+07 28.3496
###149: move_cursor -id 1 1.25661e+07 28.3496
###150: move_cursor -id 1 1.38803e+07 28.3496
###151: move_cursor -id 1 1.63832e+07 28.3496
###152: move_cursor -id 1 1.80967e+07 28.3496
###153: move_cursor -id 1 2.06633e+07 28.3496
###154: move_cursor -id 1 2.28244e+07 28.3496
###155: move_cursor -id 1 2.69401e+07 28.0716
###156: move_cursor -id 1 2.97577e+07 28.0716
###157: move_cursor -id 1 3.39782e+07 27.7937
###158: move_cursor -id 1 3.51237e+07 27.7937
###159: move_cursor -id 1 3.87972e+07 27.7937
###160: move_cursor -id 1 4.42996e+07 27.2378
###161: move_cursor -id 1 5.22878e+07 27.2378
###162: move_cursor -id 1 6.17163e+07 26.6819
###163: move_cursor -id 1 7.04693e+07 26.6819
###164: move_cursor -id 1 8.04637e+07 26.404
###165: move_cursor -id 1 8.88792e+07 26.404
###166: move_cursor -id 1 9.4973e+07 26.404
###167: move_cursor -id 1 1.04906e+08 26.1261
###168: move_cursor -id 1 1.08443e+08 26.1261
###169: move_cursor -id 1 1.12099e+08 26.1261
###170: move_cursor -id 1 1.23823e+08 25.8481
###171: move_cursor -id 1 1.36773e+08 25.2923
###172: move_cursor -id 1 1.41384e+08 25.0143
###173: move_cursor -id 1 1.4615e+08 25.0143
###174: move_cursor -id 1 1.51078e+08 25.0143
###175: move_cursor -id 1 1.56171e+08 25.0143
###176: move_cursor -id 1 1.61436e+08 25.0143
###177: move_cursor -id 1 1.56171e+08 25.0143
###178: move_cursor -id 1 1.51078e+08 25.0143
###179: move_cursor -id 1 1.41384e+08 25.0143
###180: move_cursor -id 1 1.36773e+08 25.0143
###181: move_cursor -id 1 1.23823e+08 25.0143
###182: move_cursor -id 1 1.04906e+08 25.0143
###183: move_cursor -id 1 8.31764e+07 25.0143
###184: move_cursor -id 1 6.81711e+07 25.0143
###185: move_cursor -id 1 5.77564e+07 25.5702
###186: move_cursor -id 1 4.73369e+07 25.5702
###187: move_cursor -id 1 3.87972e+07 25.8481
###188: move_cursor -id 1 3.287e+07 25.8481
###189: move_cursor -id 1 2.60615e+07 26.1261
###190: move_cursor -id 1 2.06633e+07 26.404
###191: move_cursor -id 1 1.58489e+07 26.404
###192: move_cursor -id 1 1.13763e+07 27.2378
###193: move_cursor -id 1 6.47441e+06 28.0716
###194: move_cursor -id 1 5.13334e+06 28.3496
###195: move_cursor -id 1 3.8089e+06 28.3496
###196: move_cursor -id 1 2.82618e+06 28.6275
###197: move_cursor -id 1 2.09701e+06 29.1834
###198: move_cursor -id 1 1.77664e+06 29.1834
###199: move_cursor -id 1 1.40864e+06 29.4613
###200: move_cursor -id 1 1.19344e+06 29.7392
###201: move_cursor -id 1 978138 29.7392
###202: move_cursor -id 1 828705 29.7392
###203: move_cursor -id 1 775532 29.7392
###204: move_cursor -id 1 702102 29.7392
###205: move_cursor -id 1 679204 29.7392
###206: move_cursor -id 1 657052 29.7392
###207: move_cursor -id 1 614894 30.0172
###208: move_cursor -id 1 575440 30.0172
###209: move_cursor -id 1 538518 30.0172
###210: move_cursor -id 1 520955 30.0172
###211: move_cursor -id 1 503965 30.0172
###212: move_cursor -id 1 487528 30.0172
###213: move_cursor -id 1 471628 30.0172
###214: move_cursor -id 1 456247 30.0172
###215: move_cursor -id 1 441367 30.0172
###216: move_cursor -id 1 456247 30.0172
###217: move_cursor -id 1 503965 30.0172
###218: move_cursor -id 1 575440 30.0172
###219: move_cursor -id 1 750240 30.0172
###220: move_cursor -id 1 1.08044e+06 30.0172
###221: move_cursor -id 1 1.40864e+06 30.0172
###222: move_cursor -id 1 2.09701e+06 30.0172
###223: move_cursor -id 1 3.68468e+06 30.0172
###224: move_cursor -id 1 6.05899e+06 30.0172
###225: move_cursor -id 1 1.25661e+07 29.4613
###226: move_cursor -id 1 2.43893e+07 28.6275
###227: move_cursor -id 1 4.14572e+07 27.2378
###228: move_cursor -id 1 6.59478e+07 26.1261
###229: move_cursor -id 1 1.08443e+08 25.2923
###230: move_cursor -id 1 1.41384e+08 24.4584
###231: move_cursor -id 1 1.7832e+08 24.1805
###232: move_cursor -id 1 2.0361e+08 23.3467
###233: move_cursor -id 1 2.32488e+08 23.0688
###234: move_cursor -id 1 2.40326e+08 23.0688
###235: move_cursor -id 1 2.65461e+08 22.5129
###236: move_cursor -id 1 2.7441e+08 22.5129
###237: move_cursor -id 1 2.93224e+08 22.235
###238: move_cursor -id 1 3.13329e+08 21.957
###239: move_cursor -id 1 3.23892e+08 21.957
###240: move_cursor -id 1 3.34811e+08 21.957
###241: move_cursor -id 1 3.34811e+08 21.6791
###242: move_cursor -id 1 3.46099e+08 21.4011
###243: move_cursor -id 1 3.57767e+08 21.4011
###244: move_cursor -id 1 3.69828e+08 21.1232
###245: move_cursor -id 1 3.82296e+08 20.8453
###246: move_cursor -id 1 3.82296e+08 20.5673
###247: move_cursor -id 1 3.95185e+08 20.2894
###248: move_cursor -id 1 4.08507e+08 20.0115
###249: move_cursor -id 1 4.2228e+08 19.7335
###250: move_cursor -id 1 4.36516e+08 19.7335
###251: move_cursor -id 1 4.36516e+08 19.4556
###252: move_cursor -id 1 4.66445e+08 19.1776
###253: move_cursor -id 1 4.66445e+08 18.8997
###254: move_cursor -id 1 4.66445e+08 18.6218
###255: move_cursor -id 1 4.66445e+08 18.3438
###256: move_cursor -id 1 4.8217e+08 18.3438
###257: move_cursor -id 1 4.8217e+08 17.788
###258: move_cursor -id 1 4.8217e+08 17.51
###259: move_cursor -id 1 4.8217e+08 17.2321
###260: move_cursor -id 1 4.8217e+08 16.9542
###261: move_cursor -id 1 4.8217e+08 16.6762
###262: move_cursor -id 1 4.66445e+08 16.3983
###263: move_cursor -id 1 4.66445e+08 16.1203
###264: move_cursor -id 1 4.66445e+08 15.8424
###265: move_cursor -id 1 4.51232e+08 15.5645
###266: move_cursor -id 1 3.82296e+08 15.8424
###267: move_cursor -id 1 3.34811e+08 16.9542
###268: move_cursor -id 1 2.65461e+08 17.51
###269: move_cursor -id 1 1.84332e+08 18.8997
###270: move_cursor -id 1 1.15878e+08 19.7335
###271: move_cursor -id 1 8.31764e+07 20.8453
###272: move_cursor -id 1 6.3797e+07 21.6791
###273: move_cursor -id 1 4.28549e+07 22.5129
###274: move_cursor -id 1 3.0761e+07 23.3467
###275: move_cursor -id 1 1.93375e+07 24.1805
###276: move_cursor -id 1 1.25661e+07 24.7364
###277: move_cursor -id 1 9.63829e+06 25.0143
###278: move_cursor -id 1 6.69268e+06 25.0143
###279: move_cursor -id 1 5.13334e+06 25.5702
###280: move_cursor -id 1 3.93731e+06 26.1261
###281: move_cursor -id 1 3.22701e+06 26.1261
###282: move_cursor -id 1 2.92146e+06 26.1261
###283: move_cursor -id 1 2.64484e+06 26.1261
###284: move_cursor -id 1 2.55859e+06 26.1261
###285: move_cursor -id 1 2.47514e+06 26.1261
###286: move_cursor -id 1 2.39442e+06 26.1261
###287: move_cursor -id 1 2.31633e+06 26.1261
###288: move_cursor -id 1 2.09701e+06 26.1261
###289: move_cursor -id 1 1.83654e+06 25.5702
###290: move_cursor -id 1 1.55597e+06 25.5702
###291: move_cursor -id 1 1.19344e+06 25.0143
###292: move_cursor -id 1 915377 24.7364
###293: move_cursor -id 1 575440 24.7364
###294: move_cursor -id 1 306478 24.7364
###295: move_cursor -id 1 142955 24.7364
###296: move_cursor -id 1 60367.1 24.7364
###297: move_cursor -id 1 23078.1 24.7364
###298: move_cursor -id 1 9745.41 24.7364
###299: move_cursor -id 1 3725.63 24.7364
###300: move_cursor -id 1 1332.91 24.7364
###301: move_cursor -id 1 461.318 24.7364
###302: move_cursor -id 1 135.27 24.7364
###303: move_cursor -id 1 42.3838 24.7364
###304: move_cursor -id 1 13.7278 24.7364
###305: move_cursor -id 1 5.425 24.7364
###306: move_cursor -id 1 2.61577 24.7364
###307: move_cursor -id 1 1.53886 24.7364
###308: move_cursor -id 1 1.10459 24.7364
###309: move_cursor -id 1 1 24.7364
###310: move_cursor -id 1 1.10459 24.7364
###311: move_cursor -id 1 1.22011 24.7364
###312: move_cursor -id 1 1.34772 24.7364
###313: move_cursor -id 1 1.53886 25.0143
###314: move_cursor -id 1 1.87759 25.0143
###315: move_cursor -id 1 2.44794 25.0143
###316: move_cursor -id 1 3.52533 25.0143
###317: move_cursor -id 1 5.07692 25.0143
###318: move_cursor -id 1 8.34834 25.0143
###319: move_cursor -id 1 15.6747 25.0143
###320: move_cursor -id 1 24.1213 25.0143
###321: move_cursor -id 1 39.6643 25.0143
###322: move_cursor -id 1 57.1216 25.0143
###323: move_cursor -id 1 76.9839 25.0143
###324: move_cursor -id 1 100.369 25.0143
###325: move_cursor -id 1 114.604 25.0143
###326: move_cursor -id 1 144.544 25.0143
###327: move_cursor -id 1 182.306 24.7364
###328: move_cursor -id 1 245.697 24.1805
###329: move_cursor -id 1 390.841 23.9026
###330: move_cursor -id 1 686.752 23.3467
###331: move_cursor -id 1 1289.44 23.3467
###332: move_cursor -id 1 2421.03 23.3467
###333: move_cursor -id 1 4698.94 22.7908
###334: move_cursor -id 1 10074 22.7908
###335: move_cursor -id 1 16565.3 22.235
###336: move_cursor -id 1 35514 21.957
###337: move_cursor -id 1 66680.7 21.957
###338: move_cursor -id 1 133783 21.1232
###339: move_cursor -id 1 235072 21.1232
###340: move_cursor -id 1 503965 20.0115
###341: move_cursor -id 1 915377 20.0115
###342: move_cursor -id 1 1.55597e+06 20.0115
###343: move_cursor -id 1 2.64484e+06 19.4556
###344: move_cursor -id 1 5.86138e+06 18.8997
###345: move_cursor -id 1 1.13763e+07 18.3438
###346: move_cursor -id 1 1.80967e+07 17.788
###347: move_cursor -id 1 2.69401e+07 16.3983
###348: move_cursor -id 1 4.14572e+07 15.0086
###349: move_cursor -id 1 4.57931e+07 15.0086
###350: move_cursor -id 1 4.89328e+07 15.0086
###351: move_cursor -id 1 5.05825e+07 15.0086
