###1: cross_probe -file /tmp/plotgxvkzz
cross_probe -file /tmp/plotgxvkzz OK
###2: open_file /home/undergrad19_exam/lihaoran_exam/simulation/lihaoran_exam/competition_testbench_schematic_ALPS/competition_testbench_schematic_Nominal.sp.sim/competition_testbench_schematic_Nominal.sp.ac0
open_file competition_testbench_schematic_Nominal.sp.ac0: OK
###3: calc &f<0>::s<v(vout)>@0#&/&f<0>::s<v(vinn)>@0#&
calc "f<0>::s<v(vout)>[0]"/"f<0>::s<v(vinn)>[0]" :121
###4: add_panel -1
add_panel :0
###5: open_wave -group Doc_Not_Found,0,_calc_wfs_\(0\)
###6: chaxis Log10
"f<0>::s<v(vout)>[0]"/"f<0>::s<v(vinn)>[0]"     Loop_Gain   Nominal datas:
###7: chaxis -plot 1 -axis 0 Linear
"f<0>::s<v(vout)>[0]"/"f<0>::s<v(vinn)>[0]"     Loop_Gain   Nominal datas:
###8: chaxis -plot 1 -axis 0 DB20
###9: add_cursor -x
add_cursor -x result: 1
###10: move_cursor -id 0 146333 271.901
###11: move_cursor -id 0 140044 271.901
###12: move_cursor -id 0 128265 271.901
###13: move_cursor -id 0 109986 271.901
###14: move_cursor -id 0 90257.8 271.901
###15: move_cursor -id 0 72459.5 270.115
###16: move_cursor -id 0 58170.9 270.115
###17: move_cursor -id 0 40044.6 270.115
###18: move_cursor -id 0 26381.8 264.755
###19: move_cursor -id 0 17003 264.755
###20: move_cursor -id 0 9192.51 259.395
###21: move_cursor -id 0 4969.85 259.395
###22: move_cursor -id 0 2807.57 255.822
###23: move_cursor -id 0 1731.7 255.822
###24: move_cursor -id 0 1245.63 255.822
###25: move_cursor -id 0 1068.11 255.822
###26: move_cursor -id 0 1000 255.822
###27: move_cursor -id 0 1000 254.035
###28: move_cursor -id 0 1000 252.249
###29: move_cursor -id 0 1330.47 245.103
###30: move_cursor -id 0 1731.7 239.743
###31: move_cursor -id 0 2571.43 229.023
###32: move_cursor -id 0 3574.86 220.09
###33: move_cursor -id 0 5193.04 212.944
###34: move_cursor -id 0 7543.68 205.797
###35: move_cursor -id 0 10487.4 196.864
###36: move_cursor -id 0 15234.6 187.931
###37: move_cursor -id 0 22130.5 180.785
###38: move_cursor -id 0 29444.1 173.639
###39: move_cursor -id 0 40044.6 161.133
###40: move_cursor -id 0 50988.5 155.773
###41: move_cursor -id 0 66365.1 145.053
###42: move_cursor -id 0 84502.2 137.907
###43: move_cursor -id 0 109986 127.187
###44: move_cursor -id 0 143154 116.468
###45: move_cursor -id 0 207953 105.748
###46: move_cursor -id 0 282820 96.8151
###47: move_cursor -id 0 344636 89.6687
###48: move_cursor -id 0 419963 84.3089
###49: move_cursor -id 0 546612 73.5894
###50: move_cursor -id 0 711453 64.6564
###51: move_cursor -id 0 886208 57.51
###52: move_cursor -id 0 1.15346e+06 43.2172
###53: move_cursor -id 0 1.31594e+06 39.644
###54: move_cursor -id 0 1.4687e+06 34.2843
###55: move_cursor -id 0 1.67558e+06 30.7111
###56: move_cursor -id 0 1.87008e+06 25.3513
###57: move_cursor -id 0 2.13351e+06 21.7781
###58: move_cursor -id 0 2.43404e+06 14.6317
###59: move_cursor -id 0 2.54335e+06 11.0585
###60: move_cursor -id 0 2.83857e+06 5.69874
###61: move_cursor -id 0 3.16807e+06 2.12555
###62: move_cursor -id 0 3.53582e+06 -1.44765
###63: move_cursor -id 0 3.94625e+06 -3.23424
###64: move_cursor -id 0 4.50213e+06 -6.80743
###65: move_cursor -id 0 4.91557e+06 -15.7404
###66: move_cursor -id 0 5.73253e+06 -19.3136
###67: move_cursor -id 0 6.54004e+06 -21.1002
###68: move_cursor -id 0 6.98549e+06 -24.6734
###69: move_cursor -id 0 7.2992e+06 -26.46
###70: move_cursor -id 0 7.79636e+06 -28.2466
###71: move_cursor -id 0 8.51232e+06 -31.8198
###72: move_cursor -id 0 9.29402e+06 -35.393
###73: move_cursor -id 0 9.71139e+06 -37.1796
###74: move_cursor -id 0 1.08387e+07 -40.7527
###75: move_cursor -id 0 1.10794e+07 -40.7527
###76: move_cursor -id 0 1.15769e+07 -40.7527
###77: move_cursor -id 0 1.20968e+07 -40.7527
###78: move_cursor -id 0 1.29208e+07 -40.7527
###79: move_cursor -id 0 1.3501e+07 -42.5393
###80: move_cursor -id 0 1.44206e+07 -46.1125
###81: move_cursor -id 0 1.47408e+07 -46.1125
###82: move_cursor -id 0 1.57448e+07 -47.8991
###83: move_cursor -id 0 1.68173e+07 -47.8991
###84: move_cursor -id 0 1.68173e+07 -49.6857
###85: move_cursor -id 0 1.75725e+07 -51.4723
###86: move_cursor -id 0 1.79627e+07 -51.4723
###87: move_cursor -id 0 1.83616e+07 -53.2589
###88: move_cursor -id 0 1.87694e+07 -55.0455
###89: move_cursor -id 0 1.91862e+07 -55.0455
###90: move_cursor -id 0 1.96123e+07 -55.0455
###91: move_cursor -id 0 2.09481e+07 -58.6187
###92: move_cursor -id 0 2.14133e+07 -58.6187
###93: move_cursor -id 0 2.14133e+07 -60.4053
###94: move_cursor -id 0 2.23749e+07 -60.4053
###95: move_cursor -id 0 2.33797e+07 -60.4053
###96: move_cursor -id 0 2.38989e+07 -60.4053
###97: move_cursor -id 0 2.55267e+07 -62.1919
###98: move_cursor -id 0 2.66731e+07 -62.1919
###99: move_cursor -id 0 2.72654e+07 -62.1919
###100: move_cursor -id 0 2.78709e+07 -62.1919
###101: move_cursor -id 0 2.97692e+07 -62.1919
###102: move_cursor -id 0 3.04303e+07 -63.9785
###103: move_cursor -id 0 3.17969e+07 -63.9785
###104: move_cursor -id 0 3.2503e+07 -63.9785
###105: move_cursor -id 0 3.39627e+07 -63.9785
###106: move_cursor -id 0 3.47169e+07 -63.9785
###107: move_cursor -id 0 3.54878e+07 -63.9785
###108: move_cursor -id 0 3.62759e+07 -65.7651
###109: move_cursor -id 0 3.70815e+07 -65.7651
###110: move_cursor -id 0 3.7905e+07 -65.7651
###111: move_cursor -id 0 3.87468e+07 -65.7651
###112: move_cursor -id 0 3.96072e+07 -65.7651
###113: move_cursor -id 0 4.04868e+07 -65.7651
###114: move_cursor -id 0 4.23049e+07 -65.7651
###115: move_cursor -id 0 4.42048e+07 -65.7651
###116: move_cursor -id 0 4.51864e+07 -65.7651
###117: move_cursor -id 0 4.72156e+07 -65.7651
###118: move_cursor -id 0 4.82642e+07 -65.7651
###119: move_cursor -id 0 5.04316e+07 -65.7651
###120: move_cursor -id 0 5.15515e+07 -65.7651
###121: move_cursor -id 0 5.50628e+07 -65.7651
###122: move_cursor -id 0 5.62856e+07 -65.7651
###123: move_cursor -id 0 5.75356e+07 -65.7651
###124: move_cursor -id 0 5.88133e+07 -65.7651
###125: move_cursor -id 0 6.14544e+07 -65.7651
###126: move_cursor -id 0 6.28192e+07 -65.7651
###127: move_cursor -id 0 6.42142e+07 -65.7651
###128: move_cursor -id 0 6.70979e+07 -65.7651
###129: move_cursor -id 0 6.70979e+07 -67.5517
###130: move_cursor -id 0 6.8588e+07 -67.5517
###131: move_cursor -id 0 7.16681e+07 -67.5517
###132: move_cursor -id 0 7.32597e+07 -65.7651
###133: move_cursor -id 0 7.65496e+07 -65.7651
###134: move_cursor -id 0 7.48865e+07 -65.7651
###135: move_cursor -id 0 7.32597e+07 -65.7651
###136: move_cursor -id 0 7.16681e+07 -65.7651
###137: move_cursor -id 0 6.70979e+07 -65.7651
###138: move_cursor -id 0 6.28192e+07 -65.7651
###139: move_cursor -id 0 6.14544e+07 -65.7651
###140: move_cursor -id 0 5.88133e+07 -65.7651
###141: move_cursor -id 0 5.38666e+07 -65.7651
###142: move_cursor -id 0 5.15515e+07 -65.7651
###143: move_cursor -id 0 4.82642e+07 -65.7651
###144: move_cursor -id 0 4.61899e+07 -65.7651
###145: move_cursor -id 0 4.42048e+07 -65.7651
###146: move_cursor -id 0 4.32444e+07 -65.7651
###147: move_cursor -id 0 4.23049e+07 -65.7651
###148: move_cursor -id 0 4.04868e+07 -65.7651
###149: move_cursor -id 0 4.04868e+07 -67.5517
###150: move_cursor -id 0 3.7905e+07 -67.5517
###151: move_cursor -id 0 3.62759e+07 -67.5517
###152: move_cursor -id 0 3.54878e+07 -67.5517
###153: move_cursor -id 0 3.47169e+07 -67.5517
###154: move_cursor -id 0 3.39627e+07 -69.3383
###155: move_cursor -id 0 3.32248e+07 -69.3383
###156: move_cursor -id 0 3.2503e+07 -69.3383
###157: move_cursor -id 0 3.17969e+07 -69.3383
###158: move_cursor -id 0 3.11061e+07 -69.3383
###159: move_cursor -id 0 3.04303e+07 -69.3383
###160: move_cursor -id 0 2.97692e+07 -69.3383
###161: move_cursor -id 0 2.91225e+07 -69.3383
###162: move_cursor -id 0 2.72654e+07 -69.3383
###163: move_cursor -id 0 2.60936e+07 -69.3383
###164: move_cursor -id 0 2.55267e+07 -69.3383
###165: move_cursor -id 0 2.49722e+07 -69.3383
###166: move_cursor -id 0 2.38989e+07 -72.9115
###167: move_cursor -id 0 2.33797e+07 -72.9115
###168: move_cursor -id 0 2.23749e+07 -72.9115
###169: move_cursor -id 0 2.18888e+07 -72.9115
###170: move_cursor -id 0 2.14133e+07 -72.9115
###171: move_cursor -id 0 2.09481e+07 -72.9115
###172: move_cursor -id 0 2.0493e+07 -72.9115
###173: move_cursor -id 0 2.00478e+07 -72.9115
###174: move_cursor -id 0 1.91862e+07 -72.9115
###175: move_cursor -id 0 1.87694e+07 -72.9115
###176: move_cursor -id 0 1.83616e+07 -72.9115
###177: move_cursor -id 0 1.75725e+07 -72.9115
###178: move_cursor -id 0 1.71907e+07 -72.9115
###179: move_cursor -id 0 1.68173e+07 -72.9115
###180: move_cursor -id 0 1.64519e+07 -72.9115
###181: move_cursor -id 0 1.60945e+07 -72.9115
###182: move_cursor -id 0 1.57448e+07 -72.9115
###183: move_cursor -id 0 1.50682e+07 -72.9115
###184: move_cursor -id 0 1.47408e+07 -72.9115
###185: move_cursor -id 0 1.44206e+07 -72.9115
###186: move_cursor -id 0 1.41073e+07 -72.9115
###187: move_cursor -id 0 1.38008e+07 -72.9115
###188: move_cursor -id 0 1.3501e+07 -72.9115
###189: move_cursor -id 0 1.32077e+07 -72.9115
###190: move_cursor -id 0 1.26401e+07 -72.9115
###191: move_cursor -id 0 1.20968e+07 -72.9115
###192: move_cursor -id 0 1.1834e+07 -72.9115
###193: move_cursor -id 0 1.15769e+07 -72.9115
###194: move_cursor -id 0 1.13254e+07 -72.9115
###195: move_cursor -id 0 1.10794e+07 -72.9115
###196: move_cursor -id 0 1.08387e+07 -72.9115
###197: move_cursor -id 0 1.06032e+07 -72.9115
###198: move_cursor -id 0 1.01475e+07 -72.9115
###199: move_cursor -id 0 9.92705e+06 -72.9115
###200: move_cursor -id 0 9.71139e+06 -72.9115
###201: move_cursor -id 0 9.50041e+06 -72.9115
###202: move_cursor -id 0 9.29402e+06 -72.9115
###203: move_cursor -id 0 9.09211e+06 -72.9115
###204: move_cursor -id 0 8.89458e+06 -72.9115
###205: move_cursor -id 0 8.70135e+06 -72.9115
###206: move_cursor -id 0 8.51232e+06 -72.9115
###207: move_cursor -id 0 8.32739e+06 -72.9115
###208: move_cursor -id 0 8.14648e+06 -72.9115
###209: move_cursor -id 0 7.79636e+06 -74.6981
###210: move_cursor -id 0 7.62699e+06 -74.6981
###211: move_cursor -id 0 7.46129e+06 -74.6981
###212: move_cursor -id 0 7.2992e+06 -74.6981
###213: move_cursor -id 0 6.98549e+06 -74.6981
###214: move_cursor -id 0 6.83374e+06 -74.6981
###215: move_cursor -id 0 6.68527e+06 -74.6981
###216: move_cursor -id 0 6.54004e+06 -74.6981
###217: move_cursor -id 0 6.68527e+06 -74.6981
###218: move_cursor -id 0 6.83374e+06 -74.6981
###219: move_cursor -id 0 6.98549e+06 -74.6981
###220: move_cursor -id 0 7.14062e+06 -74.6981
###221: move_cursor -id 0 7.2992e+06 -74.6981
###222: move_cursor -id 0 7.46129e+06 -74.6981
###223: move_cursor -id 0 7.62699e+06 -74.6981
###224: move_cursor -id 0 7.79636e+06 -74.6981
###225: move_cursor -id 0 7.9695e+06 -74.6981
###226: move_cursor -id 0 8.14648e+06 -74.6981
###227: move_cursor -id 0 8.32739e+06 -74.6981
###228: move_cursor -id 0 8.51232e+06 -74.6981
###229: move_cursor -id 0 8.70135e+06 -74.6981
###230: move_cursor -id 0 8.89458e+06 -74.6981
###231: move_cursor -id 0 9.09211e+06 -74.6981
###232: move_cursor -id 0 9.29402e+06 -74.6981
###233: move_cursor -id 0 9.50041e+06 -74.6981
###234: move_cursor -id 0 9.71139e+06 -74.6981
###235: move_cursor -id 0 9.92705e+06 -74.6981
###236: move_cursor -id 0 1.01475e+07 -74.6981
###237: move_cursor -id 0 1.06032e+07 -74.6981
###238: exit
exit
