###1: exit
exit
e -file /tmp/plot9a3d51
cross_probe -file /tmp/plot9a3d51 OK
###2: open_file /home/undergrad19_exam/yangwenshuo_exam/simulation/yangwenshuo_exam/competition_testbench_schematic_ALPS/competition_testbench_schematic_Nominal.sp.sim/competition_testbench_schematic_Nominal.sp.ac0
open_file competition_testbench_schematic_Nominal.sp.ac0: OK
###3: calc &f<0>::s<v(vout)>@0#&/&f<0>::s<v(vinn)>@0#&
calc "f<0>::s<v(vout)>[0]"/"f<0>::s<v(vinn)>[0]" :121
###4: add_panel -1
add_panel :0
###5: open_wave -group Doc_Not_Found,0,_calc_wfs_\(0\)
###6: chaxis Log10
"f<0>::s<v(vout)>[0]"/"f<0>::s<v(vinn)>[0]"     Loop_Gain   Nominal datas:
###7: chaxis -plot 1 -axis 0 Linear
"f<0>::s<v(vout)>[0]"/"f<0>::s<v(vinn)>[0]"     Loop_Gain   Nominal datas:
###8: chaxis -plot 1 -axis 0 DB20
###9: add_cursor -x
add_cursor -x result: 1
###10: move_cursor -id 0 122752 327.208
###11: move_cursor -id 0 109986 327.208
###12: move_cursor -id 0 90257.8 327.208
###13: move_cursor -id 0 72459.5 327.208
###14: move_cursor -id 0 55670.9 327.208
###15: move_cursor -id 0 36676.5 332.748
###16: move_cursor -id 0 25247.9 332.748
###17: move_cursor -id 0 14903.6 332.748
###18: move_cursor -id 0 8992.8 332.748
###19: move_cursor -id 0 4969.85 332.748
###20: move_cursor -id 0 3574.86 332.748
###21: move_cursor -id 0 2303.99 332.748
###22: move_cursor -id 0 1657.28 332.748
###23: move_cursor -id 0 1245.63 332.748
###24: move_cursor -id 0 1000 332.748
###25: move_cursor -id 0 1000 336.44
###26: move_cursor -id 0 1000 338.287
###27: move_cursor -id 0 1000 330.901
###28: move_cursor -id 0 1273.29 317.976
###29: move_cursor -id 0 2407.45 303.205
###30: move_cursor -id 0 5795.84 292.126
###31: move_cursor -id 0 15918.7 275.508
###32: move_cursor -id 0 40933.9 262.584
###33: move_cursor -id 0 107596 257.044
###34: move_cursor -id 0 295521 240.426
###35: move_cursor -id 0 794038 234.887
###36: move_cursor -id 0 1.82945e+06 227.501
###37: move_cursor -id 0 3.6946e+06 221.962
###38: move_cursor -id 0 5.73253e+06 210.884
###39: move_cursor -id 0 7.46129e+06 210.884
###40: move_cursor -id 0 8.89458e+06 207.191
###41: move_cursor -id 0 9.50041e+06 207.191
###42: move_cursor -id 0 1.01475e+07 207.191
###43: move_cursor -id 0 1.03729e+07 203.498
###44: move_cursor -id 0 1.06032e+07 203.498
###45: move_cursor -id 0 1.13254e+07 199.805
###46: move_cursor -id 0 1.26401e+07 197.959
###47: move_cursor -id 0 1.44206e+07 192.419
###48: move_cursor -id 0 1.75725e+07 192.419
###49: move_cursor -id 0 1.96123e+07 188.727
###50: move_cursor -id 0 2.28718e+07 188.727
###51: move_cursor -id 0 2.60936e+07 185.034
###52: move_cursor -id 0 2.78709e+07 185.034
###53: move_cursor -id 0 2.91225e+07 185.034
###54: move_cursor -id 0 2.97692e+07 185.034
###55: move_cursor -id 0 3.04303e+07 185.034
###56: move_cursor -id 0 3.17969e+07 183.187
###57: move_cursor -id 0 3.2503e+07 183.187
###58: move_cursor -id 0 3.47169e+07 179.495
###59: move_cursor -id 0 3.62759e+07 179.495
###60: move_cursor -id 0 3.70815e+07 179.495
###61: move_cursor -id 0 3.7905e+07 179.495
###62: move_cursor -id 0 3.96072e+07 177.648
###63: move_cursor -id 0 4.13859e+07 175.802
###64: move_cursor -id 0 4.23049e+07 175.802
###65: move_cursor -id 0 4.23049e+07 173.955
###66: move_cursor -id 0 4.32444e+07 173.955
###67: move_cursor -id 0 4.32444e+07 172.109
###68: move_cursor -id 0 4.42048e+07 170.262
###69: move_cursor -id 0 4.51864e+07 170.262
###70: move_cursor -id 0 4.72156e+07 166.57
###71: move_cursor -id 0 4.82642e+07 166.57
###72: move_cursor -id 0 4.82642e+07 164.723
###73: move_cursor -id 0 4.9336e+07 164.723
###74: move_cursor -id 0 5.04316e+07 164.723
###75: move_cursor -id 0 5.26964e+07 166.57
###76: move_cursor -id 0 5.26964e+07 164.723
###77: move_cursor -id 0 5.26964e+07 162.877
###78: move_cursor -id 0 5.26964e+07 161.03
###79: move_cursor -id 0 5.04316e+07 159.184
###80: move_cursor -id 0 4.9336e+07 159.184
###81: move_cursor -id 0 4.9336e+07 157.337
###82: move_cursor -id 0 4.9336e+07 155.491
###83: move_cursor -id 0 4.9336e+07 157.337
###84: move_cursor -id 0 4.9336e+07 159.184
###85: move_cursor -id 0 4.9336e+07 161.03
###86: move_cursor -id 0 4.9336e+07 162.877
###87: move_cursor -id 0 5.04316e+07 164.723
###88: move_cursor -id 0 5.04316e+07 166.57
###89: move_cursor -id 0 5.04316e+07 170.262
###90: move_cursor -id 0 5.04316e+07 172.109
###91: move_cursor -id 0 5.04316e+07 177.648
###92: move_cursor -id 0 5.04316e+07 179.495
###93: move_cursor -id 0 5.26964e+07 179.495
###94: move_cursor -id 0 5.26964e+07 183.187
###95: move_cursor -id 0 4.9336e+07 181.341
###96: move_cursor -id 0 4.9336e+07 183.187
###97: move_cursor -id 0 4.9336e+07 185.034
###98: move_cursor -id 0 4.9336e+07 186.88
###99: move_cursor -id 0 4.9336e+07 190.573
###100: move_cursor -id 0 5.04316e+07 190.573
###101: move_cursor -id 0 5.26964e+07 192.419
###102: move_cursor -id 0 5.26964e+07 196.112
###103: move_cursor -id 0 5.38666e+07 196.112
###104: move_cursor -id 0 5.38666e+07 192.419
###105: move_cursor -id 0 5.26964e+07 192.419
###106: move_cursor -id 0 5.04316e+07 192.419
###107: move_cursor -id 0 5.04316e+07 190.573
###108: exit
exit
