###1: cross_probe -file /tmp/plotm7GiYH
cross_probe -file /tmp/plotm7GiYH OK
###2: open_file /home/undergrad19_exam/shiwen_exam/simulation/shiwen_exam/final_Question2_schematic_ALPS/final_Question2_schematic_Nominal.sp.sim/final_Question2_schematic_Nominal.sp.ac0
open_file final_Question2_schematic_Nominal.sp.ac0: OK
###3: calc &f<0>::s<v(vout)>@0#&/&f<0>::s<v(vinn)>@0#&
calc "f<0>::s<v(vout)>[0]"/"f<0>::s<v(vinn)>[0]" :121
###4: add_panel -1
add_panel :0
###5: open_wave -group Doc_Not_Found,0,_calc_wfs_\(0\)
###6: chaxis Log10
"f<0>::s<v(vout)>[0]"/"f<0>::s<v(vinn)>[0]"     Loop_Gain   Nominal datas:
###7: chaxis -plot 1 -axis 0 Linear
"f<0>::s<v(vout)>[0]"/"f<0>::s<v(vinn)>[0]"     Loop_Gain   Nominal datas:
###8: chaxis -plot 1 -axis 0 DB20
###9: add_cursor -x
add_cursor -x result: 1
###10: move_cursor -id 0 134025 405.402
###11: move_cursor -id 0 137001 401.756
###12: move_cursor -id 0 174443 390.819
###13: move_cursor -id 0 259033 376.235
###14: move_cursor -id 0 429290 358.005
###15: move_cursor -id 0 743403 337.953
###16: move_cursor -id 0 1.37504e+06 321.546
###17: move_cursor -id 0 2.59983e+06 308.786
###18: move_cursor -id 0 4.91557e+06 292.379
###19: move_cursor -id 0 1.01475e+07 274.15
###20: move_cursor -id 0 2.14133e+07 257.743
###21: move_cursor -id 0 4.23049e+07 241.337
###22: move_cursor -id 0 9.12545e+07 223.107
###23: move_cursor -id 0 1.76369e+08 204.878
###24: move_cursor -id 0 3.12202e+08 183.002
###25: move_cursor -id 0 4.63593e+08 173.887
###26: move_cursor -id 0 5.40642e+08 166.596
###27: move_cursor -id 0 5.77466e+08 162.95
###28: move_cursor -id 0 5.9029e+08 162.95
###29: move_cursor -id 0 5.52648e+08 162.95
###30: move_cursor -id 0 4.84412e+08 162.95
###31: move_cursor -id 0 4.15377e+08 162.95
###32: move_cursor -id 0 3.6409e+08 162.95
###33: move_cursor -id 0 3.19135e+08 162.95
###34: move_cursor -id 0 2.92293e+08 162.95
###35: move_cursor -id 0 2.79731e+08 162.95
###36: move_cursor -id 0 2.73654e+08 162.95
###37: move_cursor -id 0 2.67709e+08 162.95
###38: move_cursor -id 0 2.61893e+08 162.95
###39: move_cursor -id 0 2.56203e+08 162.95
###40: move_cursor -id 0 2.50638e+08 162.95
###41: move_cursor -id 0 2.45192e+08 162.95
###42: move_cursor -id 0 2.39866e+08 162.95
###43: move_cursor -id 0 2.29557e+08 162.95
###44: move_cursor -id 0 2.19691e+08 162.95
###45: move_cursor -id 0 2.01213e+08 162.95
###46: move_cursor -id 0 1.88382e+08 162.95
###47: move_cursor -id 0 1.8429e+08 162.95
###48: move_cursor -id 0 1.80286e+08 162.95
###49: move_cursor -id 0 1.76369e+08 162.95
###50: move_cursor -id 0 1.72538e+08 162.95
###51: move_cursor -id 0 1.68789e+08 162.95
###52: move_cursor -id 0 1.58026e+08 162.95
###53: move_cursor -id 0 1.4159e+08 162.95
###54: move_cursor -id 0 1.26864e+08 162.95
###55: move_cursor -id 0 1.13669e+08 162.95
###56: move_cursor -id 0 1.06421e+08 162.95
###57: move_cursor -id 0 1.04109e+08 162.95
###58: move_cursor -id 0 9.96346e+07 161.127
###59: move_cursor -id 0 9.74701e+07 161.127
###60: move_cursor -id 0 9.53525e+07 161.127
###61: move_cursor -id 0 1.06421e+08 429.101
###62: move_cursor -id 0 9.3281e+07 429.101
###63: move_cursor -id 0 8.54353e+07 429.101
###64: move_cursor -id 0 7.99872e+07 429.101
###65: move_cursor -id 0 7.48865e+07 429.101
###66: move_cursor -id 0 7.16681e+07 429.101
###67: move_cursor -id 0 6.8588e+07 429.101
###68: move_cursor -id 0 6.42142e+07 429.101
###69: move_cursor -id 0 5.88133e+07 429.101
###70: move_cursor -id 0 5.15515e+07 425.455
###71: move_cursor -id 0 4.32444e+07 425.455
###72: move_cursor -id 0 3.2503e+07 425.455
###73: move_cursor -id 0 2.28718e+07 425.455
###74: move_cursor -id 0 1.54028e+07 425.455
###75: move_cursor -id 0 1.01475e+07 425.455
###76: move_cursor -id 0 7.14062e+06 425.455
###77: move_cursor -id 0 5.608e+06 421.809
###78: move_cursor -id 0 4.70431e+06 418.163
###79: move_cursor -id 0 4.21504e+06 416.34
###80: move_cursor -id 0 3.94625e+06 416.34
###81: move_cursor -id 0 3.86052e+06 416.34
###82: move_cursor -id 0 3.6946e+06 416.34
###83: move_cursor -id 0 3.6946e+06 414.517
###84: move_cursor -id 0 3.459e+06 414.517
###85: move_cursor -id 0 3.09925e+06 414.517
###86: move_cursor -id 0 2.65756e+06 414.517
###87: move_cursor -id 0 2.04181e+06 414.517
###88: move_cursor -id 0 1.34517e+06 414.517
###89: move_cursor -id 0 680877 425.455
###90: move_cursor -id 0 315649 440.038
###91: move_cursor -id 0 137001 454.622
###92: move_cursor -id 0 44692.9 481.966
###93: move_cursor -id 0 18564.4 491.081
###94: move_cursor -id 0 6759.1 503.842
###95: move_cursor -id 0 3274.19 516.602
###96: move_cursor -id 0 1849.65 531.186
###97: move_cursor -id 0 1452.65 533.009
###98: move_cursor -id 0 1273.29 533.009
###99: move_cursor -id 0 1218.57 534.832
###100: move_cursor -id 0 1301.57 534.832
###101: move_cursor -id 0 1330.47 534.832
###102: move_cursor -id 0 1452.65 534.832
###103: exit
exit
