###1: cross_probe -file /tmp/plotMt2Uoa
cross_probe -file /tmp/plotMt2Uoa OK
###2: open_file /home/undergrad19_exam/zhanghongrui_exam/simulation/zhanghongrui_exam/final_Question2_schematic_ALPS/final_Question2_schematic_Nominal.sp.sim/final_Question2_schematic_Nominal.sp.ac0
open_file final_Question2_schematic_Nominal.sp.ac0: OK
###3: calc &f<0>::s<v(vout)>@0#&/&f<0>::s<v(vinn)>@0#&
calc "f<0>::s<v(vout)>[0]"/"f<0>::s<v(vinn)>[0]" :121
###4: add_panel -1
add_panel :0
###5: calc 2*db10(abs(&f<0>::s<v(vout)>@0#&/&f<0>::s<v(vinn)>@0#&))
calc 2*db10(abs("f<0>::s<v(vout)>[0]"/"f<0>::s<v(vinn)>[0]")) :121
###6: open_wave -group Doc_Not_Found,0,_calc_wfs_\(0\)
###7: chaxis Log10
"f<0>::s<v(vout)>[0]"/"f<0>::s<v(vinn)>[0]"     Loop_Gain   Nominal datas:
###8: chaxis -plot 1 -axis 0 Linear
"f<0>::s<v(vout)>[0]"/"f<0>::s<v(vinn)>[0]"     Loop_Gain   Nominal datas:
###9: open_wave -group Doc_Not_Found,0,_calc_wfs_\(4\)
2*db10(abs("f<0>::s<v(vout)>[0]"/"f<0>::s<v(vinn)>[0]"))     Loop_Gain_dB   Nominal datas:
###10: select_plot 0
select_plot :1
###11: zoom_in 0 3.54365e+07 2.09808e+08 0.00632856 24.0533
yLeft range: 0.00632856~24.0533
Panel uniform X-axis range: 3.54365e+07~ 2.09808e+08
"f<0>::s<v(vout)>[0]"/"f<0>::s<v(vinn)>[0]"     Loop_Gain   Nominal datas:
"f<0>::s<v(vout)>[0]"/"f<0>::s<v(vinn)>[0]"     Loop_Gain   Nominal datas:
2*db10(abs("f<0>::s<v(vout)>[0]"/"f<0>::s<v(vinn)>[0]"))     Loop_Gain_dB   Nominal datas:
###12: zoom_in 0 1.03527e+08 1.23437e+08 0.00632856 4.39586
yLeft range: 0.00632856~4.39586
Panel uniform X-axis range: 1.03527e+08~ 1.23437e+08
"f<0>::s<v(vout)>[0]"/"f<0>::s<v(vinn)>[0]"     Loop_Gain   Nominal datas:
"f<0>::s<v(vout)>[0]"/"f<0>::s<v(vinn)>[0]"     Loop_Gain   Nominal datas:
2*db10(abs("f<0>::s<v(vout)>[0]"/"f<0>::s<v(vinn)>[0]"))     Loop_Gain_dB   Nominal datas:
show message dialog:
Title {Zoom In}
Contents {Signal over-zoomed: less than two points on a plot.}

###13: exit
exit
