###1: exit
exit
e -file /tmp/plotGgHQn8
cross_probe -file /tmp/plotGgHQn8 OK
###2: open_file /home/undergrad19_exam/huangweiliang_exam/simulation/huangweiliang_exam/competition_testbench_schematic_ALPS/competition_testbench_schematic_Nominal.sp.sim/competition_testbench_schematic_Nominal.sp.ac0
open_file competition_testbench_schematic_Nominal.sp.ac0: OK
###3: calc &f<0>::s<v(vout)>@0#&/&f<0>::s<v(vinn)>@0#&
calc "f<0>::s<v(vout)>[0]"/"f<0>::s<v(vinn)>[0]" :181
###4: add_panel -1
add_panel :0
###5: open_file /home/undergrad19_exam/huangweiliang_exam/simulation/huangweiliang_exam/competition_testbench_schematic_ALPS/competition_testbench_schematic_Nominal.sp.sim/competition_testbench_schematic_Nominal.sp.sw0
open_file competition_testbench_schematic_Nominal.sp.sw0: OK
###6: calc &f<1>::s<v(vout)>@0#&/&f<1>::s<v(vinn)>@0#&
calc "f<1>::s<v(vout)>[0]"/"f<1>::s<v(vinn)>[0]" :2
###7: open_wave -group Doc_Not_Found,0,_calc_wfs_\(0\)
###8: chaxis Log10
"f<0>::s<v(vout)>[0]"/"f<0>::s<v(vinn)>[0]"     GH   Nominal datas:
###9: chaxis -plot 1 -axis 0 Linear
"f<0>::s<v(vout)>[0]"/"f<0>::s<v(vinn)>[0]"     GH   Nominal datas:
###10: add_panel -1
add_panel :0
###11: open_wave -group Doc_Not_Found,0,_calc_wfs_\(1\)
###12: chaxis Linear
"f<1>::s<v(vout)>[0]"/"f<1>::s<v(vinn)>[0]"     GH   Nominal datas:
###13: change_panel 0.CurvePanel
change_panel0.CurvePanel :0
###14: select_plot 0
select_plot :1
###15: move_cursor -id 0 nan 1
###16: move_cursor -id 1 5.1e+07 nan
###17: chaxis -plot 1 -axis 0 DB20
###18: move_cursor -id 1 4.51864e+07 477.509
###19: move_cursor -id 1 3.2503e+07 477.509
###20: move_cursor -id 1 2.33797e+07 477.509
###21: move_cursor -id 1 1.2502e+07 477.509
###22: move_cursor -id 1 5.13632e+06 477.509
###23: move_cursor -id 1 1.97564e+06 477.509
###24: move_cursor -id 1 368110 477.509
###25: move_cursor -id 1 73259.7 477.509
###26: move_cursor -id 1 10147.5 477.509
###27: move_cursor -id 1 1232.03 477.509
###28: move_cursor -id 1 149.582 462.718
###29: move_cursor -id 1 13.0634 444.231
###30: move_cursor -id 1 1 423.894
###31: move_cursor -id 1 1 412.801
###32: move_cursor -id 1 1 390.616
###33: move_cursor -id 1 1 379.523
###34: move_cursor -id 1 1 368.43
###35: move_cursor -id 1 1 364.732
###36: move_cursor -id 1 1 361.035
###37: move_cursor -id 1 1 359.186
###38: exit
exit
