###1: cross_probe -file /tmp/plotCNcGNE
cross_probe -file /tmp/plotCNcGNE OK
###2: open_file /home/undergrad19_exam/liyulong_exam/simulation/liyulong_exam/competition_testbench_schematic_ALPS/competition_testbench_schematic_Nominal.sp.sim/competition_testbench_schematic_Nominal.sp.ac0
open_file competition_testbench_schematic_Nominal.sp.ac0: OK
###3: calc &f<0>::s<v(vout)>@0#&/&f<0>::s<v(vinn)>@0#&
calc "f<0>::s<v(vout)>[0]"/"f<0>::s<v(vinn)>[0]" :401
###4: add_panel -1
add_panel :0
###5: open_wave -group Doc_Not_Found,0,_calc_wfs_\(0\)
###6: chaxis Log10
"f<0>::s<v(vout)>[0]"/"f<0>::s<v(vinn)>[0]"     Loop_Gain   Nominal datas:
###7: chaxis -plot 1 -axis 0 Linear
"f<0>::s<v(vout)>[0]"/"f<0>::s<v(vinn)>[0]"     Loop_Gain   Nominal datas:
###8: chaxis -plot 1 -axis 0 DB20
###9: add_meter -DataXY
add_meter -DataXY, new ID: 0, meter num: 0 -> 1
###10: set_meter -id 0 ValueType=0++RangeTarget=0++UserMax=0++UserMin=0++LockedLevel=0
###11: add_meter -DataXY
add_meter -DataXY, new ID: 3, meter num: 1 -> 2
###12: set_meter -id 3 ValueType=0++RangeTarget=0++UserMax=0++UserMin=0++LockedLevel=0
###13: add_cursor -x
add_cursor -x result: 1
###14: move_cursor -id 0 685.88 372.702
###15: move_cursor -id 0 666.085 372.702
###16: move_cursor -id 0 646.861 372.702
###17: move_cursor -id 0 748.865 369.825
###18: move_cursor -id 0 974.701 368.387
###19: move_cursor -id 0 1557.29 365.51
###20: move_cursor -id 0 2880.44 361.195
###21: move_cursor -id 0 4879.71 356.88
###22: move_cursor -id 0 9294.02 351.127
###23: move_cursor -id 0 14849.1 348.25
###24: move_cursor -id 0 22374.9 346.812
###25: move_cursor -id 0 31796.9 342.497
###26: move_cursor -id 0 42615.8 339.62
###27: move_cursor -id 0 52312 338.182
###28: move_cursor -id 0 58813.3 335.305
###29: move_cursor -id 0 64214.2 333.867
###30: move_cursor -id 0 72194.7 333.867
###31: move_cursor -id 0 83579.3 332.428
###32: move_cursor -id 0 96759 332.428
###33: move_cursor -id 0 112017 329.552
###34: move_cursor -id 0 137504 329.552
###35: move_cursor -id 0 173806 326.675
###36: move_cursor -id 0 232943 325.237
###37: move_cursor -id 0 303191 322.36
###38: move_cursor -id 0 383236 319.483
###39: move_cursor -id 0 456854 319.483
###40: move_cursor -id 0 560800 313.73
###41: move_cursor -id 0 612299 313.73
###42: move_cursor -id 0 668527 313.73
###43: move_cursor -id 0 708853 313.73
###44: move_cursor -id 0 751612 313.73
###45: move_cursor -id 0 820634 313.73
###46: move_cursor -id 0 870135 312.292
###47: move_cursor -id 0 950041 312.292
###48: move_cursor -id 0 1.00735e+06 309.415
###49: move_cursor -id 0 1.06811e+06 309.415
###50: move_cursor -id 0 1.13254e+06 309.415
###51: move_cursor -id 0 1.23654e+06 307.977
###52: move_cursor -id 0 1.31113e+06 307.977
###53: move_cursor -id 0 1.47408e+06 307.977
###54: move_cursor -id 0 1.60945e+06 307.977
###55: move_cursor -id 0 1.65728e+06 306.538
###56: move_cursor -id 0 1.75725e+06 306.538
###57: move_cursor -id 0 1.86325e+06 306.538
###58: move_cursor -id 0 2.03435e+06 306.538
###59: move_cursor -id 0 2.15707e+06 306.538
###60: move_cursor -id 0 2.35515e+06 303.662
###61: move_cursor -id 0 2.57143e+06 303.662
###62: move_cursor -id 0 2.97692e+06 302.223
###63: move_cursor -id 0 3.2503e+06 299.347
###64: move_cursor -id 0 3.65425e+06 299.347
###65: move_cursor -id 0 3.87468e+06 299.347
###66: move_cursor -id 0 3.98983e+06 299.347
###67: move_cursor -id 0 4.1084e+06 297.908
###68: move_cursor -id 0 4.23049e+06 297.908
###69: move_cursor -id 0 4.35622e+06 297.908
