###1: exit
exit
e -file /tmp/plotUJvlA5
cross_probe -file /tmp/plotUJvlA5 OK
###2: open_file /home/undergrad19_exam/chencheng_exam/simulation/chencheng_exam/final_Question1_schematic_ALPS/final_Question1_schematic_Nominal.sp.sim/final_Question1_schematic_Nominal.sp.ac0
open_file final_Question1_schematic_Nominal.sp.ac0: OK
###3: add_panel 0
add_panel :0
###4: open_wave -group /home/undergrad19_exam/chencheng_exam/simulation/chencheng_exam/final_Question1_schematic_ALPS/final_Question1_schematic_Nominal.sp.sim/final_Question1_schematic_Nominal.sp.ac0,0,isub\(xi1.iout\)
###5: chaxis Log10
final_Question1_schematic_Nominal.sp.ac0     isub(xi1.iout)   Nominal datas:
###6: chaxis -plot 1 -axis 0 Linear
final_Question1_schematic_Nominal.sp.ac0     isub(xi1.iout)   Nominal datas:
###7: add_cursor -x
add_cursor -x result: 1
###8: chaxis -plot 1 -axis 0 DB20
###9: move_cursor -id 0 59.8758 15.5247
###10: move_cursor -id 0 80.3921 15.5247
###11: move_cursor -id 0 119.077 15.5247
###12: move_cursor -id 0 194.581 15.5247
###13: move_cursor -id 0 413.156 15.5247
###14: move_cursor -id 0 1342.65 15.5247
###15: move_cursor -id 0 4658.5 15.5247
###16: move_cursor -id 0 19671.6 15.5247
###17: move_cursor -id 0 70524.7 14.4158
###18: move_cursor -id 0 261253 12.9372
###19: move_cursor -id 0 821660 11.4587
###20: move_cursor -id 0 2.34244e+06 10.3498
###21: move_cursor -id 0 4.22272e+06 9.6105
###22: move_cursor -id 0 7.86565e+06 8.13196
###23: move_cursor -id 0 1.16507e+07 7.39269
###24: move_cursor -id 0 1.46513e+07 6.65342
###25: move_cursor -id 0 1.9038e+07 6.65342
###26: move_cursor -id 0 2.4738e+07 5.91416
###27: move_cursor -id 0 3.11094e+07 5.91416
###28: move_cursor -id 0 3.91216e+07 5.17489
###29: move_cursor -id 0 5.25266e+07 5.17489
###30: move_cursor -id 0 6.82532e+07 4.43562
###31: move_cursor -id 0 9.164e+07 4.43562
###32: move_cursor -id 0 1.19077e+08 3.32671
###33: move_cursor -id 0 1.82248e+08 2.95708
###34: move_cursor -id 0 2.61253e+08 2.58744
###35: move_cursor -id 0 3.74507e+08 1.84817
###36: move_cursor -id 0 5.19565e+08 1.1089
###37: move_cursor -id 0 6.75125e+08 1.1089
###38: move_cursor -id 0 8.2166e+08 1.1089
###39: move_cursor -id 0 9.36621e+08 0.369635
###40: move_cursor -id 0 9.67792e+08 0.369635
###41: move_cursor -id 0 9.06454e+08 0.369635
###42: move_cursor -id 0 8.77259e+08 0.369635
###43: move_cursor -id 0 8.49004e+08 0.369635
###44: move_cursor -id 0 7.95196e+08 0.369635
###45: move_cursor -id 0 7.69584e+08 0.369635
###46: move_cursor -id 0 7.20809e+08 0.369635
###47: move_cursor -id 0 6.97593e+08 0.369635
###48: move_cursor -id 0 6.5338e+08 0.369635
###49: move_cursor -id 0 6.32336e+08 0.369635
###50: move_cursor -id 0 5.92259e+08 0.369635
###51: move_cursor -id 0 5.54723e+08 0.369635
###52: move_cursor -id 0 5.02831e+08 0.369635
###53: move_cursor -id 0 4.41113e+08 0.369635
###54: move_cursor -id 0 3.74507e+08 0.369635
###55: move_cursor -id 0 2.88214e+08 0.369635
###56: move_cursor -id 0 2.01056e+08 0.369635
###57: move_cursor -id 0 1.19077e+08 0.369635
###58: move_cursor -id 0 5.98758e+07 0.369635
###59: move_cursor -id 0 2.24239e+07 0.369635
###60: move_cursor -id 0 8.67738e+06 0.369635
###61: move_cursor -id 0 3.24974e+06 0.369635
###62: move_cursor -id 0 1.5305e+06 0.369635
###63: move_cursor -id 0 697593 0.369635
###64: move_cursor -id 0 399849 0.369635
###65: move_cursor -id 0 244695 0.369635
###66: move_cursor -id 0 170698 0.369635
###67: move_cursor -id 0 127135 0.739269
###68: move_cursor -id 0 97841.1 0.739269
###69: move_cursor -id 0 85832 0.739269
###70: move_cursor -id 0 80392.1 1.1089
###71: move_cursor -id 0 77802.8 1.1089
###72: move_cursor -id 0 61868.4 -10.7194
###73: move_cursor -id 0 63927.4 -11.089
###74: move_cursor -id 0 66054.9 -11.089
###75: move_cursor -id 0 68253.2 -11.089
###76: move_cursor -id 0 75296.9 -11.089
###77: move_cursor -id 0 83067.5 -11.089
###78: move_cursor -id 0 101097 -11.089
###79: move_cursor -id 0 123040 -10.7194
###80: move_cursor -id 0 165200 -10.7194
###81: move_cursor -id 0 214661 -10.7194
###82: move_cursor -id 0 297806 -10.7194
###83: move_cursor -id 0 426906 -10.7194
###84: move_cursor -id 0 611970 -10.7194
###85: move_cursor -id 0 906454 -10.7194
###86: move_cursor -id 0 1.21705e+06 -10.7194
###87: move_cursor -id 0 1.8627e+06 -10.7194
###88: move_cursor -id 0 2.85086e+06 -10.7194
###89: move_cursor -id 0 4.81354e+06 -10.7194
###90: move_cursor -id 0 8.67738e+06 -10.7194
###91: move_cursor -id 0 1.51389e+07 -10.7194
###92: move_cursor -id 0 2.7291e+07 -10.7194
###93: move_cursor -id 0 4.7613e+07 -10.7194
###94: move_cursor -id 0 8.03921e+07 -10.7194
###95: move_cursor -id 0 1.04462e+08 -10.7194
###96: move_cursor -id 0 1.27135e+08 -11.089
###97: move_cursor -id 0 1.5473e+08 -12.1979
###98: move_cursor -id 0 1.59879e+08 -12.1979
###99: move_cursor -id 0 1.70698e+08 -12.1979
###100: move_cursor -id 0 1.76378e+08 -12.1979
###101: move_cursor -id 0 1.82248e+08 -12.1979
###102: move_cursor -id 0 2.01056e+08 -12.1979
###103: move_cursor -id 0 2.07747e+08 -12.1979
###104: move_cursor -id 0 2.14661e+08 -12.1979
###105: move_cursor -id 0 2.21805e+08 -12.1979
###106: move_cursor -id 0 2.29187e+08 -12.1979
###107: move_cursor -id 0 2.36814e+08 -12.1979
###108: move_cursor -id 0 2.44695e+08 -12.5676
###109: move_cursor -id 0 2.52839e+08 -12.5676
###110: move_cursor -id 0 2.61253e+08 -12.5676
###111: move_cursor -id 0 2.78932e+08 -12.5676
###112: move_cursor -id 0 2.78932e+08 -12.9372
###113: move_cursor -id 0 2.88214e+08 -12.9372
###114: move_cursor -id 0 3.07717e+08 -12.9372
###115: move_cursor -id 0 2.78932e+08 -12.9372
###116: move_cursor -id 0 2.52839e+08 -12.9372
###117: move_cursor -id 0 2.44695e+08 -13.6765
###118: move_cursor -id 0 2.29187e+08 -13.6765
###119: move_cursor -id 0 2.21805e+08 -13.6765
###120: move_cursor -id 0 2.14661e+08 -13.6765
###121: move_cursor -id 0 2.07747e+08 -13.6765
###122: move_cursor -id 0 1.88314e+08 -13.6765
###123: move_cursor -id 0 1.82248e+08 -13.6765
###124: move_cursor -id 0 1.76378e+08 -13.6765
###125: move_cursor -id 0 1.59879e+08 -13.6765
###126: move_cursor -id 0 1.59879e+08 -14.0461
###127: move_cursor -id 0 1.5473e+08 -14.0461
###128: move_cursor -id 0 1.44923e+08 -14.0461
###129: move_cursor -id 0 1.40255e+08 -14.0461
###130: move_cursor -id 0 1.35738e+08 -14.0461
###131: move_cursor -id 0 1.31366e+08 -14.0461
###132: move_cursor -id 0 1.19077e+08 -14.0461
###133: move_cursor -id 0 1.15242e+08 -14.4158
###134: move_cursor -id 0 1.1153e+08 -14.4158
###135: move_cursor -id 0 1.04462e+08 -14.4158
###136: move_cursor -id 0 1.01097e+08 -14.4158
###137: move_cursor -id 0 9.78411e+07 -14.4158
###138: move_cursor -id 0 9.46898e+07 -14.7854
###139: move_cursor -id 0 9.46898e+07 -15.155
###140: move_cursor -id 0 8.5832e+07 -15.155
###141: move_cursor -id 0 8.03921e+07 -15.155
###142: move_cursor -id 0 7.52969e+07 -15.5247
###143: move_cursor -id 0 7.28718e+07 -15.5247
###144: move_cursor -id 0 7.05247e+07 -15.5247
###145: move_cursor -id 0 6.60549e+07 -15.8943
###146: move_cursor -id 0 6.39274e+07 -15.8943
###147: move_cursor -id 0 6.18684e+07 -15.8943
###148: move_cursor -id 0 5.79473e+07 -17.0032
###149: move_cursor -id 0 5.60809e+07 -17.0032
###150: move_cursor -id 0 5.98758e+07 -17.0032
###151: move_cursor -id 0 6.18684e+07 -17.0032
###152: move_cursor -id 0 6.60549e+07 -17.0032
###153: move_cursor -id 0 6.82532e+07 -17.0032
###154: move_cursor -id 0 7.05247e+07 -17.0032
###155: move_cursor -id 0 7.28718e+07 -17.0032
###156: move_cursor -id 0 7.52969e+07 -17.0032
###157: move_cursor -id 0 8.03921e+07 -17.0032
###158: move_cursor -id 0 8.30675e+07 -17.0032
###159: move_cursor -id 0 8.5832e+07 -17.0032
###160: move_cursor -id 0 8.86885e+07 -17.0032
###161: move_cursor -id 0 9.46898e+07 -17.0032
###162: move_cursor -id 0 9.78411e+07 -17.0032
###163: move_cursor -id 0 1.01097e+08 -17.0032
###164: move_cursor -id 0 1.04462e+08 -17.0032
###165: move_cursor -id 0 1.1153e+08 -17.0032
###166: move_cursor -id 0 1.15242e+08 -17.0032
###167: move_cursor -id 0 1.19077e+08 -17.0032
###168: move_cursor -id 0 1.31366e+08 -17.0032
###169: move_cursor -id 0 1.35738e+08 -17.0032
###170: move_cursor -id 0 1.40255e+08 -17.0032
###171: move_cursor -id 0 1.44923e+08 -17.0032
###172: move_cursor -id 0 1.5473e+08 -17.0032
###173: move_cursor -id 0 1.652e+08 -17.3728
###174: move_cursor -id 0 1.70698e+08 -17.3728
###175: move_cursor -id 0 1.76378e+08 -17.3728
###176: move_cursor -id 0 1.82248e+08 -17.3728
###177: move_cursor -id 0 1.88314e+08 -17.3728
###178: move_cursor -id 0 2.01056e+08 -17.3728
###179: move_cursor -id 0 2.14661e+08 -17.3728
###180: move_cursor -id 0 2.14661e+08 -17.7425
###181: move_cursor -id 0 2.01056e+08 17.3728
###182: move_cursor -id 0 1.88314e+08 17.3728
###183: move_cursor -id 0 1.76378e+08 17.3728
###184: move_cursor -id 0 1.70698e+08 17.3728
###185: move_cursor -id 0 1.652e+08 17.3728
###186: move_cursor -id 0 1.5473e+08 17.3728
###187: move_cursor -id 0 1.49746e+08 17.3728
###188: move_cursor -id 0 1.44923e+08 17.3728
###189: move_cursor -id 0 1.40255e+08 17.3728
###190: move_cursor -id 0 1.31366e+08 17.3728
###191: move_cursor -id 0 1.27135e+08 17.3728
###192: move_cursor -id 0 1.19077e+08 17.3728
###193: move_cursor -id 0 1.15242e+08 17.3728
###194: move_cursor -id 0 1.07938e+08 17.3728
###195: move_cursor -id 0 1.04462e+08 17.3728
###196: move_cursor -id 0 1.1153e+08 17.3728
###197: move_cursor -id 0 1.15242e+08 17.3728
###198: move_cursor -id 0 1.19077e+08 17.3728
###199: move_cursor -id 0 1.27135e+08 17.3728
###200: move_cursor -id 0 1.35738e+08 17.3728
###201: move_cursor -id 0 1.40255e+08 17.3728
###202: move_cursor -id 0 1.44923e+08 17.3728
###203: move_cursor -id 0 1.5473e+08 17.3728
###204: move_cursor -id 0 1.59879e+08 17.3728
###205: move_cursor -id 0 1.652e+08 17.3728
###206: exit
exit
