
                         Empyrean ALPS SPICE Simulator                          
               Version 2019.12.test, Build on 20:03:24 06/05/2020               
                              For [linux26-x86_64]                              
                            Copyright (c) 2009-2020                             
                        Huada Empyrean Software Co.,Ltd                         
                              ALL RIGHTS RESERVED                               


Note: User       = wangyining
      Host       = edu-srv
      PID        = 413320
      CPU        = Intel(R) Xeon(R) Gold 5218 CPU @ 2.30GHz
      Processors = 64
      RealCores  = 32
      Loadavg    = 1.58%(1 minutes)  1.62%(5 minutes)  1.56%(15 minutes)
      Memory     = 10.55/315.06 GB(Available/Physical)
      Exe        = /opt/EDA/empyrean_202005/tools/alps/platform/linux26-x86_64/bin/alps
      Pwd        = /home/undergrad18/wangyining/simulation/wangyining/final_Question1_config_ALPS
      Cmd        = -mde /home/undergrad18/wangyining/simulation/wangyining/final_Question1_config_ALPS/final_Question1_config_Nominal.sp 

Note: Input netlist `/home/undergrad18/wangyining/simulation/wangyining/final_Question1_config_ALPS/final_Question1_config_Nominal.sp'.

Note: Output directory `final_Question1_config_Nominal.sp.sim'.


================================================================================
2021-12-09 09:09 : Parser Started
================================================================================

Note: Simulation starts at 09:09:49, Thu Dec 09, 2021.

Note: Start to load input file, memory usage 0 KB.
Note: Total thread number = 1.

Note: Using license file `59001@edu-srv'.
Checkout 1 ALPS_AS_EDU.

Note: Using license file `59001@edu-srv'.
Checkout 1 ALPS_SMS.


================================================================================
2021-12-09 09:09 : Parser Completed
Wall Time: 0 s. | CPU Time: 0 s. | Peak VM: 94612 KB
================================================================================


================================================================================
2021-12-09 09:09 : DB Elaboration Started
================================================================================

############################## circuit statistics ##############################
vsource   : 3          isource   : 1          mosfet    : 4          


############################ model type statistics #############################
Category        Total Quantity  Model Type                    Quantity        
vsource         3               vsourceDc                     3               
isource         1               isourceDc                     1               
mosfet          4               mosfetLevel49                 4               


############################ model card statistics #############################
Category        Total Quantity  Model Name                    Quantity        
mosfet          4               n18                           4               


================================================================================
2021-12-09 09:09 : DB Elaboration Completed
Wall Time: 0 s. | CPU Time: 0 s. | Peak VM: 131824 KB
================================================================================


================================================================================
2021-12-09 09:09 : DB Partition Started
================================================================================

########################## matching output summary #############################
Type                quantity  
current             1         


================================================================================
2021-12-09 09:09 : DB Partition Completed
Wall Time: 0 s. | CPU Time: 0 s. | Peak VM: 132144 KB
================================================================================


================================================================================
2021-12-09 09:09 : Simulation Engine Started
================================================================================

Note: Start to setup equation, memory usage 132140 KB.
Note: Threads number can be reset in file '/home/undergrad18/wangyining/simulation/wangyining/final_Question1_config_ALPS/final_Question1_config_Nominal.sp.sim/413320.thread'

########################### global option statistics ###########################
reltol    = 0.001      absi      = 1e-09      absv      = 5e-06      
itl1      = 200        itl4      = 8          gmin      = 1e-12      
runlvl    = 3          rabsshort = 0          scale     = 1          
scalm     = 1          

######################## user specified option statistics ######################
reltol    = 0.001      absv      = 5e-06      absi      = 1e-09      
scale     = 1          scalm     = 1          search    = /home/undergrad18/wangyining/Under19
tnom      = 27         gmin      = 1e-12      itl1      = 200        
itl4      = 8          post      = 1          posttop   = 0          
postlvl   = 0          probe     = 1          ingold    = 1          



2021-12-09 09:09 : AC OP Started

Note: op iterated 12 steps.

###################### operating point information begin #######################
format: all
   time         = 0.0000         temp         = 27.0000        tnom         = 27.0000     



#### vsourceDc:
hierarchy        xi1                                                
device           1:vv0            0:vv2            0:vv0            
i                0.0000e+00       -1.8665e-04      -1.0000e-04      
v                1.0000           0.4000           1.8000           
pwr              -0.0000e+00      7.4660e-05       1.8000e-04       



#### isourceDc:
hierarchy                         
device           0:iv1            
v                0.8641           
i                1.0000e-04       
pwr              -8.6409e-05      



#### mosfetLevel49:
hierarchy        xi1              xi1              xi1              xi1              
device           1:mnm6           1:mnm5           1:mnm4           1:mnm3           
region           Linear           Linear           Linear           Saturati         
id               1.8665e-04       1.8665e-04       1.0000e-04       1.0000e-04       
ibs              -2.3866e-19      -1.9367e-17      -6.8307e-20      -9.8965e-18      
ibd              -1.9365e-17      -1.9443e-17      -9.8964e-18      -7.0417e-17      
vgs              0.9359           0.8509           0.9359           0.8367           
vds              0.1491           0.2509           0.1633           0.7726           
vbs              0.0000e+00       -0.1491          0.0000e+00       -0.1633          
vth              0.4006           0.4449           0.4007           0.4490           
vdsat            0.4510           0.3581           0.4509           0.3443           
vod              0.5353           0.4060           0.5353           0.3878           
gm               3.8632e-04       6.5844e-04       2.1103e-04       4.6617e-04       
gds              1.0013e-03       3.4845e-04       4.7400e-04       2.7277e-06       
gmb              1.2661e-04       1.8502e-04       6.8810e-05       1.2612e-04       
cdtot            2.5926e-13       9.4586e-14       1.2323e-13       9.8498e-15       
cgtot            2.9908e-13       2.6228e-13       1.4869e-13       1.1986e-13       
cstot            3.0363e-13       2.7368e-13       1.5014e-13       1.3403e-13       
cbtot            1.2473e-13       1.1144e-13       6.2651e-14       5.3614e-14       
cgs              1.7820e-13       2.0447e-13       9.0182e-14       1.0406e-13       
cgd              1.1270e-13       4.0075e-14       5.3453e-14       3.4055e-15       
i1               1.8665e-04       1.8665e-04       1.0000e-04       1.0000e-04       
i2               -0.0000e+00      -0.0000e+00      -0.0000e+00      -0.0000e+00      
i3               -1.8665e-04      -1.8665e-04      -1.0000e-04      -1.0000e-04      
i4               -1.4907e-13      -5.4909e-13      -1.6330e-13      -1.0993e-12      


####################### operating point information end ########################

Note: AC analysis 1.0000hz -> 10.0000hz at temperature = 27C.

2021-12-09 09:09 : AC OP Completed

Note: Sweep trial 1. Sweep values: current frequency = 1.
Note: Sweep trial 2. Sweep values: current frequency = 3.16228.
Note: Sweep trial 3. Sweep values: current frequency = 10.

================================================================================
2021-12-09 09:09 : Simulation Engine Completed
Wall Time: 0 s. | CPU Time: 0 s. | Peak VM: 134336 KB
================================================================================

Note: Average threads: 1.

############################### time statistics ################################

       scope       wall time        cpu time            step
       parse            0.02            0.23
        elab            0.07            0.07
          op            0.01               0              12
          ac               0               0               3
       total           10.31            0.38

Note: peak memory = 134336 KB

Note: Simulation starts at 09:09:39, Thu Dec 09, 2021.

Note: Simulation finishes at 09:09:49, Thu Dec 09, 2021.

Note: Total elapsed time 10s.

Simulation completes with 0 error(s), 0 warning(s), and 12 notice(s).
