###1: cross_probe -file /tmp/plotioweI8
cross_probe -file /tmp/plotioweI8 OK
###2: open_file /home/undergrad19_exam/linshuheng_exam/simulation/linshuheng_exam/competition_testbench_schematic_ALPS/competition_testbench_schematic_Nominal.sp.sim/competition_testbench_schematic_Nominal.sp.ac0
open_file competition_testbench_schematic_Nominal.sp.ac0: OK
###3: calc &f<0>::s<v(vout)>@0#&/&f<0>::s<v(vinn)>@0#&
calc "f<0>::s<v(vout)>[0]"/"f<0>::s<v(vinn)>[0]" :121
###4: add_panel -1
add_panel :0
###5: open_file /home/undergrad19_exam/linshuheng_exam/simulation/linshuheng_exam/competition_testbench_schematic_ALPS/competition_testbench_schematic_Nominal.sp.sim/competition_testbench_schematic_Nominal.sp.sw0
open_file competition_testbench_schematic_Nominal.sp.sw0: OK
###6: calc &f<1>::s<v(vout)>@0#&/&f<1>::s<v(vinn)>@0#&
calc "f<1>::s<v(vout)>[0]"/"f<1>::s<v(vinn)>[0]" :1
###7: open_wave -group Doc_Not_Found,0,_calc_wfs_\(0\)
###8: chaxis Log10
"f<0>::s<v(vout)>[0]"/"f<0>::s<v(vinn)>[0]"     Loop_Gain   Nominal datas:
###9: chaxis -plot 1 -axis 0 Linear
"f<0>::s<v(vout)>[0]"/"f<0>::s<v(vinn)>[0]"     Loop_Gain   Nominal datas:
###10: add_panel -1
add_panel :0
###11: open_wave -group Doc_Not_Found,0,_calc_wfs_\(1\)
###12: chaxis Linear
"f<1>::s<v(vout)>[0]"/"f<1>::s<v(vinn)>[0]"     Loop_Gain   Nominal datas:
###13: change_panel 0.CurvePanel
change_panel0.CurvePanel :0
###14: add_cursor -x
add_cursor -x result: 1
###15: chaxis -plot 1 -axis 0 DB20
###16: move_cursor -id 0 156300 380.492
###17: move_cursor -id 0 163319 380.492
###18: move_cursor -id 0 170653 376.892
###19: move_cursor -id 0 186325 375.092
###20: move_cursor -id 0 253405 364.291
###21: move_cursor -id 0 352290 351.691
###22: move_cursor -id 0 558750 339.09
###23: move_cursor -id 0 1.0335e+06 324.69
###24: move_cursor -id 0 1.56873e+06 308.489
###25: move_cursor -id 0 2.18088e+06 301.289
###26: move_cursor -id 0 2.77691e+06 294.089
###27: move_cursor -id 0 3.16807e+06 286.888
###28: move_cursor -id 0 3.53582e+06 286.888
###29: move_cursor -id 0 3.6946e+06 285.088
###30: move_cursor -id 0 3.86052e+06 283.288
###31: move_cursor -id 0 3.94625e+06 281.488
###32: move_cursor -id 0 4.21504e+06 281.488
###33: move_cursor -id 0 4.30864e+06 281.488
###34: move_cursor -id 0 4.50213e+06 279.688
###35: move_cursor -id 0 4.70431e+06 279.688
###36: move_cursor -id 0 5.25038e+06 277.888
###37: move_cursor -id 0 5.608e+06 276.088
###38: move_cursor -id 0 6.25896e+06 274.288
###39: move_cursor -id 0 7.14062e+06 268.888
###40: move_cursor -id 0 8.14648e+06 265.288
###41: move_cursor -id 0 9.09211e+06 265.288
###42: move_cursor -id 0 1.08387e+07 259.887
###43: move_cursor -id 0 1.3501e+07 256.287
###44: move_cursor -id 0 1.64519e+07 256.287
###45: move_cursor -id 0 2.44297e+07 250.887
###46: move_cursor -id 0 3.70815e+07 245.487
###47: move_cursor -id 0 5.38666e+07 245.487
###48: move_cursor -id 0 6.56402e+07 243.687
###49: move_cursor -id 0 7.65496e+07 241.887
###50: move_cursor -id 0 8.35793e+07 241.887
###51: move_cursor -id 0 8.73326e+07 241.887
###52: move_cursor -id 0 9.3281e+07 241.887
###53: move_cursor -id 0 9.53525e+07 241.887
###54: move_cursor -id 0 9.74701e+07 241.887
###55: move_cursor -id 0 1.04109e+08 241.887
###56: move_cursor -id 0 1.06421e+08 241.887
###57: move_cursor -id 0 1.112e+08 241.887
###58: move_cursor -id 0 1.13669e+08 241.887
###59: move_cursor -id 0 1.16194e+08 241.887
###60: move_cursor -id 0 1.18774e+08 241.887
###61: move_cursor -id 0 1.21412e+08 241.887
###62: move_cursor -id 0 1.24108e+08 241.887
###63: move_cursor -id 0 1.35505e+08 241.887
###64: move_cursor -id 0 1.44735e+08 240.087
###65: move_cursor -id 0 1.65122e+08 240.087
###66: move_cursor -id 0 1.80286e+08 240.087
###67: move_cursor -id 0 2.05682e+08 240.087
###68: move_cursor -id 0 2.45192e+08 236.486
###69: move_cursor -id 0 2.56203e+08 236.486
###70: move_cursor -id 0 2.73654e+08 234.686
###71: move_cursor -id 0 2.79731e+08 234.686
###72: move_cursor -id 0 2.85943e+08 234.686
###73: move_cursor -id 0 2.79731e+08 234.686
###74: move_cursor -id 0 2.73654e+08 234.686
###75: move_cursor -id 0 2.73654e+08 232.886
###76: move_cursor -id 0 2.67709e+08 232.886
###77: move_cursor -id 0 2.56203e+08 232.886
###78: move_cursor -id 0 2.45192e+08 234.686
###79: move_cursor -id 0 2.39866e+08 234.686
###80: move_cursor -id 0 2.50638e+08 234.686
###81: move_cursor -id 0 2.56203e+08 232.886
###82: move_cursor -id 0 2.61893e+08 232.886
###83: move_cursor -id 0 2.73654e+08 232.886
###84: move_cursor -id 0 2.73654e+08 231.086
###85: move_cursor -id 0 2.79731e+08 231.086
###86: move_cursor -id 0 2.85943e+08 231.086
###87: move_cursor -id 0 2.85943e+08 229.286
###88: move_cursor -id 0 2.79731e+08 229.286
###89: move_cursor -id 0 2.73654e+08 229.286
###90: move_cursor -id 0 2.67709e+08 229.286
###91: move_cursor -id 0 2.61893e+08 229.286
###92: move_cursor -id 0 2.56203e+08 229.286
###93: move_cursor -id 0 2.50638e+08 229.286
###94: move_cursor -id 0 2.45192e+08 229.286
###95: move_cursor -id 0 2.45192e+08 231.086
###96: move_cursor -id 0 2.39866e+08 231.086
###97: move_cursor -id 0 2.34655e+08 231.086
###98: move_cursor -id 0 2.29557e+08 231.086
###99: move_cursor -id 0 2.29557e+08 232.886
###100: move_cursor -id 0 2.2457e+08 232.886
###101: move_cursor -id 0 2.19691e+08 232.886
###102: move_cursor -id 0 2.14918e+08 232.886
###103: move_cursor -id 0 2.10249e+08 232.886
###104: move_cursor -id 0 2.05682e+08 232.886
###105: move_cursor -id 0 2.01213e+08 232.886
###106: move_cursor -id 0 1.96842e+08 232.886
###107: move_cursor -id 0 1.92566e+08 232.886
###108: move_cursor -id 0 1.88382e+08 232.886
###109: move_cursor -id 0 1.8429e+08 232.886
###110: move_cursor -id 0 1.80286e+08 232.886
###111: move_cursor -id 0 1.76369e+08 232.886
###112: move_cursor -id 0 1.72538e+08 232.886
###113: move_cursor -id 0 1.68789e+08 232.886
###114: move_cursor -id 0 1.65122e+08 232.886
###115: move_cursor -id 0 1.61535e+08 232.886
###116: move_cursor -id 0 1.58026e+08 232.886
###117: move_cursor -id 0 1.54593e+08 232.886
###118: move_cursor -id 0 1.51234e+08 232.886
###119: move_cursor -id 0 1.47949e+08 232.886
###120: move_cursor -id 0 1.44735e+08 232.886
###121: move_cursor -id 0 1.4159e+08 232.886
###122: move_cursor -id 0 1.38514e+08 232.886
###123: move_cursor -id 0 1.35505e+08 232.886
###124: move_cursor -id 0 1.32561e+08 232.886
###125: move_cursor -id 0 1.29681e+08 232.886
###126: move_cursor -id 0 1.26864e+08 232.886
###127: move_cursor -id 0 1.24108e+08 232.886
###128: move_cursor -id 0 1.21412e+08 232.886
###129: move_cursor -id 0 1.21412e+08 234.686
###130: move_cursor -id 0 1.18774e+08 234.686
###131: move_cursor -id 0 1.16194e+08 234.686
###132: move_cursor -id 0 1.13669e+08 234.686
###133: move_cursor -id 0 1.112e+08 234.686
###134: move_cursor -id 0 1.08784e+08 234.686
###135: move_cursor -id 0 1.06421e+08 234.686
###136: move_cursor -id 0 1.04109e+08 234.686
###137: move_cursor -id 0 1.01847e+08 234.686
###138: move_cursor -id 0 9.96346e+07 234.686
###139: move_cursor -id 0 9.74701e+07 234.686
###140: move_cursor -id 0 9.53525e+07 234.686
###141: move_cursor -id 0 9.3281e+07 234.686
###142: move_cursor -id 0 9.12545e+07 234.686
###143: move_cursor -id 0 8.9272e+07 234.686
###144: move_cursor -id 0 8.73326e+07 234.686
###145: move_cursor -id 0 8.54353e+07 234.686
###146: move_cursor -id 0 8.35793e+07 234.686
###147: move_cursor -id 0 8.17635e+07 234.686
###148: move_cursor -id 0 7.99872e+07 234.686
###149: move_cursor -id 0 7.82495e+07 234.686
###150: move_cursor -id 0 7.65496e+07 234.686
###151: move_cursor -id 0 7.48865e+07 234.686
###152: move_cursor -id 0 7.32597e+07 234.686
###153: move_cursor -id 0 7.16681e+07 234.686
###154: move_cursor -id 0 7.01111e+07 234.686
###155: move_cursor -id 0 7.01111e+07 232.886
###156: move_cursor -id 0 6.8588e+07 232.886
###157: move_cursor -id 0 6.70979e+07 232.886
###158: move_cursor -id 0 6.70979e+07 231.086
###159: move_cursor -id 0 6.56402e+07 231.086
###160: move_cursor -id 0 6.42142e+07 231.086
###161: move_cursor -id 0 6.28192e+07 229.286
###162: move_cursor -id 0 6.14544e+07 229.286
###163: move_cursor -id 0 6.01194e+07 229.286
###164: move_cursor -id 0 5.88133e+07 229.286
###165: move_cursor -id 0 5.75356e+07 229.286
###166: move_cursor -id 0 5.62856e+07 229.286
###167: move_cursor -id 0 5.50628e+07 229.286
###168: move_cursor -id 0 5.38666e+07 229.286
###169: move_cursor -id 0 5.26964e+07 229.286
###170: move_cursor -id 0 5.04316e+07 229.286
###171: move_cursor -id 0 4.9336e+07 229.286
###172: move_cursor -id 0 4.82642e+07 229.286
###173: move_cursor -id 0 4.9336e+07 229.286
###174: move_cursor -id 0 4.82642e+07 232.886
###175: move_cursor -id 0 4.72156e+07 232.886
###176: move_cursor -id 0 4.61899e+07 232.886
###177: move_cursor -id 0 4.51864e+07 234.686
###178: move_cursor -id 0 4.51864e+07 236.486
###179: move_cursor -id 0 4.61899e+07 236.486
###180: move_cursor -id 0 4.72156e+07 236.486
###181: exit
exit
