###1: cross_probe -file /tmp/plot4NXZQV
cross_probe -file /tmp/plot4NXZQV OK
###2: open_file /home/undergrad19_exam/huyingchun_exam/simulation/huyingchun_exam/competition_testbench_schematic_ALPS/competition_testbench_schematic_Nominal.sp.sim/competition_testbench_schematic_Nominal.sp.ac0
open_file competition_testbench_schematic_Nominal.sp.ac0: OK
###3: calc &f<0>::s<v(vout)>@0#&/&f<0>::s<v(vinn)>@0#&
calc "f<0>::s<v(vout)>[0]"/"f<0>::s<v(vinn)>[0]" :121
###4: add_panel -1
add_panel :0
###5: open_wave -group Doc_Not_Found,0,_calc_wfs_\(0\)
###6: chaxis Log10
"f<0>::s<v(vout)>[0]"/"f<0>::s<v(vinn)>[0]"     Loop_Gain   Nominal datas:
###7: chaxis -plot 1 -axis 0 Linear
"f<0>::s<v(vout)>[0]"/"f<0>::s<v(vinn)>[0]"     Loop_Gain   Nominal datas:
###8: chaxis -plot 1 -axis 0 DB20
###9: add_cursor -x
add_cursor -x result: 1
###10: move_cursor -id 0 125478 387.311
###11: move_cursor -id 0 128265 387.311
###12: move_cursor -id 0 137001 382.007
###13: move_cursor -id 0 143154 378.471
###14: move_cursor -id 0 159771 373.167
###15: move_cursor -id 0 178317 367.863
###16: move_cursor -id 0 207953 364.327
###17: move_cursor -id 0 237246 360.79
###18: move_cursor -id 0 289101 357.254
###19: move_cursor -id 0 337149 353.718
###20: move_cursor -id 0 401914 351.95
###21: move_cursor -id 0 448568 350.182
###22: move_cursor -id 0 511755 348.414
###23: move_cursor -id 0 546612 348.414
###24: move_cursor -id 0 583843 346.646
###25: move_cursor -id 0 610061 344.878
###26: move_cursor -id 0 651614 344.878
###27: move_cursor -id 0 695997 343.11
###28: move_cursor -id 0 743403 343.11
###29: move_cursor -id 0 794038 343.11
###30: move_cursor -id 0 811671 343.11
###31: move_cursor -id 0 848121 341.342
###32: move_cursor -id 0 866956 341.342
###33: move_cursor -id 0 886208 341.342
###34: move_cursor -id 0 905888 339.574
###35: move_cursor -id 0 946570 337.806
###36: move_cursor -id 0 1.0335e+06 334.27
###37: move_cursor -id 0 1.15346e+06 328.966
###38: move_cursor -id 0 1.31594e+06 327.197
###39: move_cursor -id 0 1.53465e+06 320.125
###40: move_cursor -id 0 1.78971e+06 318.357
###41: move_cursor -id 0 2.08716e+06 313.053
###42: move_cursor -id 0 2.38116e+06 313.053
###43: move_cursor -id 0 2.59983e+06 311.285
###44: move_cursor -id 0 2.77691e+06 309.517
###45: move_cursor -id 0 2.90161e+06 307.749
###46: move_cursor -id 0 3.16807e+06 305.981
###47: move_cursor -id 0 3.38386e+06 302.445
###48: move_cursor -id 0 3.77665e+06 300.677
###49: move_cursor -id 0 4.21504e+06 295.372
###50: move_cursor -id 0 4.70431e+06 293.604
###51: move_cursor -id 0 5.36698e+06 290.068
###52: move_cursor -id 0 5.85984e+06 286.532
###53: move_cursor -id 0 6.68527e+06 286.532
###54: move_cursor -id 0 7.2992e+06 284.764
###55: move_cursor -id 0 8.14648e+06 281.228
###56: move_cursor -id 0 9.29402e+06 279.46
###57: move_cursor -id 0 1.03729e+07 274.156
###58: move_cursor -id 0 1.20968e+07 268.852
###59: move_cursor -id 0 1.44206e+07 263.548
###60: move_cursor -id 0 1.91862e+07 256.475
###61: move_cursor -id 0 2.55267e+07 251.171
###62: move_cursor -id 0 3.54878e+07 244.099
###63: move_cursor -id 0 5.04316e+07 237.027
###64: move_cursor -id 0 6.56402e+07 233.491
###65: move_cursor -id 0 8.54353e+07 229.955
###66: move_cursor -id 0 1.06421e+08 224.65
###67: move_cursor -id 0 1.24108e+08 222.882
###68: move_cursor -id 0 1.35505e+08 221.114
###69: move_cursor -id 0 1.44735e+08 221.114
###70: move_cursor -id 0 1.47949e+08 221.114
###71: move_cursor -id 0 1.51234e+08 221.114
###72: move_cursor -id 0 1.47949e+08 221.114
###73: move_cursor -id 0 1.4159e+08 221.114
###74: move_cursor -id 0 1.38514e+08 221.114
###75: move_cursor -id 0 1.29681e+08 224.65
###76: move_cursor -id 0 1.21412e+08 224.65
###77: move_cursor -id 0 1.13669e+08 224.65
###78: move_cursor -id 0 1.06421e+08 224.65
###79: move_cursor -id 0 1.04109e+08 224.65
###80: move_cursor -id 0 1.01847e+08 224.65
###81: move_cursor -id 0 9.96346e+07 224.65
###82: move_cursor -id 0 9.96346e+07 226.418
###83: move_cursor -id 0 9.74701e+07 228.186
###84: move_cursor -id 0 9.53525e+07 228.186
###85: exit
exit
