###1: cross_probe -file /tmp/ploteU9JR8
cross_probe -file /tmp/ploteU9JR8 OK
###2: open_file /home/undergrad19_exam/maojingyuan_exam/simulation/maojingyuan_exam/final_Question2_schematic_ALPS/final_Question2_schematic_Nominal.sp.sim/final_Question2_schematic_Nominal.sp.ac0
open_file final_Question2_schematic_Nominal.sp.ac0: OK
###3: calc &f<0>::s<v(vout)>@0#&/&f<0>::s<v(vinn)>@0#&
calc "f<0>::s<v(vout)>[0]"/"f<0>::s<v(vinn)>[0]" :121
###4: add_panel -1
add_panel :0
###5: calc 2*db10(abs(&f<0>::s<v(vout)>@0#&/&f<0>::s<v(vinn)>@0#&))
calc 2*db10(abs("f<0>::s<v(vout)>[0]"/"f<0>::s<v(vinn)>[0]")) :121
###6: open_wave -group Doc_Not_Found,0,_calc_wfs_\(0\)
###7: chaxis Log10
"f<0>::s<v(vout)>[0]"/"f<0>::s<v(vinn)>[0]"     Loop_Gain   Nominal datas:
###8: chaxis -plot 1 -axis 0 Linear
"f<0>::s<v(vout)>[0]"/"f<0>::s<v(vinn)>[0]"     Loop_Gain   Nominal datas:
###9: open_wave -group Doc_Not_Found,0,_calc_wfs_\(4\)
2*db10(abs("f<0>::s<v(vout)>[0]"/"f<0>::s<v(vinn)>[0]"))     Loop_Gain_dB   Nominal datas:
###10: move_cursor -id 0 1 nan
###11: move_cursor -id 0 1067.23 123.807
###12: move_cursor -id 0 1189.47 123.807
###13: move_cursor -id 0 1354.78 122.841
###14: move_cursor -id 0 1646.8 122.841
###15: move_cursor -id 0 2183.18 120.908
###16: move_cursor -id 0 3368.78 118.976
###17: move_cursor -id 0 6598.82 111.246
###18: move_cursor -id 0 19517.5 104.483
###19: move_cursor -id 0 64339.4 104.483
###20: move_cursor -id 0 231317 95.7867
###21: move_cursor -id 0 669492 95.7867
###22: move_cursor -id 0 1.62904e+06 91.9218
###23: move_cursor -id 0 3.33244e+06 89.0231
###24: move_cursor -id 0 4.61371e+06 89.0231
###25: move_cursor -id 0 5.73115e+06 89.0231
###26: move_cursor -id 0 6.11645e+06 89.0231
###27: move_cursor -id 0 6.3876e+06 89.0231
###28: move_cursor -id 0 6.52765e+06 89.0231
###29: move_cursor -id 0 6.67077e+06 89.0231
###30: move_cursor -id 0 6.81703e+06 89.0231
###31: move_cursor -id 0 7.11923e+06 89.0231
###32: move_cursor -id 0 7.27533e+06 89.0231
###33: move_cursor -id 0 7.43484e+06 89.0231
###34: move_cursor -id 0 7.76444e+06 89.0231
###35: move_cursor -id 0 8.10864e+06 89.0231
###36: move_cursor -id 0 8.65378e+06 89.0231
###37: move_cursor -id 0 9.23556e+06 89.0231
###38: move_cursor -id 0 9.85645e+06 89.0231
###39: move_cursor -id 0 1.12263e+07 89.0231
###40: move_cursor -id 0 1.1981e+07 89.0231
###41: move_cursor -id 0 1.27865e+07 89.0231
###42: move_cursor -id 0 1.36461e+07 89.0231
###43: move_cursor -id 0 1.45635e+07 89.0231
###44: move_cursor -id 0 1.48828e+07 89.0231
###45: move_cursor -id 0 1.52091e+07 88.0569
###46: move_cursor -id 0 1.52091e+07 87.0907
###47: move_cursor -id 0 1.45635e+07 86.1244
###48: move_cursor -id 0 1.4251e+07 86.1244
###49: move_cursor -id 0 1.33533e+07 86.1244
###50: move_cursor -id 0 1.30668e+07 86.1244
###51: move_cursor -id 0 1.22437e+07 86.1244
###52: move_cursor -id 0 1.14724e+07 86.1244
###53: move_cursor -id 0 1.12263e+07 86.1244
###54: move_cursor -id 0 1.05191e+07 86.1244
###55: move_cursor -id 0 1.02934e+07 86.1244
###56: move_cursor -id 0 1.00726e+07 86.1244
###57: move_cursor -id 0 1.02934e+07 86.1244
###58: move_cursor -id 0 1.07497e+07 86.1244
###59: move_cursor -id 0 1.17239e+07 86.1244
###60: move_cursor -id 0 1.25121e+07 86.1244
###61: move_cursor -id 0 1.27865e+07 86.1244
###62: move_cursor -id 0 1.36461e+07 86.1244
###63: move_cursor -id 0 1.45635e+07 86.1244
###64: move_cursor -id 0 1.55426e+07 85.1582
###65: move_cursor -id 0 1.69512e+07 85.1582
###66: move_cursor -id 0 1.80908e+07 85.1582
###67: move_cursor -id 0 1.9307e+07 85.1582
###68: move_cursor -id 0 2.0605e+07 85.1582
###69: move_cursor -id 0 2.34686e+07 85.1582
###70: move_cursor -id 0 2.50463e+07 85.1582
###71: move_cursor -id 0 2.67302e+07 85.1582
###72: move_cursor -id 0 2.85272e+07 85.1582
###73: move_cursor -id 0 3.0445e+07 85.1582
###74: move_cursor -id 0 3.17947e+07 85.1582
###75: move_cursor -id 0 3.24918e+07 85.1582
###76: move_cursor -id 0 3.54365e+07 85.1582
###77: move_cursor -id 0 3.62134e+07 85.1582
###78: move_cursor -id 0 3.78188e+07 85.1582
###79: move_cursor -id 0 3.8648e+07 85.1582
###80: move_cursor -id 0 3.94954e+07 85.1582
###81: move_cursor -id 0 4.03613e+07 85.1582
###82: move_cursor -id 0 4.21506e+07 85.1582
###83: move_cursor -id 0 4.30748e+07 85.1582
###84: move_cursor -id 0 4.40192e+07 85.1582
###85: move_cursor -id 0 4.49843e+07 85.1582
###86: move_cursor -id 0 4.69785e+07 85.1582
###87: move_cursor -id 0 4.80086e+07 85.1582
###88: move_cursor -id 0 5.01368e+07 85.1582
###89: move_cursor -id 0 5.23595e+07 85.1582
###90: move_cursor -id 0 5.35075e+07 85.1582
###91: move_cursor -id 0 5.46806e+07 85.1582
###92: move_cursor -id 0 5.58795e+07 85.1582
###93: move_cursor -id 0 5.83567e+07 85.1582
###94: move_cursor -id 0 5.96362e+07 85.1582
###95: move_cursor -id 0 6.09438e+07 85.1582
###96: move_cursor -id 0 6.36455e+07 85.1582
###97: move_cursor -id 0 6.50409e+07 85.1582
###98: move_cursor -id 0 6.6467e+07 83.2258
###99: move_cursor -id 0 6.94136e+07 83.2258
###100: move_cursor -id 0 7.24907e+07 83.2258
###101: move_cursor -id 0 7.73642e+07 83.2258
###102: move_cursor -id 0 7.90604e+07 83.2258
###103: move_cursor -id 0 8.07939e+07 83.2258
###104: move_cursor -id 0 8.62255e+07 83.2258
###105: move_cursor -id 0 9.20223e+07 83.2258
###106: move_cursor -id 0 9.61018e+07 83.2258
###107: move_cursor -id 0 9.82089e+07 84.192
###108: move_cursor -id 0 1.00362e+08 84.192
###109: move_cursor -id 0 1.07109e+08 84.192
###110: move_cursor -id 0 1.09458e+08 85.1582
###111: move_cursor -id 0 1.04811e+08 85.1582
###112: move_cursor -id 0 1.04811e+08 84.192
###113: move_cursor -id 0 1.00362e+08 84.192
###114: move_cursor -id 0 9.82089e+07 84.192
###115: move_cursor -id 0 9.61018e+07 84.192
###116: move_cursor -id 0 9.0048e+07 84.192
###117: move_cursor -id 0 8.62255e+07 81.2933
###118: move_cursor -id 0 8.43756e+07 81.2933
###119: move_cursor -id 0 7.90604e+07 81.2933
###120: move_cursor -id 0 7.73642e+07 81.2933
###121: move_cursor -id 0 7.24907e+07 81.2933
###122: move_cursor -id 0 6.94136e+07 81.2933
###123: move_cursor -id 0 6.6467e+07 81.2933
###124: move_cursor -id 0 6.09438e+07 80.3271
###125: move_cursor -id 0 5.58795e+07 79.3609
###126: move_cursor -id 0 4.80086e+07 79.3609
###127: move_cursor -id 0 4.03613e+07 79.3609
###128: move_cursor -id 0 3.39322e+07 79.3609
###129: move_cursor -id 0 2.79151e+07 79.3609
###130: move_cursor -id 0 2.50463e+07 78.3947
###131: move_cursor -id 0 1.97303e+07 77.4284
###132: move_cursor -id 0 1.73228e+07 76.4622
###133: move_cursor -id 0 1.55426e+07 76.4622
###134: move_cursor -id 0 1.39453e+07 74.5298
###135: move_cursor -id 0 1.30668e+07 74.5298
###136: move_cursor -id 0 1.22437e+07 74.5298
###137: move_cursor -id 0 1.12263e+07 72.5973
###138: move_cursor -id 0 9.85645e+06 72.5973
###139: move_cursor -id 0 9.03741e+06 72.5973
###140: move_cursor -id 0 8.10864e+06 70.6649
###141: move_cursor -id 0 6.67077e+06 70.6649
###142: move_cursor -id 0 6.11645e+06 70.6649
###143: move_cursor -id 0 5.60819e+06 70.6649
###144: move_cursor -id 0 4.81824e+06 68.7324
###145: move_cursor -id 0 4.51472e+06 68.7324
###146: move_cursor -id 0 4.23032e+06 68.7324
###147: move_cursor -id 0 3.96384e+06 68.7324
###148: move_cursor -id 0 3.71414e+06 68.7324
###149: move_cursor -id 0 3.48018e+06 68.7324
###150: move_cursor -id 0 3.33244e+06 68.7324
###151: move_cursor -id 0 3.26095e+06 68.7324
###152: move_cursor -id 0 3.19098e+06 68.7324
###153: move_cursor -id 0 3.05553e+06 68.7324
###154: move_cursor -id 0 2.98997e+06 68.7324
###155: move_cursor -id 0 2.92582e+06 68.7324
###156: move_cursor -id 0 2.80162e+06 68.7324
###157: move_cursor -id 0 2.74151e+06 68.7324
###158: move_cursor -id 0 2.6827e+06 68.7324
###159: move_cursor -id 0 2.62514e+06 68.7324
###160: move_cursor -id 0 2.5137e+06 68.7324
###161: move_cursor -id 0 2.407e+06 67.7662
###162: move_cursor -id 0 2.35536e+06 67.7662
###163: move_cursor -id 0 2.30482e+06 67.7662
###164: move_cursor -id 0 2.25537e+06 67.7662
###165: move_cursor -id 0 2.20698e+06 67.7662
###166: move_cursor -id 0 2.15963e+06 67.7662
###167: move_cursor -id 0 2.1133e+06 67.7662
###168: move_cursor -id 0 2.02359e+06 66.8
###169: move_cursor -id 0 1.98017e+06 66.8
###170: move_cursor -id 0 1.93769e+06 66.8
###171: move_cursor -id 0 1.85544e+06 66.8
###172: move_cursor -id 0 1.77667e+06 64.8675
###173: move_cursor -id 0 1.66475e+06 63.9013
###174: move_cursor -id 0 1.62904e+06 63.9013
###175: move_cursor -id 0 1.55989e+06 62.9351
###176: move_cursor -id 0 1.46162e+06 62.9351
###177: move_cursor -id 0 1.43026e+06 62.9351
###178: move_cursor -id 0 1.39958e+06 62.9351
###179: move_cursor -id 0 1.34017e+06 61.9689
###180: move_cursor -id 0 1.31141e+06 61.0026
###181: move_cursor -id 0 1.2288e+06 61.0026
###182: move_cursor -id 0 1.12669e+06 61.0026
###183: move_cursor -id 0 1.07886e+06 60.0364
###184: move_cursor -id 0 1.0109e+06 60.0364
###185: move_cursor -id 0 989214 58.104
###186: move_cursor -id 0 947223 58.104
###187: move_cursor -id 0 926900 58.104
###188: move_cursor -id 0 907014 58.104
###189: move_cursor -id 0 868511 57.1377
###190: move_cursor -id 0 849878 57.1377
###191: move_cursor -id 0 831644 57.1377
###192: move_cursor -id 0 796341 57.1377
###193: move_cursor -id 0 762536 56.1715
###194: move_cursor -id 0 746176 56.1715
###195: move_cursor -id 0 730167 56.1715
###196: move_cursor -id 0 699172 56.1715
###197: move_cursor -id 0 655129 54.2391
###198: move_cursor -id 0 641073 54.2391
###199: move_cursor -id 0 627319 54.2391
###200: move_cursor -id 0 613860 54.2391
###201: move_cursor -id 0 587802 54.2391
###202: move_cursor -id 0 538957 52.3066
###203: move_cursor -id 0 527394 52.3066
###204: move_cursor -id 0 505006 52.3066
###205: move_cursor -id 0 473194 52.3066
###206: move_cursor -id 0 453107 52.3066
###207: move_cursor -id 0 424564 52.3066
###208: move_cursor -id 0 406542 52.3066
###209: move_cursor -id 0 356936 52.3066
###210: move_cursor -id 0 334451 52.3066
###211: move_cursor -id 0 313383 52.3066
###212: move_cursor -id 0 281177 52.3066
###213: move_cursor -id 0 263465 52.3066
###214: move_cursor -id 0 252281 52.3066
###215: move_cursor -id 0 236389 52.3066
###216: move_cursor -id 0 226354 52.3066
###217: move_cursor -id 0 221498 52.3066
###218: move_cursor -id 0 216745 52.3066
###219: move_cursor -id 0 212095 52.3066
###220: move_cursor -id 0 207545 52.3066
###221: move_cursor -id 0 198734 52.3066
###222: move_cursor -id 0 194471 52.3066
###223: move_cursor -id 0 190298 52.3066
###224: move_cursor -id 0 178311 52.3066
###225: move_cursor -id 0 174485 52.3066
###226: move_cursor -id 0 167078 52.3066
###227: move_cursor -id 0 163494 51.3404
###228: move_cursor -id 0 159986 51.3404
###229: move_cursor -id 0 156553 51.3404
###230: move_cursor -id 0 153195 51.3404
###231: move_cursor -id 0 146692 51.3404
###232: move_cursor -id 0 143544 51.3404
###233: move_cursor -id 0 140465 51.3404
###234: move_cursor -id 0 137451 51.3404
###235: move_cursor -id 0 137451 50.3742
###236: move_cursor -id 0 140465 50.3742
###237: move_cursor -id 0 143544 50.3742
###238: move_cursor -id 0 153195 48.4417
###239: move_cursor -id 0 156553 48.4417
###240: move_cursor -id 0 163494 48.4417
###241: move_cursor -id 0 167078 48.4417
###242: move_cursor -id 0 170741 46.5093
###243: move_cursor -id 0 178311 46.5093
###244: move_cursor -id 0 186215 46.5093
###245: move_cursor -id 0 190298 45.5431
###246: move_cursor -id 0 194471 45.5431
###247: move_cursor -id 0 198734 45.5431
###248: move_cursor -id 0 207545 45.5431
###249: move_cursor -id 0 212095 44.5768
###250: move_cursor -id 0 216745 44.5768
###251: move_cursor -id 0 221498 44.5768
###252: move_cursor -id 0 226354 43.6106
###253: move_cursor -id 0 231317 43.6106
###254: move_cursor -id 0 236389 43.6106
###255: move_cursor -id 0 257812 42.6444
###256: move_cursor -id 0 275144 42.6444
###257: move_cursor -id 0 281177 42.6444
###258: move_cursor -id 0 287342 42.6444
###259: move_cursor -id 0 293642 42.6444
###260: move_cursor -id 0 306659 42.6444
###261: move_cursor -id 0 313383 42.6444
###262: move_cursor -id 0 320254 42.6444
###263: move_cursor -id 0 334451 42.6444
###264: move_cursor -id 0 341784 42.6444
###265: move_cursor -id 0 349278 42.6444
###266: move_cursor -id 0 356936 41.6782
###267: move_cursor -id 0 356936 40.7119
###268: move_cursor -id 0 364762 40.7119
###269: move_cursor -id 0 380932 40.7119
###270: move_cursor -id 0 397819 39.7457
###271: move_cursor -id 0 406542 39.7457
###272: move_cursor -id 0 424564 39.7457
###273: move_cursor -id 0 424564 38.7795
###274: move_cursor -id 0 433873 38.7795
###275: move_cursor -id 0 443386 38.7795
###276: move_cursor -id 0 453107 37.8133
###277: move_cursor -id 0 453107 36.847
###278: move_cursor -id 0 453107 35.8808
###279: move_cursor -id 0 433873 35.8808
###280: move_cursor -id 0 433873 34.9146
###281: move_cursor -id 0 415455 34.9146
###282: move_cursor -id 0 397819 34.9146
###283: move_cursor -id 0 397819 33.9484
###284: move_cursor -id 0 380932 33.9484
###285: move_cursor -id 0 364762 33.9484
###286: move_cursor -id 0 356936 33.9484
###287: move_cursor -id 0 341784 32.0159
###288: move_cursor -id 0 334451 32.0159
###289: move_cursor -id 0 327276 32.0159
###290: move_cursor -id 0 320254 32.0159
###291: move_cursor -id 0 306659 32.0159
###292: move_cursor -id 0 300080 32.0159
###293: move_cursor -id 0 293642 32.0159
###294: move_cursor -id 0 281177 32.0159
###295: move_cursor -id 0 275144 32.0159
###296: move_cursor -id 0 263465 32.0159
###297: move_cursor -id 0 257812 32.0159
###298: move_cursor -id 0 246868 32.0159
###299: move_cursor -id 0 241571 32.0159
###300: move_cursor -id 0 236389 32.0159
###301: move_cursor -id 0 226354 32.0159
###302: move_cursor -id 0 221498 32.0159
###303: move_cursor -id 0 216745 32.0159
###304: move_cursor -id 0 212095 32.0159
###305: move_cursor -id 0 203092 32.0159
###306: move_cursor -id 0 207545 32.0159
###307: move_cursor -id 0 212095 32.0159
###308: move_cursor -id 0 212095 31.0497
###309: move_cursor -id 0 216745 30.0835
###310: move_cursor -id 0 231317 29.1173
###311: move_cursor -id 0 236389 29.1173
###312: move_cursor -id 0 252281 29.1173
###313: move_cursor -id 0 263465 28.151
###314: move_cursor -id 0 287342 28.151
###315: move_cursor -id 0 293642 28.151
###316: move_cursor -id 0 300080 26.2186
###317: move_cursor -id 0 313383 26.2186
###318: move_cursor -id 0 320254 26.2186
###319: move_cursor -id 0 334451 25.2524
###320: move_cursor -id 0 341784 25.2524
###321: move_cursor -id 0 349278 25.2524
###322: move_cursor -id 0 356936 25.2524
###323: move_cursor -id 0 364762 25.2524
###324: move_cursor -id 0 397819 25.2524
###325: move_cursor -id 0 415455 25.2524
###326: move_cursor -id 0 443386 25.2524
###327: move_cursor -id 0 453107 25.2524
###328: move_cursor -id 0 463042 25.2524
###329: move_cursor -id 0 473194 25.2524
###330: move_cursor -id 0 494171 25.2524
###331: move_cursor -id 0 505006 25.2524
###332: move_cursor -id 0 538957 25.2524
###333: move_cursor -id 0 550774 25.2524
###334: move_cursor -id 0 600689 25.2524
###335: move_cursor -id 0 641073 25.2524
###336: move_cursor -id 0 684171 25.2524
###337: move_cursor -id 0 730167 25.2524
###338: move_cursor -id 0 779255 25.2524
###339: move_cursor -id 0 887554 25.2524
###340: move_cursor -id 0 1.0109e+06 23.3199
###341: move_cursor -id 0 1.07886e+06 23.3199
###342: move_cursor -id 0 1.28328e+06 23.3199
###343: move_cursor -id 0 1.46162e+06 21.3875
###344: move_cursor -id 0 1.62904e+06 21.3875
###345: move_cursor -id 0 1.77667e+06 21.3875
###346: move_cursor -id 0 1.89612e+06 19.455
###347: move_cursor -id 0 2.02359e+06 19.455
###348: move_cursor -id 0 2.1133e+06 19.455
###349: move_cursor -id 0 2.25537e+06 19.455
###350: move_cursor -id 0 2.30482e+06 19.455
###351: move_cursor -id 0 2.56882e+06 18.4888
###352: move_cursor -id 0 2.74151e+06 18.4888
###353: move_cursor -id 0 3.05553e+06 18.4888
###354: move_cursor -id 0 3.40551e+06 15.5901
###355: move_cursor -id 0 3.96384e+06 15.5901
###356: move_cursor -id 0 4.71487e+06 15.5901
###357: move_cursor -id 0 5.73115e+06 15.5901
###358: move_cursor -id 0 6.81703e+06 13.6577
###359: move_cursor -id 0 7.93467e+06 11.7252
###360: move_cursor -id 0 8.84351e+06 11.7252
###361: move_cursor -id 0 1.00726e+07 9.79278
###362: move_cursor -id 0 1.07497e+07 9.79278
###363: move_cursor -id 0 1.22437e+07 9.79278
###364: move_cursor -id 0 1.27865e+07 7.86034
###365: move_cursor -id 0 1.33533e+07 7.86034
###366: move_cursor -id 0 1.4251e+07 7.86034
###367: move_cursor -id 0 1.52091e+07 7.86034
###368: move_cursor -id 0 1.65875e+07 7.86034
###369: move_cursor -id 0 1.73228e+07 6.89411
###370: move_cursor -id 0 1.84874e+07 6.89411
###371: move_cursor -id 0 1.97303e+07 6.89411
###372: move_cursor -id 0 2.19902e+07 4.96167
###373: move_cursor -id 0 2.39831e+07 4.96167
###374: move_cursor -id 0 2.55955e+07 4.96167
###375: move_cursor -id 0 2.73162e+07 4.96167
###376: move_cursor -id 0 2.91527e+07 4.96167
###377: move_cursor -id 0 3.11126e+07 4.96167
###378: move_cursor -id 0 3.17947e+07 4.96167
###379: move_cursor -id 0 3.39322e+07 4.96167
###380: move_cursor -id 0 3.46762e+07 4.96167
###381: move_cursor -id 0 3.62134e+07 4.96167
###382: move_cursor -id 0 3.78188e+07 4.96167
###383: move_cursor -id 0 4.03613e+07 4.96167
###384: move_cursor -id 0 4.12463e+07 4.96167
###385: move_cursor -id 0 4.30748e+07 4.96167
###386: move_cursor -id 0 4.59706e+07 4.96167
###387: move_cursor -id 0 5.01368e+07 4.96167
###388: move_cursor -id 0 5.12361e+07 4.96167
###389: move_cursor -id 0 5.23595e+07 4.96167
###390: move_cursor -id 0 5.58795e+07 4.96167
###391: move_cursor -id 0 5.83567e+07 4.96167
###392: move_cursor -id 0 5.96362e+07 4.96167
###393: move_cursor -id 0 6.228e+07 4.96167
###394: move_cursor -id 0 6.50409e+07 4.96167
###395: move_cursor -id 0 6.94136e+07 4.96167
###396: move_cursor -id 0 7.90604e+07 4.96167
###397: move_cursor -id 0 9.404e+07 4.96167
###398: move_cursor -id 0 1.1431e+08 4.96167
###399: move_cursor -id 0 1.30197e+08 4.96167
###400: move_cursor -id 0 1.5826e+08 4.96167
###401: move_cursor -id 0 1.80255e+08 4.96167
###402: move_cursor -id 0 2.09808e+08 4.96167
###403: move_cursor -id 0 2.28822e+08 4.96167
###404: move_cursor -id 0 2.44205e+08 4.96167
###405: move_cursor -id 0 2.4956e+08 4.96167
###406: move_cursor -id 0 2.60623e+08 4.96167
###407: move_cursor -id 0 2.66337e+08 4.96167
###408: move_cursor -id 0 2.72177e+08 4.96167
###409: move_cursor -id 0 2.78144e+08 4.96167
###410: move_cursor -id 0 2.90475e+08 4.96167
###411: move_cursor -id 0 2.96843e+08 4.96167
###412: move_cursor -id 0 3.03352e+08 4.96167
###413: move_cursor -id 0 3.23746e+08 4.96167
###414: move_cursor -id 0 3.30844e+08 4.96167
###415: move_cursor -id 0 3.38098e+08 4.96167
###416: move_cursor -id 0 3.45511e+08 4.96167
###417: move_cursor -id 0 3.60828e+08 4.96167
###418: move_cursor -id 0 3.68739e+08 4.96167
###419: move_cursor -id 0 3.76824e+08 4.96167
###420: move_cursor -id 0 3.93529e+08 4.96167
###421: move_cursor -id 0 4.02157e+08 4.96167
###422: move_cursor -id 0 4.10974e+08 4.96167
###423: move_cursor -id 0 4.19985e+08 4.96167
###424: move_cursor -id 0 4.38604e+08 4.96167
###425: move_cursor -id 0 4.58048e+08 4.96167
###426: move_cursor -id 0 4.6809e+08 4.96167
###427: move_cursor -id 0 4.88841e+08 4.96167
###428: move_cursor -id 0 4.99559e+08 4.96167
###429: move_cursor -id 0 4.29193e+08 4.96167
###430: move_cursor -id 0 3.85086e+08 4.96167
###431: move_cursor -id 0 3.45511e+08 4.96167
###432: move_cursor -id 0 3.03352e+08 4.96167
###433: move_cursor -id 0 2.78144e+08 4.96167
###434: move_cursor -id 0 2.4956e+08 4.96167
###435: move_cursor -id 0 2.23913e+08 4.96167
###436: move_cursor -id 0 2.05306e+08 4.96167
###437: move_cursor -id 0 1.80255e+08 4.96167
###438: move_cursor -id 0 1.6173e+08 4.96167
###439: move_cursor -id 0 1.41996e+08 4.96167
###440: move_cursor -id 0 1.2467e+08 4.96167
###441: move_cursor -id 0 1.16816e+08 4.96167
###442: move_cursor -id 0 1.09458e+08 4.96167
###443: move_cursor -id 0 1.07109e+08 4.96167
###444: move_cursor -id 0 9.82089e+07 4.96167
###445: move_cursor -id 0 9.61018e+07 4.96167
###446: move_cursor -id 0 9.20223e+07 4.96167
###447: move_cursor -id 0 9.0048e+07 4.96167
###448: move_cursor -id 0 8.8116e+07 4.96167
###449: move_cursor -id 0 8.43756e+07 5.92789
###450: move_cursor -id 0 8.25653e+07 5.92789
###451: move_cursor -id 0 8.07939e+07 5.92789
###452: move_cursor -id 0 7.90604e+07 5.92789
###453: move_cursor -id 0 7.57044e+07 5.92789
###454: move_cursor -id 0 7.24907e+07 5.92789
###455: move_cursor -id 0 7.24907e+07 6.89411
###456: move_cursor -id 0 6.79243e+07 6.89411
###457: move_cursor -id 0 7.24907e+07 6.89411
###458: move_cursor -id 0 7.57044e+07 6.89411
###459: move_cursor -id 0 8.07939e+07 6.89411
###460: move_cursor -id 0 8.62255e+07 6.89411
###461: move_cursor -id 0 8.8116e+07 5.92789
###462: move_cursor -id 0 9.0048e+07 5.92789
###463: move_cursor -id 0 8.8116e+07 5.92789
###464: move_cursor -id 0 8.43756e+07 5.92789
###465: move_cursor -id 0 8.25653e+07 5.92789
###466: move_cursor -id 0 8.07939e+07 5.92789
###467: move_cursor -id 0 7.90604e+07 5.92789
###468: move_cursor -id 0 7.57044e+07 5.92789
###469: move_cursor -id 0 7.40801e+07 6.89411
###470: move_cursor -id 0 7.24907e+07 6.89411
###471: move_cursor -id 0 6.79243e+07 6.89411
###472: move_cursor -id 0 6.6467e+07 6.89411
###473: move_cursor -id 0 6.50409e+07 6.89411
###474: move_cursor -id 0 6.228e+07 6.89411
###475: move_cursor -id 0 6.09438e+07 6.89411
###476: move_cursor -id 0 5.96362e+07 7.86034
###477: move_cursor -id 0 5.83567e+07 7.86034
###478: move_cursor -id 0 5.71047e+07 7.86034
###479: move_cursor -id 0 5.46806e+07 7.86034
###480: move_cursor -id 0 5.46806e+07 6.89411
###481: move_cursor -id 0 5.71047e+07 4.96167
###482: move_cursor -id 0 5.83567e+07 4.96167
###483: move_cursor -id 0 6.09438e+07 4.96167
###484: exit
exit
