###1: exit
exit
e -file /tmp/plotALrJnj
cross_probe -file /tmp/plotALrJnj OK
###2: open_file /home/undergrad19_exam/wangshiqi_exam/simulation/wangshiqi_exam/competition_testbench_schematic_ALPS/competition_testbench_schematic_Nominal.sp.sim/competition_testbench_schematic_Nominal.sp.ac0
open_file competition_testbench_schematic_Nominal.sp.ac0: OK
###3: calc &f<0>::s<v(vout)>@0#&/&f<0>::s<v(vinn)>@0#&
calc "f<0>::s<v(vout)>[0]"/"f<0>::s<v(vinn)>[0]" :121
###4: add_panel -1
add_panel :0
###5: open_wave -group Doc_Not_Found,0,_calc_wfs_\(0\)
###6: chaxis Log10
"f<0>::s<v(vout)>[0]"/"f<0>::s<v(vinn)>[0]"     Loop_Gain   Nominal datas:
###7: chaxis -plot 1 -axis 0 Linear
"f<0>::s<v(vout)>[0]"/"f<0>::s<v(vinn)>[0]"     Loop_Gain   Nominal datas:
###8: chaxis -plot 1 -axis 0 DB20
###9: add_cursor -x
add_cursor -x result: 1
###10: move_cursor -id 0 216988 374.35
###11: move_cursor -id 0 206519 374.35
###12: move_cursor -id 0 174561 375.906
###13: move_cursor -id 0 77582.5 384.467
###14: move_cursor -id 0 25127.1 395.364
###15: move_cursor -id 0 9533.26 408.595
###16: move_cursor -id 0 3149.27 421.047
###17: move_cursor -id 0 1757.16 427.274
###18: move_cursor -id 0 1000 429.609
###19: move_cursor -id 0 1000 428.83
###20: move_cursor -id 0 1000 425.717
###21: move_cursor -id 0 1000 424.161
###22: move_cursor -id 0 1000 421.826
###23: move_cursor -id 0 1000 420.269
###24: move_cursor -id 0 1000 418.712
###25: move_cursor -id 0 1082.33 417.156
###26: move_cursor -id 0 1372.26 413.264
###27: move_cursor -id 0 1901.82 407.038
###28: move_cursor -id 0 1998.22 405.481
###29: move_cursor -id 0 2435.24 400.033
###30: move_cursor -id 0 2852.73 394.585
###31: move_cursor -id 0 4113.14 383.689
###32: move_cursor -id 0 4585.82 382.133
###33: move_cursor -id 0 5012.7 380.576
###34: move_cursor -id 0 5112.83 379.798
###35: move_cursor -id 0 7371.8 373.571
###36: move_cursor -id 0 19238.9 363.454
###37: move_cursor -id 0 21878.3 361.897
###38: move_cursor -id 0 26663.2 360.34
###39: move_cursor -id 0 48262.3 352.557
###40: move_cursor -id 0 132339 340.883
###41: move_cursor -id 0 212738 336.213
###42: move_cursor -id 0 325482 329.209
###43: move_cursor -id 0 412672 326.874
###44: move_cursor -id 0 533670 322.982
###45: move_cursor -id 0 725129 316.756
###46: move_cursor -id 0 1.63154e+06 307.416
###47: move_cursor -id 0 1.83712e+06 305.86
###48: move_cursor -id 0 2.28363e+06 302.746
###49: move_cursor -id 0 2.62274e+06 299.633
###50: move_cursor -id 0 2.70171e+06 298.855
###51: move_cursor -id 0 3.04213e+06 297.298
###52: move_cursor -id 0 3.59908e+06 293.407
###53: move_cursor -id 0 4.17461e+06 287.959
###54: move_cursor -id 0 5.45228e+06 286.402
###55: move_cursor -id 0 6.64472e+06 281.733
###56: move_cursor -id 0 7.05093e+06 281.733
###57: move_cursor -id 0 7.26325e+06 280.954
###58: move_cursor -id 0 7.33544e+06 280.954
###59: move_cursor -id 0 8.01826e+06 280.954
###60: move_cursor -id 0 8.50843e+06 280.954
###61: move_cursor -id 0 9.30045e+06 280.954
###62: move_cursor -id 0 1.04723e+07 278.619
###63: move_cursor -id 0 1.13345e+07 276.284
###64: move_cursor -id 0 1.1909e+07 276.284
###65: move_cursor -id 0 1.23896e+07 273.95
###66: move_cursor -id 0 1.28895e+07 273.171
###67: move_cursor -id 0 1.3147e+07 272.393
###68: move_cursor -id 0 1.35429e+07 270.836
###69: move_cursor -id 0 1.40893e+07 270.058
###70: move_cursor -id 0 1.45136e+07 269.28
###71: move_cursor -id 0 1.46578e+07 269.28
###72: move_cursor -id 0 1.50992e+07 269.28
###73: move_cursor -id 0 1.52493e+07 269.28
###74: move_cursor -id 0 1.55539e+07 269.28
###75: move_cursor -id 0 1.60223e+07 267.723
###76: move_cursor -id 0 1.65048e+07 266.945
###77: move_cursor -id 0 1.66688e+07 266.945
###78: move_cursor -id 0 1.68345e+07 266.945
###79: move_cursor -id 0 1.71707e+07 266.945
###80: move_cursor -id 0 1.78636e+07 266.167
###81: move_cursor -id 0 1.84015e+07 266.167
###82: move_cursor -id 0 1.85844e+07 266.167
###83: move_cursor -id 0 1.89556e+07 266.167
###84: move_cursor -id 0 1.93343e+07 265.388
###85: move_cursor -id 0 1.93343e+07 264.61
###86: move_cursor -id 0 1.95264e+07 264.61
###87: move_cursor -id 0 1.99165e+07 264.61
###88: move_cursor -id 0 2.01144e+07 264.61
###89: move_cursor -id 0 2.03143e+07 264.61
###90: move_cursor -id 0 2.05162e+07 264.61
###91: move_cursor -id 0 2.0926e+07 264.61
###92: move_cursor -id 0 2.1134e+07 264.61
###93: move_cursor -id 0 2.13441e+07 264.61
###94: move_cursor -id 0 2.17704e+07 264.61
###95: move_cursor -id 0 2.19868e+07 264.61
###96: move_cursor -id 0 2.22053e+07 264.61
###97: move_cursor -id 0 2.2426e+07 264.61
###98: move_cursor -id 0 2.31013e+07 264.61
###99: move_cursor -id 0 2.33309e+07 264.61
###100: move_cursor -id 0 2.35628e+07 264.61
###101: move_cursor -id 0 2.40334e+07 264.61
###102: exit
exit
