###1: cross_probe -file /tmp/plotTP7Hpo
cross_probe -file /tmp/plotTP7Hpo OK
###2: open_file /home/undergrad19_exam/wangzekun_exam/simulation/wangzekun_exam/final_Question2_schematic_ALPS/final_Question2_schematic_Nominal.sp.sim/final_Question2_schematic_Nominal.sp.ac0
open_file final_Question2_schematic_Nominal.sp.ac0: OK
###3: calc &f<0>::s<v(vout)>@0#&/&f<0>::s<v(vinn)>@0#&
calc "f<0>::s<v(vout)>[0]"/"f<0>::s<v(vinn)>[0]" :141
###4: add_panel -1
add_panel :0
###5: calc 2*db10(abs(&f<0>::s<v(vout)>@0#&/&f<0>::s<v(vinn)>@0#&))
calc 2*db10(abs("f<0>::s<v(vout)>[0]"/"f<0>::s<v(vinn)>[0]")) :141
###6: open_wave -group Doc_Not_Found,0,_calc_wfs_\(0\)
###7: chaxis Log10
"f<0>::s<v(vout)>[0]"/"f<0>::s<v(vinn)>[0]"     Loop_Gain   Nominal datas:
###8: chaxis -plot 1 -axis 0 Linear
"f<0>::s<v(vout)>[0]"/"f<0>::s<v(vinn)>[0]"     Loop_Gain   Nominal datas:
###9: open_wave -group Doc_Not_Found,0,_calc_wfs_\(4\)
2*db10(abs("f<0>::s<v(vout)>[0]"/"f<0>::s<v(vinn)>[0]"))     Loop_Gain_dB   Nominal datas:
###10: add_meter -DataXY
add_meter -DataXY, new ID: 0, meter num: 0 -> 1
###11: set_meter -id 0 ValueType=0++RangeTarget=0++UserMax=0++UserMin=0++LockedLevel=0
###12: mv_mark -id 2 -plotindex 2 1.454512E+05 5.047964E+01
mv_mark -id 2 -plotindex 2 1.454512E+05 5.047964E+01 result X:0.15M Y:52
###13: mv_mark -id 2 -plotindex 2 1.313661E+05 5.047964E+01
mv_mark -id 2 -plotindex 2 1.313661E+05 5.047964E+01 result X:0.13M Y:53
###14: mv_mark -id 2 -plotindex 2 1.071558E+05 5.047964E+01
mv_mark -id 2 -plotindex 2 1.071558E+05 5.047964E+01 result X:0.11M Y:54
###15: mv_mark -id 2 -plotindex 2 7.894314E+04 5.047964E+01
mv_mark -id 2 -plotindex 2 7.894314E+04 5.047964E+01 result X:81k Y:57
###16: mv_mark -id 2 -plotindex 2 5.527084E+04 5.047964E+01
mv_mark -id 2 -plotindex 2 5.527084E+04 5.047964E+01 result X:58k Y:60
###17: mv_mark -id 2 -plotindex 2 3.585109E+04 5.047964E+01
mv_mark -id 2 -plotindex 2 3.585109E+04 5.047964E+01 result X:38k Y:63
###18: mv_mark -id 2 -plotindex 2 2.154435E+04 5.047964E+01
mv_mark -id 2 -plotindex 2 2.154435E+04 5.047964E+01 result X:23k Y:68
###19: mv_mark -id 2 -plotindex 2 1.083316E+04 5.047964E+01
mv_mark -id 2 -plotindex 2 1.083316E+04 5.047964E+01 result X:12k Y:73
###20: mv_mark -id 2 -plotindex 2 5.879661E+03 5.047964E+01
mv_mark -id 2 -plotindex 2 5.879661E+03 5.047964E+01 result X:6.7k Y:78
###21: mv_mark -id 2 -plotindex 2 3.813806E+03 5.047964E+01
mv_mark -id 2 -plotindex 2 3.813806E+03 5.047964E+01 result X:4.3k Y:82
###22: mv_mark -id 2 -plotindex 2 2.350975E+03 5.047964E+01
mv_mark -id 2 -plotindex 2 2.350975E+03 5.047964E+01 result X:2.6k Y:85
###23: mv_mark -id 2 -plotindex 2 1.604616E+03 5.047964E+01
mv_mark -id 2 -plotindex 2 1.604616E+03 5.047964E+01 result X:1.7k Y:87
###24: mv_mark -id 2 -plotindex 2 1.067667E+03 5.047964E+01
mv_mark -id 2 -plotindex 2 1.067667E+03 5.047964E+01 result X:1.1k Y:88
###25: mv_mark -id 2 -plotindex 2 7.475112E+02 5.471988E+01
mv_mark -id 2 -plotindex 2 7.475112E+02 5.471988E+01 result X:7.7e+02 Y:89
###26: mv_mark -id 2 -plotindex 2 5.507015E+02 5.684000E+01
mv_mark -id 2 -plotindex 2 5.507015E+02 5.684000E+01 result X:5.6e+02 Y:89
###27: mv_mark -id 2 -plotindex 2 4.379154E+02 5.684000E+01
mv_mark -id 2 -plotindex 2 4.379154E+02 5.684000E+01 result X:4.4e+02 Y:89
###28: mv_mark -id 2 -plotindex 2 3.482284E+02 6.108023E+01
mv_mark -id 2 -plotindex 2 3.482284E+02 6.108023E+01 result X:3.5e+02 Y:90
###29: mv_mark -id 2 -plotindex 2 2.988914E+02 6.320035E+01
mv_mark -id 2 -plotindex 2 2.988914E+02 6.320035E+01 result X:3e+02 Y:90
###30: mv_mark -id 2 -plotindex 2 2.769096E+02 6.320035E+01
mv_mark -id 2 -plotindex 2 2.769096E+02 6.320035E+01 result X:2.8e+02 Y:90
###31: mv_mark -id 2 -plotindex 2 2.565445E+02 6.320035E+01
mv_mark -id 2 -plotindex 2 2.565445E+02 6.320035E+01 result X:2.6e+02 Y:90
###32: mv_mark -id 2 -plotindex 2 2.201973E+02 6.320035E+01
mv_mark -id 2 -plotindex 2 2.201973E+02 6.320035E+01 result X:2.2e+02 Y:90
###33: mv_mark -id 2 -plotindex 2 1.889998E+02 6.532047E+01
mv_mark -id 2 -plotindex 2 1.889998E+02 6.532047E+01 result X:1.9e+02 Y:90
###34: mv_mark -id 2 -plotindex 2 1.392387E+02 6.532047E+01
mv_mark -id 2 -plotindex 2 1.392387E+02 6.532047E+01 result X:1.4e+02 Y:90
###35: mv_mark -id 2 -plotindex 2 9.748584E+01 6.744059E+01
mv_mark -id 2 -plotindex 2 9.748584E+01 6.744059E+01 result X:1e+02 Y:90
###36: mv_mark -id 2 -plotindex 2 6.164380E+01 7.062077E+01
mv_mark -id 2 -plotindex 2 6.164380E+01 7.062077E+01 result X:1e+02 Y:90
###37: mv_mark -id 2 -plotindex 2 4.101608E+01 7.380094E+01
mv_mark -id 2 -plotindex 2 4.101608E+01 7.380094E+01 result X:1e+02 Y:90
###38: mv_mark -id 2 -plotindex 2 2.593594E+01 7.592106E+01
mv_mark -id 2 -plotindex 2 2.593594E+01 7.592106E+01 result X:1e+02 Y:90
###39: mv_mark -id 2 -plotindex 2 2.115604E+01 7.592106E+01
mv_mark -id 2 -plotindex 2 2.115604E+01 7.592106E+01 result X:1e+02 Y:90
###40: mv_mark -id 2 -plotindex 2 1.682319E+01 7.804118E+01
mv_mark -id 2 -plotindex 2 1.682319E+01 7.804118E+01 result X:1e+02 Y:90
###41: mv_mark -id 2 -plotindex 2 1.558594E+01 8.016130E+01
mv_mark -id 2 -plotindex 2 1.558594E+01 8.016130E+01 result X:1e+02 Y:90
###42: mv_mark -id 2 -plotindex 2 1.481208E+01 8.016130E+01
mv_mark -id 2 -plotindex 2 1.481208E+01 8.016130E+01 result X:1e+02 Y:90
###43: mv_mark -id 2 -plotindex 2 1.443968E+01 8.016130E+01
mv_mark -id 2 -plotindex 2 1.443968E+01 8.016130E+01 result X:1e+02 Y:90
###44: mv_meter -id 0 -plotindex 2 2.82E+05 8.08E+00
mv_meter -id 0 -plotindex 2 2.82E+05 8.08E+00 result X:1e+02 Y:90
###45: mv_meter -id 0 -plotindex 2 2.75E+05 8.08E+00
mv_meter -id 0 -plotindex 2 2.75E+05 8.08E+00 result X:1e+02 Y:90
###46: mv_meter -id 0 -plotindex 2 2.36E+05 7.02E+00
mv_meter -id 0 -plotindex 2 2.36E+05 7.02E+00 result X:1e+02 Y:90
###47: mv_meter -id 0 -plotindex 2 2.24E+05 7.02E+00
mv_meter -id 0 -plotindex 2 2.24E+05 7.02E+00 result X:1e+02 Y:90
###48: mv_meter -id 0 -plotindex 2 1.97E+05 7.02E+00
mv_meter -id 0 -plotindex 2 1.97E+05 7.02E+00 result X:1e+02 Y:90
###49: mv_meter -id 0 -plotindex 2 1.69E+05 7.02E+00
mv_meter -id 0 -plotindex 2 1.69E+05 7.02E+00 result X:1e+02 Y:90
###50: mv_meter -id 0 -plotindex 2 1.38E+05 7.02E+00
mv_meter -id 0 -plotindex 2 1.38E+05 7.02E+00 result X:1e+02 Y:90
###51: mv_meter -id 0 -plotindex 2 1.16E+05 7.02E+00
mv_meter -id 0 -plotindex 2 1.16E+05 7.02E+00 result X:1e+02 Y:90
###52: mv_meter -id 0 -plotindex 2 8.97E+04 7.02E+00
mv_meter -id 0 -plotindex 2 8.97E+04 7.02E+00 result X:1e+02 Y:90
###53: mv_meter -id 0 -plotindex 2 6.61E+04 7.02E+00
mv_meter -id 0 -plotindex 2 6.61E+04 7.02E+00 result X:1e+02 Y:90
###54: mv_meter -id 0 -plotindex 2 4.87E+04 7.02E+00
mv_meter -id 0 -plotindex 2 4.87E+04 7.02E+00 result X:1e+02 Y:90
###55: mv_meter -id 0 -plotindex 2 3.41E+04 7.02E+00
mv_meter -id 0 -plotindex 2 3.41E+04 7.02E+00 result X:1e+02 Y:90
###56: mv_meter -id 0 -plotindex 2 2.57E+04 7.02E+00
mv_meter -id 0 -plotindex 2 2.57E+04 7.02E+00 result X:1e+02 Y:90
###57: mv_meter -id 0 -plotindex 2 1.85E+04 7.02E+00
mv_meter -id 0 -plotindex 2 1.85E+04 7.02E+00 result X:1e+02 Y:90
###58: mv_meter -id 0 -plotindex 2 1.40E+04 7.02E+00
mv_meter -id 0 -plotindex 2 1.40E+04 7.02E+00 result X:1e+02 Y:90
###59: mv_meter -id 0 -plotindex 2 1.08E+04 7.02E+00
mv_meter -id 0 -plotindex 2 1.08E+04 7.02E+00 result X:1e+02 Y:90
###60: mv_meter -id 0 -plotindex 2 8.61E+03 7.02E+00
mv_meter -id 0 -plotindex 2 8.61E+03 7.02E+00 result X:1e+02 Y:90
###61: mv_meter -id 0 -plotindex 2 6.85E+03 7.02E+00
mv_meter -id 0 -plotindex 2 6.85E+03 7.02E+00 result X:1e+02 Y:90
###62: mv_meter -id 0 -plotindex 2 6.35E+03 7.02E+00
mv_meter -id 0 -plotindex 2 6.35E+03 7.02E+00 result X:1e+02 Y:90
###63: mv_meter -id 0 -plotindex 2 5.73E+03 7.02E+00
mv_meter -id 0 -plotindex 2 5.73E+03 7.02E+00 result X:1e+02 Y:90
###64: mv_meter -id 0 -plotindex 2 5.05E+03 7.02E+00
mv_meter -id 0 -plotindex 2 5.05E+03 7.02E+00 result X:1e+02 Y:90
###65: mv_meter -id 0 -plotindex 2 4.56E+03 7.02E+00
mv_meter -id 0 -plotindex 2 4.56E+03 7.02E+00 result X:1e+02 Y:90
###66: mv_meter -id 0 -plotindex 2 4.33E+03 8.08E+00
mv_meter -id 0 -plotindex 2 4.33E+03 8.08E+00 result X:1e+02 Y:90
###67: mv_meter -id 0 -plotindex 2 4.12E+03 9.14E+00
mv_meter -id 0 -plotindex 2 4.12E+03 9.14E+00 result X:1e+02 Y:90
###68: mv_meter -id 0 -plotindex 2 3.91E+03 1.13E+01
mv_meter -id 0 -plotindex 2 3.91E+03 1.13E+01 result X:1e+02 Y:90
###69: mv_meter -id 0 -plotindex 2 3.81E+03 1.13E+01
mv_meter -id 0 -plotindex 2 3.81E+03 1.13E+01 result X:1e+02 Y:90
###70: mv_meter -id 0 -plotindex 2 3.53E+03 1.13E+01
mv_meter -id 0 -plotindex 2 3.53E+03 1.13E+01 result X:1e+02 Y:90
###71: mv_meter -id 0 -plotindex 2 3.36E+03 1.34E+01
mv_meter -id 0 -plotindex 2 3.36E+03 1.34E+01 result X:1e+02 Y:90
###72: mv_meter -id 0 -plotindex 2 3.19E+03 1.44E+01
mv_meter -id 0 -plotindex 2 3.19E+03 1.44E+01 result X:1e+02 Y:90
###73: mv_meter -id 0 -plotindex 2 2.96E+03 1.55E+01
mv_meter -id 0 -plotindex 2 2.96E+03 1.55E+01 result X:1e+02 Y:90
###74: mv_meter -id 0 -plotindex 2 2.74E+03 1.55E+01
mv_meter -id 0 -plotindex 2 2.74E+03 1.55E+01 result X:1e+02 Y:90
###75: mv_meter -id 0 -plotindex 2 2.54E+03 1.76E+01
mv_meter -id 0 -plotindex 2 2.54E+03 1.76E+01 result X:1e+02 Y:90
###76: mv_meter -id 0 -plotindex 2 2.35E+03 1.97E+01
mv_meter -id 0 -plotindex 2 2.35E+03 1.97E+01 result X:1e+02 Y:90
###77: mv_meter -id 0 -plotindex 2 2.18E+03 2.08E+01
mv_meter -id 0 -plotindex 2 2.18E+03 2.08E+01 result X:1e+02 Y:90
###78: mv_meter -id 0 -plotindex 2 1.97E+03 2.19E+01
mv_meter -id 0 -plotindex 2 1.97E+03 2.19E+01 result X:1e+02 Y:90
###79: mv_meter -id 0 -plotindex 2 1.69E+03 2.61E+01
mv_meter -id 0 -plotindex 2 1.69E+03 2.61E+01 result X:1e+02 Y:90
###80: mv_meter -id 0 -plotindex 2 1.49E+03 2.72E+01
mv_meter -id 0 -plotindex 2 1.49E+03 2.72E+01 result X:1e+02 Y:90
###81: mv_meter -id 0 -plotindex 2 1.28E+03 2.93E+01
mv_meter -id 0 -plotindex 2 1.28E+03 2.93E+01 result X:1e+02 Y:90
###82: mv_meter -id 0 -plotindex 2 1.15E+03 3.03E+01
mv_meter -id 0 -plotindex 2 1.15E+03 3.03E+01 result X:1e+02 Y:90
###83: mv_meter -id 0 -plotindex 2 1.04E+03 3.14E+01
mv_meter -id 0 -plotindex 2 1.04E+03 3.14E+01 result X:1e+02 Y:90
###84: mv_meter -id 0 -plotindex 2 9.64E+02 3.35E+01
mv_meter -id 0 -plotindex 2 9.64E+02 3.35E+01 result X:1e+02 Y:90
###85: mv_meter -id 0 -plotindex 2 8.49E+02 3.46E+01
mv_meter -id 0 -plotindex 2 8.49E+02 3.46E+01 result X:1e+02 Y:90
###86: mv_meter -id 0 -plotindex 2 7.67E+02 3.67E+01
mv_meter -id 0 -plotindex 2 7.67E+02 3.67E+01 result X:1e+02 Y:90
###87: mv_meter -id 0 -plotindex 2 6.75E+02 3.88E+01
mv_meter -id 0 -plotindex 2 6.75E+02 3.88E+01 result X:1e+02 Y:90
###88: mv_meter -id 0 -plotindex 2 6.10E+02 4.20E+01
mv_meter -id 0 -plotindex 2 6.10E+02 4.20E+01 result X:1e+02 Y:90
###89: mv_meter -id 0 -plotindex 2 5.65E+02 4.31E+01
mv_meter -id 0 -plotindex 2 5.65E+02 4.31E+01 result X:1e+02 Y:90
###90: mv_meter -id 0 -plotindex 2 4.85E+02 4.52E+01
mv_meter -id 0 -plotindex 2 4.85E+02 4.52E+01 result X:1e+02 Y:90
###91: mv_meter -id 0 -plotindex 2 4.16E+02 4.52E+01
mv_meter -id 0 -plotindex 2 4.16E+02 4.52E+01 result X:1e+02 Y:90
###92: mv_meter -id 0 -plotindex 2 3.76E+02 4.73E+01
mv_meter -id 0 -plotindex 2 3.76E+02 4.73E+01 result X:1e+02 Y:90
###93: mv_meter -id 0 -plotindex 2 3.39E+02 4.84E+01
mv_meter -id 0 -plotindex 2 3.39E+02 4.84E+01 result X:1e+02 Y:90
###94: mv_meter -id 0 -plotindex 2 3.15E+02 4.94E+01
mv_meter -id 0 -plotindex 2 3.15E+02 4.94E+01 result X:1e+02 Y:90
###95: mv_meter -id 0 -plotindex 2 2.91E+02 4.94E+01
mv_meter -id 0 -plotindex 2 2.91E+02 4.94E+01 result X:1e+02 Y:90
###96: mv_meter -id 0 -plotindex 2 2.84E+02 4.94E+01
mv_meter -id 0 -plotindex 2 2.84E+02 4.94E+01 result X:1e+02 Y:90
###97: mv_meter -id 0 -plotindex 2 2.63E+02 4.94E+01
mv_meter -id 0 -plotindex 2 2.63E+02 4.94E+01 result X:1e+02 Y:90
###98: mv_meter -id 0 -plotindex 2 2.50E+02 4.94E+01
mv_meter -id 0 -plotindex 2 2.50E+02 4.94E+01 result X:1e+02 Y:90
###99: mv_meter -id 0 -plotindex 2 2.38E+02 5.05E+01
mv_meter -id 0 -plotindex 2 2.38E+02 5.05E+01 result X:1e+02 Y:90
###100: mv_meter -id 0 -plotindex 2 2.20E+02 5.05E+01
mv_meter -id 0 -plotindex 2 2.20E+02 5.05E+01 result X:1e+02 Y:90
###101: mv_meter -id 0 -plotindex 2 2.04E+02 5.05E+01
mv_meter -id 0 -plotindex 2 2.04E+02 5.05E+01 result X:1e+02 Y:90
###102: mv_meter -id 0 -plotindex 2 1.99E+02 5.05E+01
mv_meter -id 0 -plotindex 2 1.99E+02 5.05E+01 result X:1e+02 Y:90
###103: mv_meter -id 0 -plotindex 2 1.94E+02 5.05E+01
mv_meter -id 0 -plotindex 2 1.94E+02 5.05E+01 result X:1e+02 Y:90
###104: mv_meter -id 0 -plotindex 2 1.89E+02 5.05E+01
mv_meter -id 0 -plotindex 2 1.89E+02 5.05E+01 result X:1e+02 Y:90
###105: mv_meter -id 0 -plotindex 2 1.80E+02 5.05E+01
mv_meter -id 0 -plotindex 2 1.80E+02 5.05E+01 result X:1e+02 Y:90
###106: mv_meter -id 0 -plotindex 2 1.75E+02 5.05E+01
mv_meter -id 0 -plotindex 2 1.75E+02 5.05E+01 result X:1e+02 Y:90
###107: mv_meter -id 0 -plotindex 2 1.71E+02 5.05E+01
mv_meter -id 0 -plotindex 2 1.71E+02 5.05E+01 result X:1e+02 Y:90
###108: add_meter -DataXY
add_meter -DataXY, new ID: 3, meter num: 1 -> 2
###109: set_meter -id 3 ValueType=0++RangeTarget=0++UserMax=0++UserMin=0++LockedLevel=0
###110: mv_mark -id 5 -plotindex 2 1.829125E+05 5.577994E+01
mv_mark -id 5 -plotindex 2 1.829125E+05 5.577994E+01 result X:0.18M Y:50
###111: mv_mark -id 5 -plotindex 2 1.783138E+05 5.790006E+01
mv_mark -id 5 -plotindex 2 1.783138E+05 5.790006E+01 result X:0.17M Y:50
###112: mv_mark -id 5 -plotindex 2 1.382294E+05 6.320035E+01
mv_mark -id 5 -plotindex 2 1.382294E+05 6.320035E+01 result X:0.13M Y:53
###113: mv_mark -id 5 -plotindex 2 1.071558E+05 7.062077E+01
mv_mark -id 5 -plotindex 2 1.071558E+05 7.062077E+01 result X:99k Y:55
###114: mv_mark -id 5 -plotindex 2 6.605493E+04 8.652165E+01
mv_mark -id 5 -plotindex 2 6.605493E+04 8.652165E+01 result X:58k Y:60
###115: mv_mark -id 5 -plotindex 1 3.772413E+04 -1.659054E+02
mv_mark -id 5 -plotindex 1 3.772413E+04 -1.659054E+02 result X:40k Y:93
###116: mv_mark -id 5 -plotindex 1 1.995988E+04 -1.012781E+02
mv_mark -id 5 -plotindex 1 1.995988E+04 -1.012781E+02 result X:22k Y:95
###117: mv_mark -id 5 -plotindex 1 1.029528E+04 -2.822122E+01
mv_mark -id 5 -plotindex 1 1.029528E+04 -2.822122E+01 result X:11k Y:99
###118: mv_mark -id 5 -plotindex 1 6.186844E+03 3.921594E+01
mv_mark -id 5 -plotindex 1 6.186844E+03 3.921594E+01 result X:6.7k Y:1.1e+02
###119: mv_mark -id 5 -plotindex 1 4.116555E+03 9.260370E+01
mv_mark -id 5 -plotindex 1 4.116555E+03 9.260370E+01 result X:4.3k Y:1.1e+02
###120: mv_mark -id 5 -plotindex 1 2.882144E+03 1.375618E+02
mv_mark -id 5 -plotindex 1 2.882144E+03 1.375618E+02 result X:2.8k Y:1.2e+02
###121: mv_mark -id 5 -plotindex 0 2.178074E+03 -2.933335E+03
mv_mark -id 5 -plotindex 0 2.178074E+03 -2.933335E+03 result X:6.2k Y:8.7k
###122: mv_mark -id 5 -plotindex 0 1.688450E+03 1.222232E+03
mv_mark -id 5 -plotindex 0 1.688450E+03 1.222232E+03 result X:4.7k Y:11k
###123: mv_mark -id 5 -plotindex 0 1.275984E+03 4.888908E+03
mv_mark -id 5 -plotindex 0 1.275984E+03 4.888908E+03 result X:3.7k Y:14k
###124: mv_mark -id 5 -plotindex 0 1.040825E+03 7.822250E+03
mv_mark -id 5 -plotindex 0 1.040825E+03 7.822250E+03 result X:3k Y:16k
###125: mv_mark -id 5 -plotindex 0 8.068505E+02 1.100004E+04
mv_mark -id 5 -plotindex 0 8.068505E+02 1.100004E+04 result X:2.3k Y:19k
###126: mv_mark -id 5 -plotindex 0 6.925360E+02 1.320004E+04
mv_mark -id 5 -plotindex 0 6.925360E+02 1.320004E+04 result X:1.9k Y:22k
###127: mv_mark -id 5 -plotindex 0 5.649041E+02 1.515560E+04
mv_mark -id 5 -plotindex 0 5.649041E+02 1.515560E+04 result X:1.4k Y:25k
###128: mv_mark -id 5 -plotindex 0 4.379154E+02 1.760005E+04
mv_mark -id 5 -plotindex 0 4.379154E+02 1.760005E+04 result X:6.6e+02 Y:29k
###129: mv_mark -id 5 -plotindex 0 3.664216E+02 1.980006E+04
mv_mark -id 5 -plotindex 0 3.664216E+02 1.980006E+04 result X:4.3e+02 Y:30k
###130: mv_mark -id 5 -plotindex 0 3.065998E+02 2.200007E+04
mv_mark -id 5 -plotindex 0 3.065998E+02 2.200007E+04 result X:3.3e+02 Y:30k
###131: mv_mark -id 5 -plotindex 0 2.631608E+02 2.371118E+04
mv_mark -id 5 -plotindex 0 2.631608E+02 2.371118E+04 result X:2.7e+02 Y:30k
###132: mv_mark -id 5 -plotindex 0 2.146612E+02 2.517785E+04
mv_mark -id 5 -plotindex 0 2.146612E+02 2.517785E+04 result X:2.2e+02 Y:30k
###133: mv_mark -id 5 -plotindex 0 1.988741E+02 2.640008E+04
mv_mark -id 5 -plotindex 0 1.988741E+02 2.640008E+04 result X:2e+02 Y:30k
###134: mv_mark -id 5 -plotindex 0 1.706976E+02 2.786675E+04
mv_mark -id 5 -plotindex 0 1.706976E+02 2.786675E+04 result X:1.7e+02 Y:30k
###135: mv_mark -id 5 -plotindex 0 1.502918E+02 2.884453E+04
mv_mark -id 5 -plotindex 0 1.502918E+02 2.884453E+04 result X:1.5e+02 Y:30k
###136: mv_mark -id 5 -plotindex 0 1.323253E+02 3.031120E+04
mv_mark -id 5 -plotindex 0 1.323253E+02 3.031120E+04 result X:1.3e+02 Y:31k
###137: mv_mark -id 5 -plotindex 0 1.195114E+02 3.055564E+04
mv_mark -id 5 -plotindex 0 1.195114E+02 3.055564E+04 result X:1.2e+02 Y:31k
###138: mv_mark -id 5 -plotindex 0 1.052245E+02 3.128898E+04
mv_mark -id 5 -plotindex 0 1.052245E+02 3.128898E+04 result X:1.1e+02 Y:31k
###139: mv_mark -id 5 -plotindex 0 1.000000E+02 3.177787E+04
mv_mark -id 5 -plotindex 0 1.000000E+02 3.177787E+04 result X:1e+02 Y:31k
###140: mv_mark -id 5 -plotindex 0 9.503489E+01 3.226676E+04
mv_mark -id 5 -plotindex 0 9.503489E+01 3.226676E+04 result X:1e+02 Y:31k
###141: mv_mark -id 5 -plotindex 0 9.264557E+01 3.275565E+04
mv_mark -id 5 -plotindex 0 9.264557E+01 3.275565E+04 result X:1e+02 Y:31k
###142: mv_mark -id 5 -plotindex 0 9.031631E+01 3.324454E+04
mv_mark -id 5 -plotindex 0 9.031631E+01 3.324454E+04 result X:1e+02 Y:31k
###143: mv_mark -id 5 -plotindex 0 8.583201E+01 3.348899E+04
mv_mark -id 5 -plotindex 0 8.583201E+01 3.348899E+04 result X:1e+02 Y:31k
###144: mv_mark -id 5 -plotindex 0 8.367406E+01 3.397788E+04
mv_mark -id 5 -plotindex 0 8.367406E+01 3.397788E+04 result X:1e+02 Y:31k
###145: mv_mark -id 5 -plotindex 0 7.557132E+01 3.397788E+04
mv_mark -id 5 -plotindex 0 7.557132E+01 3.397788E+04 result X:1e+02 Y:31k
###146: mv_mark -id 5 -plotindex 0 7.557132E+01 3.422232E+04
mv_mark -id 5 -plotindex 0 7.557132E+01 3.422232E+04 result X:1e+02 Y:31k
###147: mv_mark -id 5 -plotindex 0 7.367134E+01 3.422232E+04
mv_mark -id 5 -plotindex 0 7.367134E+01 3.422232E+04 result X:1e+02 Y:31k
###148: mv_mark -id 5 -plotindex 0 7.001348E+01 3.422232E+04
mv_mark -id 5 -plotindex 0 7.001348E+01 3.422232E+04 result X:1e+02 Y:31k
###149: mv_mark -id 5 -plotindex 0 6.825323E+01 3.422232E+04
mv_mark -id 5 -plotindex 0 6.825323E+01 3.422232E+04 result X:1e+02 Y:31k
###150: mv_mark -id 5 -plotindex 0 6.653724E+01 3.422232E+04
mv_mark -id 5 -plotindex 0 6.653724E+01 3.422232E+04 result X:1e+02 Y:31k
###151: mv_mark -id 5 -plotindex 0 6.486439E+01 3.422232E+04
mv_mark -id 5 -plotindex 0 6.486439E+01 3.422232E+04 result X:1e+02 Y:31k
###152: mv_meter -id 3 -plotindex 2 3.73E+05 3.84E+00
mv_meter -id 3 -plotindex 2 3.73E+05 3.84E+00 result X:1e+02 Y:31k
###153: mv_meter -id 3 -plotindex 2 3.64E+05 4.90E+00
mv_meter -id 3 -plotindex 2 3.64E+05 4.90E+00 result X:1e+02 Y:31k
###154: mv_meter -id 3 -plotindex 2 3.55E+05 4.90E+00
mv_meter -id 3 -plotindex 2 3.55E+05 4.90E+00 result X:1e+02 Y:31k
###155: mv_meter -id 3 -plotindex 2 3.37E+05 5.96E+00
mv_meter -id 3 -plotindex 2 3.37E+05 5.96E+00 result X:1e+02 Y:31k
###156: mv_meter -id 3 -plotindex 2 3.12E+05 9.14E+00
mv_meter -id 3 -plotindex 2 3.12E+05 9.14E+00 result X:1e+02 Y:31k
###157: mv_meter -id 3 -plotindex 2 3.04E+05 9.14E+00
mv_meter -id 3 -plotindex 2 3.04E+05 9.14E+00 result X:1e+02 Y:31k
###158: mv_meter -id 3 -plotindex 2 2.89E+05 1.13E+01
mv_meter -id 3 -plotindex 2 2.89E+05 1.13E+01 result X:1e+02 Y:31k
###159: mv_meter -id 3 -plotindex 2 2.68E+05 1.34E+01
mv_meter -id 3 -plotindex 2 2.68E+05 1.34E+01 result X:1e+02 Y:31k
###160: mv_meter -id 3 -plotindex 2 2.24E+05 1.55E+01
mv_meter -id 3 -plotindex 2 2.24E+05 1.55E+01 result X:1e+02 Y:31k
###161: mv_meter -id 3 -plotindex 2 1.92E+05 1.97E+01
mv_meter -id 3 -plotindex 2 1.92E+05 1.97E+01 result X:1e+02 Y:31k
###162: mv_meter -id 3 -plotindex 2 1.57E+05 2.61E+01
mv_meter -id 3 -plotindex 2 1.57E+05 2.61E+01 result X:1e+02 Y:31k
###163: mv_meter -id 3 -plotindex 2 1.16E+05 3.46E+01
mv_meter -id 3 -plotindex 2 1.16E+05 3.46E+01 result X:1e+02 Y:31k
###164: mv_meter -id 3 -plotindex 2 8.97E+04 4.31E+01
mv_meter -id 3 -plotindex 2 8.97E+04 4.31E+01 result X:1e+02 Y:31k
###165: mv_meter -id 3 -plotindex 2 5.97E+04 5.90E+01
mv_meter -id 3 -plotindex 2 5.97E+04 5.90E+01 result X:1e+02 Y:31k
###166: mv_meter -id 3 -plotindex 2 3.97E+04 7.27E+01
mv_meter -id 3 -plotindex 2 3.97E+04 7.27E+01 result X:1e+02 Y:31k
###167: select_plot 1
select_plot :1
###168: mv_meter -id 3 -plotindex 1 2.64E+04 -2.14E+02
mv_meter -id 3 -plotindex 1 2.64E+04 -2.14E+02 result X:1e+02 Y:31k
###169: mv_meter -id 3 -plotindex 1 1.67E+04 -1.69E+02
mv_meter -id 3 -plotindex 1 1.67E+04 -1.69E+02 result X:1e+02 Y:31k
###170: mv_meter -id 3 -plotindex 1 1.11E+04 -1.27E+02
mv_meter -id 3 -plotindex 1 1.11E+04 -1.27E+02 result X:1e+02 Y:31k
###171: mv_meter -id 3 -plotindex 1 7.98E+03 -9.85E+01
mv_meter -id 3 -plotindex 1 7.98E+03 -9.85E+01 result X:1e+02 Y:31k
###172: mv_meter -id 3 -plotindex 1 5.18E+03 -6.19E+01
mv_meter -id 3 -plotindex 1 5.18E+03 -6.19E+01 result X:1e+02 Y:31k
###173: mv_meter -id 3 -plotindex 1 3.53E+03 -2.54E+01
mv_meter -id 3 -plotindex 1 3.53E+03 -2.54E+01 result X:1e+02 Y:31k
###174: mv_meter -id 3 -plotindex 1 2.74E+03 -1.14E+01
mv_meter -id 3 -plotindex 1 2.74E+03 -1.14E+01 result X:1e+02 Y:31k
###175: mv_meter -id 3 -plotindex 1 2.12E+03 1.11E+01
mv_meter -id 3 -plotindex 1 2.12E+03 1.11E+01 result X:1e+02 Y:31k
###176: mv_meter -id 3 -plotindex 1 1.73E+03 2.52E+01
mv_meter -id 3 -plotindex 1 1.73E+03 2.52E+01 result X:1e+02 Y:31k
###177: mv_meter -id 3 -plotindex 1 1.49E+03 4.48E+01
mv_meter -id 3 -plotindex 1 1.49E+03 4.48E+01 result X:1e+02 Y:31k
###178: mv_meter -id 3 -plotindex 1 1.21E+03 6.17E+01
mv_meter -id 3 -plotindex 1 1.21E+03 6.17E+01 result X:1e+02 Y:31k
###179: mv_meter -id 3 -plotindex 1 1.01E+03 7.86E+01
mv_meter -id 3 -plotindex 1 1.01E+03 7.86E+01 result X:1e+02 Y:31k
###180: mv_meter -id 3 -plotindex 1 8.28E+02 9.54E+01
mv_meter -id 3 -plotindex 1 8.28E+02 9.54E+01 result X:1e+02 Y:31k
###181: mv_meter -id 3 -plotindex 1 6.75E+02 1.15E+02
mv_meter -id 3 -plotindex 1 6.75E+02 1.15E+02 result X:1e+02 Y:31k
###182: select_plot 0
select_plot :1
###183: mv_meter -id 3 -plotindex 0 5.65E+02 -6.11E+03
mv_meter -id 3 -plotindex 0 5.65E+02 -6.11E+03 result X:1e+02 Y:31k
###184: mv_meter -id 3 -plotindex 0 4.73E+02 -4.89E+03
mv_meter -id 3 -plotindex 0 4.73E+02 -4.89E+03 result X:1e+02 Y:31k
###185: mv_meter -id 3 -plotindex 0 3.86E+02 -3.18E+03
mv_meter -id 3 -plotindex 0 3.86E+02 -3.18E+03 result X:1e+02 Y:31k
###186: mv_meter -id 3 -plotindex 0 3.07E+02 -1.47E+03
mv_meter -id 3 -plotindex 0 3.07E+02 -1.47E+03 result X:1e+02 Y:31k
###187: mv_meter -id 3 -plotindex 0 2.63E+02 2.44E+02
mv_meter -id 3 -plotindex 0 2.63E+02 2.44E+02 result X:1e+02 Y:31k
###188: mv_meter -id 3 -plotindex 0 2.20E+02 1.22E+03
mv_meter -id 3 -plotindex 0 2.20E+02 1.22E+03 result X:1e+02 Y:31k
###189: mv_meter -id 3 -plotindex 0 1.94E+02 2.69E+03
mv_meter -id 3 -plotindex 0 1.94E+02 2.69E+03 result X:1e+02 Y:31k
###190: mv_meter -id 3 -plotindex 0 1.75E+02 3.42E+03
mv_meter -id 3 -plotindex 0 1.75E+02 3.42E+03 result X:1e+02 Y:31k
###191: mv_meter -id 3 -plotindex 0 1.66E+02 4.16E+03
mv_meter -id 3 -plotindex 0 1.66E+02 4.16E+03 result X:1e+02 Y:31k
###192: mv_meter -id 3 -plotindex 0 1.50E+02 4.89E+03
mv_meter -id 3 -plotindex 0 1.50E+02 4.89E+03 result X:1e+02 Y:31k
###193: mv_meter -id 3 -plotindex 0 1.50E+02 5.13E+03
mv_meter -id 3 -plotindex 0 1.50E+02 5.13E+03 result X:1e+02 Y:31k
###194: mv_meter -id 3 -plotindex 0 1.50E+02 5.38E+03
mv_meter -id 3 -plotindex 0 1.50E+02 5.38E+03 result X:1e+02 Y:31k
###195: mv_meter -id 3 -plotindex 0 1.50E+02 5.87E+03
mv_meter -id 3 -plotindex 0 1.50E+02 5.87E+03 result X:1e+02 Y:31k
###196: mv_meter -id 3 -plotindex 0 1.50E+02 6.36E+03
mv_meter -id 3 -plotindex 0 1.50E+02 6.36E+03 result X:1e+02 Y:31k
###197: mv_meter -id 3 -plotindex 0 1.47E+02 6.60E+03
mv_meter -id 3 -plotindex 0 1.47E+02 6.60E+03 result X:1e+02 Y:31k
###198: mv_meter -id 3 -plotindex 0 1.47E+02 7.33E+03
mv_meter -id 3 -plotindex 0 1.47E+02 7.33E+03 result X:1e+02 Y:31k
###199: mv_meter -id 3 -plotindex 0 1.47E+02 7.58E+03
mv_meter -id 3 -plotindex 0 1.47E+02 7.58E+03 result X:1e+02 Y:31k
###200: mv_meter -id 3 -plotindex 0 1.47E+02 8.31E+03
mv_meter -id 3 -plotindex 0 1.47E+02 8.31E+03 result X:1e+02 Y:31k
###201: mv_meter -id 3 -plotindex 0 1.47E+02 9.29E+03
mv_meter -id 3 -plotindex 0 1.47E+02 9.29E+03 result X:1e+02 Y:31k
###202: mv_meter -id 3 -plotindex 0 1.47E+02 9.78E+03
mv_meter -id 3 -plotindex 0 1.47E+02 9.78E+03 result X:1e+02 Y:31k
###203: mv_meter -id 3 -plotindex 0 1.47E+02 1.00E+04
mv_meter -id 3 -plotindex 0 1.47E+02 1.00E+04 result X:1e+02 Y:31k
###204: mv_meter -id 3 -plotindex 0 1.47E+02 1.03E+04
mv_meter -id 3 -plotindex 0 1.47E+02 1.03E+04 result X:1e+02 Y:31k
###205: mv_meter -id 3 -plotindex 0 1.47E+02 1.05E+04
mv_meter -id 3 -plotindex 0 1.47E+02 1.05E+04 result X:1e+02 Y:31k
###206: mv_meter -id 3 -plotindex 0 1.47E+02 1.10E+04
mv_meter -id 3 -plotindex 0 1.47E+02 1.10E+04 result X:1e+02 Y:31k
###207: mv_meter -id 3 -plotindex 0 1.47E+02 1.12E+04
mv_meter -id 3 -plotindex 0 1.47E+02 1.12E+04 result X:1e+02 Y:31k
###208: mv_meter -id 3 -plotindex 0 1.47E+02 1.15E+04
mv_meter -id 3 -plotindex 0 1.47E+02 1.15E+04 result X:1e+02 Y:31k
###209: mv_meter -id 3 -plotindex 0 1.50E+02 1.17E+04
mv_meter -id 3 -plotindex 0 1.50E+02 1.17E+04 result X:1e+02 Y:31k
###210: mv_meter -id 3 -plotindex 0 1.62E+02 1.27E+04
mv_meter -id 3 -plotindex 0 1.62E+02 1.27E+04 result X:1e+02 Y:31k
###211: mv_meter -id 3 -plotindex 0 1.66E+02 1.32E+04
mv_meter -id 3 -plotindex 0 1.66E+02 1.32E+04 result X:1e+02 Y:31k
###212: mv_meter -id 3 -plotindex 0 1.71E+02 1.37E+04
mv_meter -id 3 -plotindex 0 1.71E+02 1.37E+04 result X:1e+02 Y:31k
###213: mv_meter -id 3 -plotindex 0 1.80E+02 1.42E+04
mv_meter -id 3 -plotindex 0 1.80E+02 1.42E+04 result X:1e+02 Y:31k
###214: mv_meter -id 3 -plotindex 0 1.84E+02 1.44E+04
mv_meter -id 3 -plotindex 0 1.84E+02 1.44E+04 result X:1e+02 Y:31k
###215: mv_meter -id 3 -plotindex 0 1.89E+02 1.49E+04
mv_meter -id 3 -plotindex 0 1.89E+02 1.49E+04 result X:1e+02 Y:31k
###216: mv_meter -id 3 -plotindex 0 1.99E+02 1.59E+04
mv_meter -id 3 -plotindex 0 1.99E+02 1.59E+04 result X:1e+02 Y:31k
###217: mv_meter -id 3 -plotindex 0 2.04E+02 1.64E+04
mv_meter -id 3 -plotindex 0 2.04E+02 1.64E+04 result X:1e+02 Y:31k
###218: mv_meter -id 3 -plotindex 0 2.09E+02 1.66E+04
mv_meter -id 3 -plotindex 0 2.09E+02 1.66E+04 result X:1e+02 Y:31k
###219: mv_meter -id 3 -plotindex 0 2.15E+02 1.69E+04
mv_meter -id 3 -plotindex 0 2.15E+02 1.69E+04 result X:1e+02 Y:31k
###220: mv_meter -id 3 -plotindex 0 2.32E+02 1.74E+04
mv_meter -id 3 -plotindex 0 2.32E+02 1.74E+04 result X:1e+02 Y:31k
###221: mv_meter -id 3 -plotindex 0 2.38E+02 1.76E+04
mv_meter -id 3 -plotindex 0 2.38E+02 1.76E+04 result X:1e+02 Y:31k
###222: mv_meter -id 3 -plotindex 0 2.44E+02 1.78E+04
mv_meter -id 3 -plotindex 0 2.44E+02 1.78E+04 result X:1e+02 Y:31k
###223: select_plot 1
select_plot :1
###224: move_cursor -id 0 nan 135
###225: chaxis -plot 1 -axis 0 DB20
###226: add_cursor -x
add_cursor -x result: 2
###227: move_cursor -id 1 34463.6 342.683
###228: move_cursor -id 1 36275.9 342.683
###229: move_cursor -id 1 41234.7 342.683
###230: move_cursor -id 1 49336 337.063
###231: move_cursor -id 1 62133.1 337.063
###232: move_cursor -id 1 84502.2 337.063
###233: move_cursor -id 1 109183 337.063
###234: move_cursor -id 1 168789 337.063
###235: move_cursor -id 1 241628 337.063
###236: move_cursor -id 1 337149 337.063
###237: move_cursor -id 1 413859 337.063
###238: move_cursor -id 1 562856 337.063
###239: move_cursor -id 1 639796 331.444
###240: move_cursor -id 1 765496 331.444
###241: move_cursor -id 1 870135 331.444
###242: move_cursor -id 1 989078 325.824
###243: move_cursor -id 1 1.01475e+06 325.824
###244: move_cursor -id 1 1.09584e+06 325.824
###245: move_cursor -id 1 1.12428e+06 325.824
###246: move_cursor -id 1 1.1834e+06 323.014
###247: move_cursor -id 1 1.21412e+06 323.014
###248: move_cursor -id 1 1.24563e+06 323.014
###249: move_cursor -id 1 1.38008e+06 323.014
###250: move_cursor -id 1 1.4159e+06 323.014
###251: move_cursor -id 1 1.49036e+06 323.014
###252: move_cursor -id 1 1.56873e+06 320.204
###253: move_cursor -id 1 1.65122e+06 317.394
###254: move_cursor -id 1 1.78317e+06 317.394
###255: move_cursor -id 1 1.82945e+06 317.394
###256: move_cursor -id 1 2.02692e+06 314.584
###257: move_cursor -id 1 2.18888e+06 314.584
###258: move_cursor -id 1 2.42514e+06 306.155
###259: move_cursor -id 1 2.61893e+06 303.345
###260: move_cursor -id 1 2.90161e+06 303.345
###261: move_cursor -id 1 3.13347e+06 303.345
###262: move_cursor -id 1 3.38386e+06 303.345
###263: move_cursor -id 1 3.47169e+06 297.725
###264: move_cursor -id 1 3.7491e+06 297.725
###265: move_cursor -id 1 4.15377e+06 297.725
###266: move_cursor -id 1 4.72156e+06 297.725
###267: move_cursor -id 1 5.09885e+06 297.725
###268: move_cursor -id 1 6.42142e+06 297.725
###269: move_cursor -id 1 8.08705e+06 297.725
###270: move_cursor -id 1 9.19251e+06 297.725
###271: move_cursor -id 1 1.04491e+07 297.725
###272: move_cursor -id 1 1.15769e+07 297.725
###273: move_cursor -id 1 1.3501e+07 297.725
###274: move_cursor -id 1 1.45798e+07 297.725
###275: move_cursor -id 1 1.7003e+07 297.725
###276: move_cursor -id 1 1.83616e+07 294.915
###277: move_cursor -id 1 1.88382e+07 294.915
###278: move_cursor -id 1 2.03435e+07 294.915
###279: move_cursor -id 1 2.08716e+07 294.915
###280: move_cursor -id 1 2.19691e+07 294.915
###281: move_cursor -id 1 2.31244e+07 294.915
###282: move_cursor -id 1 2.43404e+07 292.105
###283: move_cursor -id 1 2.49722e+07 289.295
###284: move_cursor -id 1 2.56203e+07 289.295
###285: move_cursor -id 1 2.62854e+07 289.295
###286: move_cursor -id 1 2.69676e+07 289.295
###287: move_cursor -id 1 2.83857e+07 289.295
###288: move_cursor -id 1 2.91225e+07 289.295
###289: move_cursor -id 1 2.98784e+07 289.295
###290: move_cursor -id 1 3.0654e+07 289.295
###291: move_cursor -id 1 3.0654e+07 286.486
###292: move_cursor -id 1 3.31034e+07 286.486
###293: move_cursor -id 1 3.39627e+07 286.486
###294: move_cursor -id 1 3.48442e+07 286.486
###295: move_cursor -id 1 3.48442e+07 283.676
###296: move_cursor -id 1 3.57486e+07 283.676
###297: move_cursor -id 1 3.66765e+07 280.866
###298: move_cursor -id 1 3.76285e+07 280.866
###299: move_cursor -id 1 3.86052e+07 280.866
###300: move_cursor -id 1 3.96072e+07 278.056
###301: move_cursor -id 1 4.06353e+07 278.056
###302: move_cursor -id 1 4.169e+07 278.056
###303: move_cursor -id 1 4.38823e+07 278.056
###304: move_cursor -id 1 4.38823e+07 275.246
###305: move_cursor -id 1 4.61899e+07 269.626
###306: move_cursor -id 1 4.73888e+07 269.626
###307: move_cursor -id 1 4.86188e+07 269.626
###308: move_cursor -id 1 4.86188e+07 266.816
###309: move_cursor -id 1 4.73888e+07 266.816
###310: move_cursor -id 1 4.61899e+07 266.816
###311: move_cursor -id 1 4.27721e+07 266.816
###312: move_cursor -id 1 4.169e+07 266.816
###313: move_cursor -id 1 4.38823e+07 266.816
###314: move_cursor -id 1 4.61899e+07 266.816
###315: move_cursor -id 1 4.73888e+07 266.816
###316: move_cursor -id 1 4.86188e+07 266.816
###317: move_cursor -id 1 4.73888e+07 266.816
###318: move_cursor -id 1 4.61899e+07 266.816
###319: move_cursor -id 1 4.27721e+07 266.816
###320: move_cursor -id 1 4.169e+07 266.816
###321: move_cursor -id 1 4.06353e+07 266.816
###322: move_cursor -id 1 4.27721e+07 266.816
###323: move_cursor -id 1 4.38823e+07 275.246
###324: move_cursor -id 1 4.73888e+07 275.246
###325: move_cursor -id 1 4.86188e+07 275.246
###326: move_cursor -id 1 4.98808e+07 275.246
###327: move_cursor -id 1 5.11755e+07 275.246
###328: move_cursor -id 1 5.25038e+07 275.246
###329: move_cursor -id 1 5.38666e+07 278.056
###330: move_cursor -id 1 5.52648e+07 278.056
###331: move_cursor -id 1 5.38666e+07 280.866
###332: move_cursor -id 1 5.25038e+07 280.866
###333: move_cursor -id 1 5.11755e+07 280.866
###334: move_cursor -id 1 4.98808e+07 280.866
###335: move_cursor -id 1 4.86188e+07 280.866
###336: zoom_in 1 1.53465e+07 2.9988e+08 -179.955 176.9
yLeft range: -179.955~176.9
Panel uniform X-axis range: 1.53465e+07~ 2.9988e+08
"f<0>::s<v(vout)>[0]"/"f<0>::s<v(vinn)>[0]"     Loop_Gain   Nominal datas:
"f<0>::s<v(vout)>[0]"/"f<0>::s<v(vinn)>[0]"     Loop_Gain   Nominal datas:
2*db10(abs("f<0>::s<v(vout)>[0]"/"f<0>::s<v(vinn)>[0]"))     Loop_Gain_dB   Nominal datas:
###337: move_cursor -id 1 4.79325e+07 -154.666
###338: move_cursor -id 1 4.81595e+07 -154.666
###339: move_cursor -id 1 4.83876e+07 -154.666
###340: move_cursor -id 1 4.83876e+07 -157.476
###341: move_cursor -id 1 4.86168e+07 -157.476
###342: move_cursor -id 1 4.90785e+07 -157.476
###343: move_cursor -id 1 4.9311e+07 -160.286
###344: move_cursor -id 1 4.97793e+07 -160.286
###345: move_cursor -id 1 5.00151e+07 -163.096
###346: move_cursor -id 1 5.0252e+07 -163.096
###347: move_cursor -id 1 5.00151e+07 -163.096
###348: move_cursor -id 1 4.97793e+07 -163.096
###349: move_cursor -id 1 4.9311e+07 -163.096
###350: move_cursor -id 1 4.90785e+07 -163.096
###351: move_cursor -id 1 4.86168e+07 -163.096
###352: move_cursor -id 1 4.83876e+07 -163.096
###353: move_cursor -id 1 4.81595e+07 -163.096
###354: move_cursor -id 1 4.79325e+07 -163.096
###355: move_cursor -id 1 4.79325e+07 -160.286
###356: move_cursor -id 1 4.77065e+07 -157.476
###357: move_cursor -id 1 4.74816e+07 -154.666
###358: move_cursor -id 1 4.72577e+07 -154.666
###359: move_cursor -id 1 4.72577e+07 -151.856
###360: move_cursor -id 1 4.70349e+07 -151.856
###361: move_cursor -id 1 4.68131e+07 -151.856
###362: move_cursor -id 1 4.68131e+07 -146.236
###363: move_cursor -id 1 4.65924e+07 -143.426
###364: move_cursor -id 1 4.61541e+07 -143.426
###365: move_cursor -id 1 4.59365e+07 -143.426
###366: move_cursor -id 1 4.59365e+07 -140.616
###367: move_cursor -id 1 4.55044e+07 -140.616
###368: move_cursor -id 1 4.52899e+07 -140.616
###369: move_cursor -id 1 4.572e+07 -140.616
###370: move_cursor -id 1 4.59365e+07 -140.616
