###1: cross_probe -file /tmp/plotDSOZ2P
cross_probe -file /tmp/plotDSOZ2P OK
###2: open_file /home/undergrad19_exam/laixunqin_exam/simulation/laixunqin_exam/competition_testbench_schematic_ALPS/competition_testbench_schematic_Nominal.sp.sim/competition_testbench_schematic_Nominal.sp.ac0
open_file competition_testbench_schematic_Nominal.sp.ac0: OK
###3: calc &f<0>::s<v(vout)>@0#&/&f<0>::s<v(vinn)>@0#&
calc "f<0>::s<v(vout)>[0]"/"f<0>::s<v(vinn)>[0]" :91
###4: add_panel -1
add_panel :0
###5: open_wave -group Doc_Not_Found,0,_calc_wfs_\(0\)
###6: chaxis Log10
"f<0>::s<v(vout)>[0]"/"f<0>::s<v(vinn)>[0]"     loop_gain   Nominal datas:
###7: chaxis -plot 1 -axis 0 Linear
"f<0>::s<v(vout)>[0]"/"f<0>::s<v(vinn)>[0]"     loop_gain   Nominal datas:
###8: chaxis -plot 1 -axis 0 DB20
###9: select_plot 0
select_plot :1
###10: add_cursor -x
add_cursor -x result: 1
###11: move_cursor -id 0 245.192 289.395
###12: move_cursor -id 0 229.557 289.395
###13: move_cursor -id 0 222.117 289.395
###14: move_cursor -id 0 194.692 289.395
###15: move_cursor -id 0 154.593 293.104
###16: move_cursor -id 0 122.752 293.104
###17: move_cursor -id 0 94.3111 293.104
###18: move_cursor -id 0 77.3949 293.104
###19: move_cursor -id 0 65.6402 293.104
###20: move_cursor -id 0 55.6709 293.104
###21: move_cursor -id 0 47.2156 293.104
###22: move_cursor -id 0 42.7721 293.104
###23: move_cursor -id 0 38.7468 293.104
###24: move_cursor -id 0 36.2759 293.104
###25: move_cursor -id 0 35.1002 293.104
###26: move_cursor -id 0 33.9627 293.104
###27: move_cursor -id 0 32.8619 293.104
###28: move_cursor -id 0 32.8619 294.959
###29: move_cursor -id 0 36.2759 294.959
###30: move_cursor -id 0 45.6854 294.959
###31: move_cursor -id 0 72.4595 294.959
###32: move_cursor -id 0 140.044 291.249
###33: move_cursor -id 0 308.792 291.249
###34: move_cursor -id 0 1011.04 280.12
###35: move_cursor -id 0 2901.61 272.701
###36: move_cursor -id 0 8606.31 265.281
###37: move_cursor -id 0 21649.8 261.572
###38: move_cursor -id 0 46189.9 261.572
###39: move_cursor -id 0 95352.5 261.572
###40: move_cursor -id 0 166946 261.572
###41: move_cursor -id 0 247900 261.572
###42: move_cursor -id 0 333467 261.572
###43: move_cursor -id 0 380440 261.572
###44: move_cursor -id 0 419963 261.572
###45: move_cursor -id 0 463593 261.572
###46: move_cursor -id 0 546612 261.572
###47: move_cursor -id 0 666085 261.572
###48: move_cursor -id 0 957022 261.572
###49: move_cursor -id 0 1.78971e+06 261.572
###50: move_cursor -id 0 3.57486e+06 257.862
###51: move_cursor -id 0 6.9092e+06 257.862
###52: move_cursor -id 0 1.20968e+07 252.297
###53: move_cursor -id 0 1.98288e+07 248.588
###54: move_cursor -id 0 2.58086e+07 248.588
###55: move_cursor -id 0 2.94441e+07 248.588
###56: move_cursor -id 0 3.14496e+07 246.733
###57: move_cursor -id 0 3.2503e+07 246.733
###58: move_cursor -id 0 3.35917e+07 246.733
###59: move_cursor -id 0 3.70815e+07 246.733
###60: move_cursor -id 0 3.96072e+07 246.733
###61: move_cursor -id 0 4.23049e+07 246.733
###62: move_cursor -id 0 4.37219e+07 246.733
###63: move_cursor -id 0 4.66999e+07 246.733
###64: move_cursor -id 0 4.82642e+07 246.733
###65: move_cursor -id 0 4.98808e+07 246.733
###66: move_cursor -id 0 5.15515e+07 246.733
###67: move_cursor -id 0 5.32783e+07 246.733
###68: move_cursor -id 0 5.50628e+07 246.733
###69: move_cursor -id 0 4.98808e+07 7.45596
###70: move_cursor -id 0 4.82642e+07 7.45596
###71: move_cursor -id 0 4.82642e+07 5.6011
###72: move_cursor -id 0 4.66999e+07 5.6011
###73: move_cursor -id 0 4.51864e+07 5.6011
###74: move_cursor -id 0 4.51864e+07 3.74624
###75: move_cursor -id 0 4.66999e+07 1.89138
###76: move_cursor -id 0 4.82642e+07 1.89138
###77: move_cursor -id 0 4.98808e+07 0.0365249
###78: move_cursor -id 0 5.15515e+07 0.0365249
###79: move_cursor -id 0 5.15515e+07 -1.81833
###80: move_cursor -id 0 5.32783e+07 -1.81833
###81: move_cursor -id 0 5.50628e+07 -3.67319
###82: move_cursor -id 0 5.50628e+07 -5.52805
###83: move_cursor -id 0 5.32783e+07 -5.52805
###84: move_cursor -id 0 5.15515e+07 -5.52805
###85: move_cursor -id 0 5.15515e+07 -7.38291
###86: move_cursor -id 0 5.32783e+07 -9.23777
###87: move_cursor -id 0 5.50628e+07 -12.9475
###88: move_cursor -id 0 5.69072e+07 -12.9475
###89: move_cursor -id 0 5.88133e+07 -12.9475
###90: move_cursor -id 0 6.07832e+07 -14.8023
###91: move_cursor -id 0 6.07832e+07 -16.6572
###92: move_cursor -id 0 5.69072e+07 -16.6572
###93: move_cursor -id 0 5.50628e+07 -16.6572
###94: move_cursor -id 0 5.50628e+07 -14.8023
###95: move_cursor -id 0 4.66999e+07 -48.1898
###96: move_cursor -id 0 4.37219e+07 -48.1898
###97: move_cursor -id 0 4.09339e+07 -48.1898
###98: move_cursor -id 0 3.58797e+07 -48.1898
###99: move_cursor -id 0 3.14496e+07 -48.1898
###100: move_cursor -id 0 2.75665e+07 -48.1898
###101: move_cursor -id 0 2.49722e+07 -48.1898
###102: move_cursor -id 0 2.33797e+07 -48.1898
###103: move_cursor -id 0 2.2622e+07 -48.1898
###104: move_cursor -id 0 2.11794e+07 -48.1898
###105: move_cursor -id 0 1.98288e+07 -46.335
###106: move_cursor -id 0 1.98288e+07 -44.4801
###107: move_cursor -id 0 1.91862e+07 -44.4801
###108: move_cursor -id 0 1.85644e+07 -44.4801
###109: move_cursor -id 0 1.79627e+07 -44.4801
###110: move_cursor -id 0 1.73806e+07 -44.4801
###111: move_cursor -id 0 1.79627e+07 -44.4801
###112: move_cursor -id 0 1.85644e+07 -44.4801
###113: move_cursor -id 0 1.98288e+07 -44.4801
###114: cross_probe -file /tmp/plotFi1b78
cross_probe -file /tmp/plotFi1b78 OK
###115: reload /home/undergrad19_exam/laixunqin_exam/simulation/laixunqin_exam/competition_testbench_schematic_ALPS/competition_testbench_schematic_Nominal.sp.sim/competition_testbench_schematic_Nominal.sp.ac0
reload /home/undergrad19_exam/laixunqin_exam/simulation/laixunqin_exam/competition_testbench_schematic_ALPS/competition_testbench_schematic_Nominal.sp.sim/competition_testbench_schematic_Nominal.sp.ac0 : 1
"f<0>::s<v(vout)>[0]"/"f<0>::s<v(vinn)>[0]"     loop_gain   Nominal datas:
"f<0>::s<v(vout)>[0]"/"f<0>::s<v(vinn)>[0]"     loop_gain   Nominal datas:
###116: calc &f<0>::s<v(vout)>@0#&/&f<0>::s<v(vinn)>@0#&
calc "f<0>::s<v(vout)>[0]"/"f<0>::s<v(vinn)>[0]" :81
###117: open_wave -group Doc_Not_Found,0,_calc_wfs_\(2\)
"f<0>::s<v(vout)>[0]"/"f<0>::s<v(vinn)>[0]"     loop_gain   Nominal datas:
###118: chaxis -plot 3 -axis 0 Linear
"f<0>::s<v(vout)>[0]"/"f<0>::s<v(vinn)>[0]"     loop_gain   Nominal datas:
###119: exit
exit
