###1: cross_probe -file /tmp/plotaVzxql
cross_probe -file /tmp/plotaVzxql OK
###2: open_file /home/undergrad19_exam/zuoshiyu_exam/simulation/zuoshiyu_exam/final_Question1_schematic_ALPS/final_Question1_schematic_Nominal.sp.sim/final_Question1_schematic_Nominal.sp.ac0
open_file final_Question1_schematic_Nominal.sp.ac0: OK
###3: add_panel 0
add_panel :0
###4: open_wave -group /home/undergrad19_exam/zuoshiyu_exam/simulation/zuoshiyu_exam/final_Question1_schematic_ALPS/final_Question1_schematic_Nominal.sp.sim/final_Question1_schematic_Nominal.sp.ac0,0,isub\(xi1.iout\)
###5: chaxis Log10
final_Question1_schematic_Nominal.sp.ac0     isub(xi1.iout)   Nominal datas:
###6: chaxis -plot 1 -axis 0 Linear
final_Question1_schematic_Nominal.sp.ac0     isub(xi1.iout)   Nominal datas:
###7: cross_probe -file /tmp/plotGiBUAC
cross_probe -file /tmp/plotGiBUAC OK
###8: reload /home/undergrad19_exam/zuoshiyu_exam/simulation/zuoshiyu_exam/final_Question1_schematic_ALPS/final_Question1_schematic_Nominal.sp.sim/final_Question1_schematic_Nominal.sp.ac0
reload /home/undergrad19_exam/zuoshiyu_exam/simulation/zuoshiyu_exam/final_Question1_schematic_ALPS/final_Question1_schematic_Nominal.sp.sim/final_Question1_schematic_Nominal.sp.ac0 : 1
final_Question1_schematic_Nominal.sp.ac0     isub(xi1.iout)   Nominal datas:
final_Question1_schematic_Nominal.sp.ac0     isub(xi1.iout)   Nominal datas:
###9: select_plot 0
select_plot :1
###10: select_plot 1
select_plot :1
