###1: exit
exit
e -file /tmp/plotrB93qU
cross_probe -file /tmp/plotrB93qU OK
###2: open_file /home/undergrad19_exam/chencheng_exam/simulation/chencheng_exam/competition_testbench_schematic_ALPS/competition_testbench_schematic_Nominal.sp.sim/competition_testbench_schematic_Nominal.sp.ac0
open_file competition_testbench_schematic_Nominal.sp.ac0: OK
###3: calc &f<0>::s<v(vout)>@0#&/&f<0>::s<v(vinn)>@0#&
calc "f<0>::s<v(vout)>[0]"/"f<0>::s<v(vinn)>[0]" :121
###4: add_panel -1
add_panel :0
###5: open_wave -group Doc_Not_Found,0,_calc_wfs_\(0\)
###6: chaxis Log10
"f<0>::s<v(vout)>[0]"/"f<0>::s<v(vinn)>[0]"     Loop_Gain   Nominal datas:
###7: chaxis -plot 1 -axis 0 Linear
"f<0>::s<v(vout)>[0]"/"f<0>::s<v(vinn)>[0]"     Loop_Gain   Nominal datas:
###8: chaxis -plot 1 -axis 0 DB20
###9: add_cursor -y
add_cursor -y result: 1
###10: move_cursor -id 0 5365.37 119.869
###11: move_cursor -id 0 5607.9 119.869
###12: move_cursor -id 0 5861.38 119.869
###13: move_cursor -id 0 6126.32 108.072
###14: move_cursor -id 0 6546.36 97.4359
###15: move_cursor -id 0 7151.55 83.412
###16: move_cursor -id 0 7641.88 71.4065
###17: move_cursor -id 0 7987.3 67.8018
###18: move_cursor -id 0 8165.82 67.8018
###19: move_cursor -id 0 8534.93 61.129
###20: move_cursor -id 0 8534.93 55.1129
###21: move_cursor -id 0 9323.95 49.6889
###22: move_cursor -id 0 9532.35 44.7988
###23: move_cursor -id 0 9963.23 44.7988
###24: move_cursor -id 0 10185.9 40.3899
###25: move_cursor -id 0 10413.6 36.4149
###26: move_cursor -id 0 11127.6 31.1737
###27: move_cursor -id 0 11890.5 31.1737
###28: move_cursor -id 0 12156.3 29.6
###29: move_cursor -id 0 12428 29.6
###30: move_cursor -id 0 13880.3 25.3396
###31: move_cursor -id 0 14190.6 25.3396
###32: move_cursor -id 0 14507.7 24.0604
###33: move_cursor -id 0 15163.5 22.8458
###34: move_cursor -id 0 15502.4 21.6925
###35: move_cursor -id 0 16565.3 20.5974
###36: move_cursor -id 0 16935.6 19.5576
###37: move_cursor -id 0 17314.1 19.5576
###38: move_cursor -id 0 18501.2 17.6328
###39: move_cursor -id 0 19337.5 17.6328
###40: move_cursor -id 0 19769.7 16.7427
###41: move_cursor -id 0 21125.2 16.7427
###42: move_cursor -id 0 22080 15.8975
###43: move_cursor -id 0 22573.6 15.095
###44: move_cursor -id 0 23078.1 15.095
###45: move_cursor -id 0 24660.4 15.095
###46: move_cursor -id 0 25775.1 13.6094
###47: move_cursor -id 0 26940.1 13.6094
###48: move_cursor -id 0 28157.9 13.6094
###49: move_cursor -id 0 30088.5 13.6094
###50: move_cursor -id 0 30761 13.6094
###51: move_cursor -id 0 32870 12.27
###52: move_cursor -id 0 33604.7 11.0624
###53: move_cursor -id 0 35123.7 11.0624
###54: move_cursor -id 0 37531.9 10.504
###55: move_cursor -id 0 38370.7 9.47022
###56: move_cursor -id 0 42854.9 8.99214
###57: move_cursor -id 0 43812.7 8.99214
###58: move_cursor -id 0 47863 7.69791
###59: move_cursor -id 0 50026.5 7.3093
###60: move_cursor -id 0 54651.2 6.25727
###61: move_cursor -id 0 59703.5 5.94139
###62: move_cursor -id 0 63797 5.35666
###63: move_cursor -id 0 71252.5 4.82948
###64: move_cursor -id 0 79579.3 4.58568
###65: move_cursor -id 0 86936.1 4.13438
###66: move_cursor -id 0 99265.9 3.53932
###67: move_cursor -id 0 108443 3.0299
###68: move_cursor -id 0 118468 3.0299
###69: move_cursor -id 0 129420 2.73171
###70: move_cursor -id 0 138293 2.59381
###71: move_cursor -id 0 141384 2.59381
###72: move_cursor -id 0 154454 2.33854
###73: move_cursor -id 0 157906 2.22048
###74: move_cursor -id 0 172504 2.00195
###75: move_cursor -id 0 180302 2.00195
###76: move_cursor -id 0 196970 2.00195
###77: move_cursor -id 0 205873 1.90089
###78: move_cursor -id 0 215179 1.90089
###79: move_cursor -id 0 224905 1.80493
###80: move_cursor -id 0 235072 1.6273
###81: move_cursor -id 0 240326 1.54515
###82: move_cursor -id 0 256803 1.54515
###83: move_cursor -id 0 262543 1.54515
###84: move_cursor -id 0 280543 1.54515
###85: move_cursor -id 0 299778 1.39308
###86: move_cursor -id 0 306478 1.39308
###87: move_cursor -id 0 327491 1.25598
###88: move_cursor -id 0 342295 1.25598
###89: move_cursor -id 0 357767 1.25598
###90: move_cursor -id 0 390841 1.19257
###91: move_cursor -id 0 390841 1.13237
###92: move_cursor -id 0 399577 1.07521
###93: move_cursor -id 0 426973 1.02093
###94: move_cursor -id 0 436516 1.02093
###95: move_cursor -id 0 456247 0.969388
###96: move_cursor -id 0 487528 0.969388
###97: move_cursor -id 0 532599 0.920452
###98: move_cursor -id 0 556673 0.873985
###99: move_cursor -id 0 569115 0.873985
###100: move_cursor -id 0 649830 0.787971
###101: move_cursor -id 0 694384 0.787971
###102: move_cursor -id 0 709905 0.748193
###103: move_cursor -id 0 725772 0.748193
###104: move_cursor -id 0 758578 0.748193
###105: move_cursor -id 0 775532 0.748193
###106: move_cursor -id 0 792866 0.748193
###107: move_cursor -id 0 810588 0.748193
###108: move_cursor -id 0 828705 0.748193
###109: move_cursor -id 0 847227 0.710422
###110: move_cursor -id 0 847227 0.674559
###111: move_cursor -id 0 885523 0.674559
###112: move_cursor -id 0 905316 0.674559
###113: move_cursor -id 0 925550 0.674559
###114: move_cursor -id 0 967386 0.674559
###115: move_cursor -id 0 989008 0.640506
###116: move_cursor -id 0 1.01111e+06 0.640506
###117: move_cursor -id 0 1.05682e+06 0.640506
###118: move_cursor -id 0 1.08044e+06 0.640506
###119: move_cursor -id 0 1.10459e+06 0.640506
###120: move_cursor -id 0 1.15452e+06 0.640506
###121: move_cursor -id 0 1.18032e+06 0.608171
###122: move_cursor -id 0 1.2067e+06 0.608171
###123: move_cursor -id 0 1.26125e+06 0.608171
###124: move_cursor -id 0 1.28944e+06 0.608171
###125: move_cursor -id 0 1.31826e+06 0.608171
###126: move_cursor -id 0 1.34772e+06 0.608171
###127: move_cursor -id 0 1.37784e+06 0.608171
###128: move_cursor -id 0 1.44012e+06 0.608171
###129: move_cursor -id 0 1.47231e+06 0.608171
###130: move_cursor -id 0 1.50522e+06 0.608171
###131: move_cursor -id 0 1.53886e+06 0.608171
###132: move_cursor -id 0 1.60842e+06 0.608171
###133: move_cursor -id 0 1.64437e+06 0.608171
###134: move_cursor -id 0 1.68112e+06 0.608171
###135: move_cursor -id 0 1.75711e+06 0.608171
###136: move_cursor -id 0 1.79639e+06 0.608171
###137: move_cursor -id 0 1.83654e+06 0.608171
###138: move_cursor -id 0 1.87759e+06 0.608171
###139: move_cursor -id 0 1.91955e+06 0.640506
###140: move_cursor -id 0 1.96246e+06 0.674559
###141: move_cursor -id 0 2.00632e+06 0.674559
###142: move_cursor -id 0 2.05116e+06 0.674559
###143: move_cursor -id 0 2.05116e+06 0.710422
###144: move_cursor -id 0 2.09701e+06 0.748193
###145: move_cursor -id 0 2.14388e+06 0.787971
###146: move_cursor -id 0 2.1918e+06 0.787971
###147: move_cursor -id 0 2.24078e+06 0.829865
###148: move_cursor -id 0 2.29087e+06 0.829865
###149: move_cursor -id 0 2.29087e+06 0.920452
###150: move_cursor -id 0 2.29087e+06 0.969388
###151: move_cursor -id 0 2.34207e+06 0.969388
###152: move_cursor -id 0 2.39442e+06 1.02093
###153: move_cursor -id 0 2.44794e+06 1.02093
###154: move_cursor -id 0 2.50265e+06 1.02093
###155: move_cursor -id 0 2.55859e+06 1.02093
###156: move_cursor -id 0 2.67424e+06 1.02093
###157: move_cursor -id 0 2.73401e+06 1.02093
###158: move_cursor -id 0 2.79512e+06 1.02093
###159: move_cursor -id 0 2.85759e+06 1.02093
###160: move_cursor -id 0 2.98676e+06 1.02093
###161: move_cursor -id 0 3.05351e+06 1.02093
###162: move_cursor -id 0 3.12176e+06 1.02093
###163: move_cursor -id 0 3.26287e+06 0.969388
###164: move_cursor -id 0 3.41036e+06 0.920452
###165: move_cursor -id 0 3.56451e+06 0.829865
###166: move_cursor -id 0 3.72563e+06 0.829865
###167: move_cursor -id 0 3.89404e+06 0.787971
###168: move_cursor -id 0 3.98107e+06 0.787971
###169: move_cursor -id 0 4.07005e+06 0.787971
###170: move_cursor -id 0 4.16102e+06 0.787971
###171: move_cursor -id 0 4.25402e+06 0.787971
###172: move_cursor -id 0 4.44631e+06 0.787971
###173: move_cursor -id 0 4.54569e+06 0.787971
###174: move_cursor -id 0 4.64729e+06 0.787971
###175: move_cursor -id 0 4.85736e+06 0.787971
###176: move_cursor -id 0 4.96592e+06 0.787971
###177: move_cursor -id 0 5.07692e+06 0.787971
###178: move_cursor -id 0 5.19039e+06 0.787971
###179: move_cursor -id 0 5.425e+06 0.787971
###180: move_cursor -id 0 5.54626e+06 0.787971
###181: move_cursor -id 0 5.67022e+06 0.787971
###182: move_cursor -id 0 5.92652e+06 0.787971
###183: move_cursor -id 0 6.19441e+06 0.787971
###184: move_cursor -id 0 6.33286e+06 0.787971
###185: move_cursor -id 0 6.47441e+06 0.787971
###186: move_cursor -id 0 6.76706e+06 0.787971
###187: move_cursor -id 0 6.76706e+06 0.829865
###188: move_cursor -id 0 6.91831e+06 0.829865
###189: move_cursor -id 0 7.07294e+06 0.873985
###190: move_cursor -id 0 7.23103e+06 0.873985
###191: move_cursor -id 0 7.39265e+06 0.873985
###192: move_cursor -id 0 7.55788e+06 0.873985
###193: move_cursor -id 0 7.72681e+06 0.920452
###194: move_cursor -id 0 7.72681e+06 0.969388
###195: move_cursor -id 0 8.07607e+06 0.969388
###196: move_cursor -id 0 8.25658e+06 0.969388
###197: move_cursor -id 0 8.44112e+06 0.969388
###198: move_cursor -id 0 8.82267e+06 0.969388
###199: exit
exit
