###1: cross_probe -file /tmp/plotTG07O8
cross_probe -file /tmp/plotTG07O8 OK
###2: open_file /home/undergrad19_exam/caifanxun_exam/simulation/caifanxun_exam/competition_testbench_schematic_ALPS/competition_testbench_schematic_Nominal.sp.sim/competition_testbench_schematic_Nominal.sp.ac0
open_file competition_testbench_schematic_Nominal.sp.ac0: OK
###3: calc &f<0>::s<v(vout)>&/&f<0>::s<v(vinn)>&
calc "f<0>::s<v(vout)>"/"f<0>::s<v(vinn)>" :121
###4: add_panel -1
add_panel :0
###5: calc &f<0>::s<isub(xi0.vdda)>&*&f<0>::s<v(vdda)>&
calc "f<0>::s<isub(xi0.vdda)>"*"f<0>::s<v(vdda)>" :121
###6: open_wave -group Doc_Not_Found,0,_calc_wfs_\(10\):r=0 Doc_Not_Found,0,_calc_wfs_\(10\):r=50 Doc_Not_Found,0,_calc_wfs_\(10\):r=100 Doc_Not_Found,0,_calc_wfs_\(10\):r=150 Doc_Not_Found,0,_calc_wfs_\(10\):r=200 Doc_Not_Found,0,_calc_wfs_\(10\):r=250 Doc_Not_Found,0,_calc_wfs_\(10\):r=300 Doc_Not_Found,0,_calc_wfs_\(10\):r=350 Doc_Not_Found,0,_calc_wfs_\(10\):r=400 Doc_Not_Found,0,_calc_wfs_\(10\):r=450 Doc_Not_Found,0,_calc_wfs_\(10\):r=500
###7: chaxis Log10
"f<0>::s<v(vout)>"/"f<0>::s<v(vinn)>"     Loop_Gain-r=0   Nominal datas:
"f<0>::s<v(vout)>"/"f<0>::s<v(vinn)>"     Loop_Gain-r=50   Nominal datas:
"f<0>::s<v(vout)>"/"f<0>::s<v(vinn)>"     Loop_Gain-r=100   Nominal datas:
"f<0>::s<v(vout)>"/"f<0>::s<v(vinn)>"     Loop_Gain-r=150   Nominal datas:
"f<0>::s<v(vout)>"/"f<0>::s<v(vinn)>"     Loop_Gain-r=200   Nominal datas:
"f<0>::s<v(vout)>"/"f<0>::s<v(vinn)>"     Loop_Gain-r=250   Nominal datas:
"f<0>::s<v(vout)>"/"f<0>::s<v(vinn)>"     Loop_Gain-r=300   Nominal datas:
"f<0>::s<v(vout)>"/"f<0>::s<v(vinn)>"     Loop_Gain-r=350   Nominal datas:
"f<0>::s<v(vout)>"/"f<0>::s<v(vinn)>"     Loop_Gain-r=400   Nominal datas:
"f<0>::s<v(vout)>"/"f<0>::s<v(vinn)>"     Loop_Gain-r=450   Nominal datas:
"f<0>::s<v(vout)>"/"f<0>::s<v(vinn)>"     Loop_Gain-r=500   Nominal datas:
###8: chaxis -plot 1 -axis 0 Linear
"f<0>::s<v(vout)>"/"f<0>::s<v(vinn)>"     Loop_Gain-r=0   Nominal datas:
"f<0>::s<v(vout)>"/"f<0>::s<v(vinn)>"     Loop_Gain-r=50   Nominal datas:
"f<0>::s<v(vout)>"/"f<0>::s<v(vinn)>"     Loop_Gain-r=100   Nominal datas:
"f<0>::s<v(vout)>"/"f<0>::s<v(vinn)>"     Loop_Gain-r=150   Nominal datas:
"f<0>::s<v(vout)>"/"f<0>::s<v(vinn)>"     Loop_Gain-r=200   Nominal datas:
"f<0>::s<v(vout)>"/"f<0>::s<v(vinn)>"     Loop_Gain-r=250   Nominal datas:
"f<0>::s<v(vout)>"/"f<0>::s<v(vinn)>"     Loop_Gain-r=300   Nominal datas:
"f<0>::s<v(vout)>"/"f<0>::s<v(vinn)>"     Loop_Gain-r=350   Nominal datas:
"f<0>::s<v(vout)>"/"f<0>::s<v(vinn)>"     Loop_Gain-r=400   Nominal datas:
"f<0>::s<v(vout)>"/"f<0>::s<v(vinn)>"     Loop_Gain-r=450   Nominal datas:
"f<0>::s<v(vout)>"/"f<0>::s<v(vinn)>"     Loop_Gain-r=500   Nominal datas:
###9: open_wave -group Doc_Not_Found,0,_calc_wfs_\(21\):r=0 Doc_Not_Found,0,_calc_wfs_\(21\):r=50 Doc_Not_Found,0,_calc_wfs_\(21\):r=100 Doc_Not_Found,0,_calc_wfs_\(21\):r=150 Doc_Not_Found,0,_calc_wfs_\(21\):r=200 Doc_Not_Found,0,_calc_wfs_\(21\):r=250 Doc_Not_Found,0,_calc_wfs_\(21\):r=300 Doc_Not_Found,0,_calc_wfs_\(21\):r=350 Doc_Not_Found,0,_calc_wfs_\(21\):r=400 Doc_Not_Found,0,_calc_wfs_\(21\):r=450 Doc_Not_Found,0,_calc_wfs_\(21\):r=500
"f<0>::s<isub(xi0.vdda)>"*"f<0>::s<v(vdda)>"     Power_Consumption-r=0   Nominal datas:
"f<0>::s<isub(xi0.vdda)>"*"f<0>::s<v(vdda)>"     Power_Consumption-r=50   Nominal datas:
"f<0>::s<isub(xi0.vdda)>"*"f<0>::s<v(vdda)>"     Power_Consumption-r=100   Nominal datas:
"f<0>::s<isub(xi0.vdda)>"*"f<0>::s<v(vdda)>"     Power_Consumption-r=150   Nominal datas:
"f<0>::s<isub(xi0.vdda)>"*"f<0>::s<v(vdda)>"     Power_Consumption-r=200   Nominal datas:
"f<0>::s<isub(xi0.vdda)>"*"f<0>::s<v(vdda)>"     Power_Consumption-r=250   Nominal datas:
"f<0>::s<isub(xi0.vdda)>"*"f<0>::s<v(vdda)>"     Power_Consumption-r=300   Nominal datas:
"f<0>::s<isub(xi0.vdda)>"*"f<0>::s<v(vdda)>"     Power_Consumption-r=350   Nominal datas:
"f<0>::s<isub(xi0.vdda)>"*"f<0>::s<v(vdda)>"     Power_Consumption-r=400   Nominal datas:
"f<0>::s<isub(xi0.vdda)>"*"f<0>::s<v(vdda)>"     Power_Consumption-r=450   Nominal datas:
"f<0>::s<isub(xi0.vdda)>"*"f<0>::s<v(vdda)>"     Power_Consumption-r=500   Nominal datas:
###10: chaxis -plot 3 -axis 0 Linear
"f<0>::s<isub(xi0.vdda)>"*"f<0>::s<v(vdda)>"     Power_Consumption-r=0   Nominal datas:
"f<0>::s<isub(xi0.vdda)>"*"f<0>::s<v(vdda)>"     Power_Consumption-r=50   Nominal datas:
"f<0>::s<isub(xi0.vdda)>"*"f<0>::s<v(vdda)>"     Power_Consumption-r=100   Nominal datas:
"f<0>::s<isub(xi0.vdda)>"*"f<0>::s<v(vdda)>"     Power_Consumption-r=150   Nominal datas:
"f<0>::s<isub(xi0.vdda)>"*"f<0>::s<v(vdda)>"     Power_Consumption-r=200   Nominal datas:
"f<0>::s<isub(xi0.vdda)>"*"f<0>::s<v(vdda)>"     Power_Consumption-r=250   Nominal datas:
"f<0>::s<isub(xi0.vdda)>"*"f<0>::s<v(vdda)>"     Power_Consumption-r=300   Nominal datas:
"f<0>::s<isub(xi0.vdda)>"*"f<0>::s<v(vdda)>"     Power_Consumption-r=350   Nominal datas:
"f<0>::s<isub(xi0.vdda)>"*"f<0>::s<v(vdda)>"     Power_Consumption-r=400   Nominal datas:
"f<0>::s<isub(xi0.vdda)>"*"f<0>::s<v(vdda)>"     Power_Consumption-r=450   Nominal datas:
"f<0>::s<isub(xi0.vdda)>"*"f<0>::s<v(vdda)>"     Power_Consumption-r=500   Nominal datas:
###11: chaxis -plot 1 -axis 0 DB20
###12: add_cursor -x
add_cursor -x result: 1
###13: move_cursor -id 0 163319 331.693
###14: move_cursor -id 0 212571 326.168
###15: move_cursor -id 0 322659 309.596
###16: move_cursor -id 0 479121 301.309
###17: move_cursor -id 0 743403 281.974
###18: move_cursor -id 0 1.0335e+06 276.45
###19: move_cursor -id 0 1.37504e+06 262.64
###20: move_cursor -id 0 1.82945e+06 257.115
###21: move_cursor -id 0 2.22932e+06 243.305
###22: move_cursor -id 0 2.83857e+06 226.732
###23: move_cursor -id 0 3.09925e+06 218.446
###24: move_cursor -id 0 3.6946e+06 207.397
###25: move_cursor -id 0 4.30864e+06 193.586
###26: move_cursor -id 0 4.91557e+06 193.586
###27: move_cursor -id 0 5.48616e+06 182.538
###28: move_cursor -id 0 6.25896e+06 174.252
###29: move_cursor -id 0 7.14062e+06 163.203
###30: move_cursor -id 0 8.32739e+06 149.392
###31: move_cursor -id 0 8.89458e+06 146.63
###32: move_cursor -id 0 1.01475e+07 135.582
###33: move_cursor -id 0 1.13254e+07 127.295
###34: move_cursor -id 0 1.29208e+07 116.247
###35: move_cursor -id 0 1.38008e+07 110.723
###36: move_cursor -id 0 1.57448e+07 105.198
###37: move_cursor -id 0 1.64519e+07 99.6742
###38: move_cursor -id 0 1.79627e+07 94.15
###39: move_cursor -id 0 2.00478e+07 85.8636
###40: move_cursor -id 0 2.0493e+07 83.1015
###41: move_cursor -id 0 2.18888e+07 77.5772
###42: move_cursor -id 0 2.44297e+07 72.053
###43: move_cursor -id 0 2.49722e+07 66.5287
###44: move_cursor -id 0 2.60936e+07 66.5287
###45: move_cursor -id 0 2.72654e+07 66.5287
###46: move_cursor -id 0 2.72654e+07 61.0045
###47: move_cursor -id 0 2.78709e+07 61.0045
###48: move_cursor -id 0 2.84898e+07 55.4802
###49: move_cursor -id 0 3.04303e+07 44.4317
###50: move_cursor -id 0 3.17969e+07 44.4317
###51: move_cursor -id 0 3.39627e+07 27.859
###52: move_cursor -id 0 3.70815e+07 22.3347
###53: move_cursor -id 0 3.96072e+07 16.8105
###54: move_cursor -id 0 4.13859e+07 14.0484
###55: move_cursor -id 0 4.23049e+07 14.0484
###56: move_cursor -id 0 4.61899e+07 11.2862
###57: move_cursor -id 0 4.61899e+07 5.76198
###58: move_cursor -id 0 4.82642e+07 5.76198
###59: move_cursor -id 0 5.15515e+07 -2.5244
###60: move_cursor -id 0 5.75356e+07 -5.28652
###61: move_cursor -id 0 6.70979e+07 -19.0971
###62: move_cursor -id 0 7.48865e+07 -21.8593
###63: move_cursor -id 0 8.9272e+07 -38.432
###64: move_cursor -id 0 9.96346e+07 -46.7184
###65: move_cursor -id 0 1.01847e+08 -49.4805
###66: move_cursor -id 0 1.08784e+08 -52.2426
###67: move_cursor -id 0 1.112e+08 -55.0048
###68: move_cursor -id 0 1.13669e+08 -55.0048
###69: move_cursor -id 0 1.18774e+08 -60.529
###70: move_cursor -id 0 1.24108e+08 -60.529
###71: move_cursor -id 0 1.26864e+08 -60.529
###72: move_cursor -id 0 1.29681e+08 -60.529
###73: move_cursor -id 0 1.26864e+08 -60.529
###74: move_cursor -id 0 1.24108e+08 -55.0048
###75: move_cursor -id 0 1.18774e+08 -55.0048
###76: move_cursor -id 0 1.13669e+08 -55.0048
###77: move_cursor -id 0 1.112e+08 -55.0048
###78: move_cursor -id 0 1.112e+08 -52.2426
###79: move_cursor -id 0 1.04109e+08 -52.2426
###80: move_cursor -id 0 1.01847e+08 -52.2426
###81: move_cursor -id 0 9.96346e+07 -49.4805
###82: move_cursor -id 0 9.74701e+07 -49.4805
###83: move_cursor -id 0 9.53525e+07 -49.4805
###84: move_cursor -id 0 9.12545e+07 -49.4805
###85: move_cursor -id 0 8.9272e+07 -49.4805
###86: move_cursor -id 0 8.73326e+07 -49.4805
###87: move_cursor -id 0 8.54353e+07 -49.4805
###88: exit
exit
