###1: cross_probe -file /tmp/plotgtDqGR
cross_probe -file /tmp/plotgtDqGR OK
###2: open_file /home/admin1/simulation/admin1/competition_testbench_schematic_ALPS/competition_testbench_schematic_Nominal.sp.sim/competition_testbench_schematic_Nominal.sp.ac0
open_file competition_testbench_schematic_Nominal.sp.ac0: OK
###3: calc &f<0>::s<v(vout)>&/&f<0>::s<v(vinn)>&
calc "f<0>::s<v(vout)>"/"f<0>::s<v(vinn)>" :901
###4: add_panel -1
add_panel :0
###5: open_wave -group Doc_Not_Found,0,_calc_wfs_\(3\):rc=200 Doc_Not_Found,0,_calc_wfs_\(3\):rc=400 Doc_Not_Found,0,_calc_wfs_\(3\):rc=600 Doc_Not_Found,0,_calc_wfs_\(3\):rc=800
###6: chaxis Log10
"f<0>::s<v(vout)>"/"f<0>::s<v(vinn)>"     Loop_Gain-rc=200   Nominal datas:
"f<0>::s<v(vout)>"/"f<0>::s<v(vinn)>"     Loop_Gain-rc=400   Nominal datas:
"f<0>::s<v(vout)>"/"f<0>::s<v(vinn)>"     Loop_Gain-rc=600   Nominal datas:
"f<0>::s<v(vout)>"/"f<0>::s<v(vinn)>"     Loop_Gain-rc=800   Nominal datas:
###7: chaxis -plot 1 -axis 0 Linear
"f<0>::s<v(vout)>"/"f<0>::s<v(vinn)>"     Loop_Gain-rc=200   Nominal datas:
"f<0>::s<v(vout)>"/"f<0>::s<v(vinn)>"     Loop_Gain-rc=400   Nominal datas:
"f<0>::s<v(vout)>"/"f<0>::s<v(vinn)>"     Loop_Gain-rc=600   Nominal datas:
"f<0>::s<v(vout)>"/"f<0>::s<v(vinn)>"     Loop_Gain-rc=800   Nominal datas:
###8: chaxis -plot 1 -axis 0 DB20
###9: add_cursor -x
add_cursor -x result: 1
###10: move_cursor -id 0 9.85372 382.226
###11: move_cursor -id 0 19.1249 382.226
###12: move_cursor -id 0 65.2229 380.37
###13: move_cursor -id 0 201.372 374.804
###14: move_cursor -id 0 476.87 367.383
###15: move_cursor -id 0 1022.35 361.817
###16: move_cursor -id 0 1856.95 354.396
###17: move_cursor -id 0 3262.87 348.83
###18: move_cursor -id 0 5926.52 341.409
###19: move_cursor -id 0 10413.6 339.554
###20: move_cursor -id 0 17123.8 333.988
###21: move_cursor -id 0 29107.2 328.422
###22: move_cursor -id 0 52868.9 317.29
###23: move_cursor -id 0 84100.8 308.014
###24: move_cursor -id 0 125199 300.593
###25: move_cursor -id 0 174421 293.171
###26: move_cursor -id 0 242996 287.605
###27: move_cursor -id 0 471628 274.618
###28: move_cursor -id 0 915377 261.631
###29: move_cursor -id 0 1.77664e+06 250.499
###30: move_cursor -id 0 3.22701e+06 246.789
###31: move_cursor -id 0 4.96592e+06 241.223
###32: move_cursor -id 0 6.91831e+06 239.368
###33: move_cursor -id 0 8.72569e+06 239.368
###34: move_cursor -id 0 9.96323e+06 239.368
###35: move_cursor -id 0 1.10053e+07 239.368
###36: move_cursor -id 0 1.21563e+07 239.368
###37: move_cursor -id 0 1.38803e+07 239.368
###38: move_cursor -id 0 1.63832e+07 241.223
###39: move_cursor -id 0 1.93375e+07 243.078
###40: move_cursor -id 0 1.99894e+07 244.934
###41: move_cursor -id 0 2.13599e+07 244.934
###42: move_cursor -id 0 2.208e+07 244.934
###43: move_cursor -id 0 2.43893e+07 244.934
###44: move_cursor -id 0 2.78484e+07 244.934
###45: move_cursor -id 0 3.287e+07 243.078
###46: move_cursor -id 0 3.51237e+07 243.078
###47: move_cursor -id 0 3.75319e+07 241.223
###48: move_cursor -id 0 3.87972e+07 241.223
###49: move_cursor -id 0 4.01051e+07 241.223
###50: move_cursor -id 0 4.14572e+07 241.223
###51: move_cursor -id 0 4.28549e+07 241.223
###52: move_cursor -id 0 4.42996e+07 241.223
###53: move_cursor -id 0 4.42996e+07 243.078
###54: move_cursor -id 0 4.57931e+07 243.078
###55: move_cursor -id 0 4.73369e+07 244.934
###56: move_cursor -id 0 5.05825e+07 246.789
###57: move_cursor -id 0 5.77564e+07 246.789
###58: move_cursor -id 0 6.17163e+07 248.644
###59: move_cursor -id 0 6.3797e+07 248.644
###60: move_cursor -id 0 6.81711e+07 250.499
###61: move_cursor -id 0 7.04693e+07 252.355
###62: move_cursor -id 0 7.2845e+07 254.21
###63: move_cursor -id 0 7.53009e+07 254.21
###64: move_cursor -id 0 7.53009e+07 256.065
###65: move_cursor -id 0 7.2845e+07 256.065
###66: move_cursor -id 0 4.89328e+07 235.657
###67: move_cursor -id 0 3.1798e+07 231.947
###68: move_cursor -id 0 2.69401e+07 230.091
###69: move_cursor -id 0 2.60615e+07 230.091
###70: move_cursor -id 0 2.69401e+07 230.091
###71: move_cursor -id 0 2.78484e+07 231.947
###72: move_cursor -id 0 2.97577e+07 235.657
###73: move_cursor -id 0 3.1798e+07 237.512
###74: move_cursor -id 0 3.51237e+07 239.368
###75: move_cursor -id 0 3.75319e+07 243.078
###76: move_cursor -id 0 4.01051e+07 244.934
###77: move_cursor -id 0 4.14572e+07 246.789
###78: move_cursor -id 0 4.28549e+07 248.644
###79: move_cursor -id 0 4.42996e+07 250.499
###80: move_cursor -id 0 4.73369e+07 252.355
###81: move_cursor -id 0 4.89328e+07 254.21
###82: move_cursor -id 0 5.05825e+07 256.065
###83: move_cursor -id 0 5.22878e+07 257.921
###84: move_cursor -id 0 5.40505e+07 259.776
###85: move_cursor -id 0 5.58727e+07 261.631
###86: move_cursor -id 0 5.22878e+07 261.631
###87: move_cursor -id 0 5.05825e+07 261.631
###88: cross_probe -file /tmp/plot0EMsKr
cross_probe -file /tmp/plot0EMsKr OK
###89: reload /home/admin1/simulation/admin1/competition_testbench_schematic_ALPS/competition_testbench_schematic_Nominal.sp.sim/competition_testbench_schematic_Nominal.sp.ac0
reload /home/admin1/simulation/admin1/competition_testbench_schematic_ALPS/competition_testbench_schematic_Nominal.sp.sim/competition_testbench_schematic_Nominal.sp.ac0 : 1
###90: calc &f<0>::s<v(vout)>&/&f<0>::s<v(vinn)>&
calc "f<0>::s<v(vout)>"/"f<0>::s<v(vinn)>" :901
###91: open_wave -group Doc_Not_Found,0,_calc_wfs_\(7\):rc=200 Doc_Not_Found,0,_calc_wfs_\(7\):rc=400
"f<0>::s<v(vout)>"/"f<0>::s<v(vinn)>"     Loop_Gain-rc=200   Nominal datas:
"f<0>::s<v(vout)>"/"f<0>::s<v(vinn)>"     Loop_Gain-rc=400   Nominal datas:
###92: chaxis -plot 3 -axis 0 Linear
"f<0>::s<v(vout)>"/"f<0>::s<v(vinn)>"     Loop_Gain-rc=200   Nominal datas:
"f<0>::s<v(vout)>"/"f<0>::s<v(vinn)>"     Loop_Gain-rc=400   Nominal datas:
###93: chaxis -plot 3 -axis 0 DB20
###94: add_cursor -x
add_cursor -x result: 1
###95: move_cursor -id 1 25.2479 380.379
###96: move_cursor -id 1 26.0936 380.379
###97: move_cursor -id 1 27.8709 380.379
###98: move_cursor -id 1 31.7969 380.379
###99: move_cursor -id 1 37.491 380.379
###100: move_cursor -id 1 40.0446 380.379
###101: move_cursor -id 1 40.0446 382.235
###102: move_cursor -id 1 61.4544 382.235
###103: move_cursor -id 1 188.382 384.09
###104: move_cursor -id 1 857.487 387.801
###105: move_cursor -id 1 2229.32 387.801
###106: move_cursor -id 1 3535.82 387.801
###107: move_cursor -id 1 3654.25 387.801
###108: move_cursor -id 1 4308.64 387.801
###109: move_cursor -id 1 5426.24 387.801
###110: move_cursor -id 1 7299.2 387.801
###111: move_cursor -id 1 10487.4 387.801
###112: move_cursor -id 1 17766.5 387.801
###113: move_cursor -id 1 35487.8 387.801
###114: move_cursor -id 1 89272 387.801
###115: move_cursor -id 1 178317 385.946
###116: move_cursor -id 1 448568 384.09
###117: move_cursor -id 1 688395 380.379
###118: move_cursor -id 1 866956 380.379
###119: move_cursor -id 1 1.1662e+06 376.668
###120: move_cursor -id 1 1.7317e+06 374.812
###121: move_cursor -id 1 2.48809e+06 369.246
###122: move_cursor -id 1 3.94625e+06 363.679
###123: move_cursor -id 1 6.68527e+06 356.257
###124: move_cursor -id 1 1.09584e+07 352.546
###125: move_cursor -id 1 1.47408e+07 348.835
###126: move_cursor -id 1 1.68173e+07 348.835
###127: move_cursor -id 1 1.73806e+07 348.835
###128: move_cursor -id 1 1.91862e+07 348.835
###129: move_cursor -id 1 2.11794e+07 348.835
###130: move_cursor -id 1 2.33797e+07 348.835
###131: move_cursor -id 1 2.75665e+07 348.835
###132: move_cursor -id 1 3.04303e+07 348.835
###133: move_cursor -id 1 3.14496e+07 348.835
###134: move_cursor -id 1 3.35917e+07 348.835
###135: move_cursor -id 1 3.58797e+07 350.69
###136: move_cursor -id 1 3.70815e+07 352.546
###137: move_cursor -id 1 3.96072e+07 352.546
###138: move_cursor -id 1 4.23049e+07 352.546
###139: move_cursor -id 1 4.37219e+07 352.546
###140: move_cursor -id 1 4.51864e+07 354.401
###141: move_cursor -id 1 4.66999e+07 354.401
###142: move_cursor -id 1 4.82642e+07 354.401
###143: move_cursor -id 1 5.15515e+07 354.401
###144: move_cursor -id 1 5.15515e+07 356.257
###145: move_cursor -id 1 5.15515e+07 358.112
###146: move_cursor -id 1 5.15515e+07 359.968
###147: move_cursor -id 1 4.98808e+07 359.968
###148: move_cursor -id 1 4.82642e+07 359.968
###149: move_cursor -id 1 4.66999e+07 359.968
###150: move_cursor -id 1 4.82642e+07 359.968
###151: move_cursor -id 1 5.15515e+07 359.968
###152: move_cursor -id 1 4.98808e+07 359.968
###153: move_cursor -id 1 4.82642e+07 359.968
###154: move_cursor -id 1 4.98808e+07 359.968
###155: move_cursor -id 1 5.15515e+07 359.968
###156: move_cursor -id 1 5.32783e+07 359.968
###157: move_cursor -id 1 5.15515e+07 359.968
###158: cross_probe -file /tmp/plots7stkE
cross_probe -file /tmp/plots7stkE OK
###159: reload /home/admin1/simulation/admin1/competition_testbench_schematic_ALPS/competition_testbench_schematic_Nominal.sp.sim/competition_testbench_schematic_Nominal.sp.ac0
reload /home/admin1/simulation/admin1/competition_testbench_schematic_ALPS/competition_testbench_schematic_Nominal.sp.sim/competition_testbench_schematic_Nominal.sp.ac0 : 1
###160: calc &f<0>::s<v(vout)>&/&f<0>::s<v(vinn)>&
calc "f<0>::s<v(vout)>"/"f<0>::s<v(vinn)>" :901
###161: open_wave -group Doc_Not_Found,0,_calc_wfs_\(16\):rc=200 Doc_Not_Found,0,_calc_wfs_\(16\):rc=400 Doc_Not_Found,0,_calc_wfs_\(16\):rc=600
"f<0>::s<v(vout)>"/"f<0>::s<v(vinn)>"     Loop_Gain-rc=200   Nominal datas:
"f<0>::s<v(vout)>"/"f<0>::s<v(vinn)>"     Loop_Gain-rc=400   Nominal datas:
"f<0>::s<v(vout)>"/"f<0>::s<v(vinn)>"     Loop_Gain-rc=600   Nominal datas:
###162: chaxis -plot 5 -axis 0 Linear
"f<0>::s<v(vout)>"/"f<0>::s<v(vinn)>"     Loop_Gain-rc=200   Nominal datas:
"f<0>::s<v(vout)>"/"f<0>::s<v(vinn)>"     Loop_Gain-rc=400   Nominal datas:
"f<0>::s<v(vout)>"/"f<0>::s<v(vinn)>"     Loop_Gain-rc=600   Nominal datas:
###163: chaxis -plot 5 -axis 0 DB20
###164: add_cursor -x
add_cursor -x result: 1
###165: move_cursor -id 2 2.84898e+07 207.829
###166: move_cursor -id 2 3.14496e+07 207.829
###167: move_cursor -id 2 3.35917e+07 207.829
###168: move_cursor -id 2 3.47169e+07 207.829
###169: move_cursor -id 2 3.58797e+07 207.829
###170: move_cursor -id 2 3.83236e+07 209.684
###171: move_cursor -id 2 3.96072e+07 209.684
###172: move_cursor -id 2 4.09339e+07 209.684
###173: move_cursor -id 2 4.37219e+07 209.684
###174: move_cursor -id 2 4.51864e+07 211.54
###175: move_cursor -id 2 4.66999e+07 211.54
###176: move_cursor -id 2 4.66999e+07 213.395
###177: move_cursor -id 2 4.82642e+07 215.251
###178: move_cursor -id 2 4.98808e+07 215.251
###179: move_cursor -id 2 4.82642e+07 215.251
###180: move_cursor -id 2 4.66999e+07 215.251
###181: select_plot 0
select_plot :1
###182: move_cursor -id 2 4.51864e+07 217.106
###183: move_cursor -id 2 4.66999e+07 218.962
###184: move_cursor -id 2 4.82642e+07 218.962
###185: move_cursor -id 2 4.98808e+07 220.817
###186: move_cursor -id 2 5.15515e+07 220.817
###187: move_cursor -id 2 5.15515e+07 222.673
###188: move_cursor -id 2 5.32783e+07 222.673
###189: move_cursor -id 2 5.50628e+07 224.529
###190: move_cursor -id 2 5.69072e+07 224.529
###191: move_cursor -id 2 5.50628e+07 224.529
###192: move_cursor -id 2 5.32783e+07 224.529
###193: move_cursor -id 2 5.15515e+07 224.529
###194: move_cursor -id 2 5.32783e+07 224.529
###195: move_cursor -id 2 5.50628e+07 224.529
###196: add_cursor -x
add_cursor -x result: 2
###197: zoom_in 4 5.19304 20.7193 11409.9 30126
yLeft range: 11409.9~30126
Panel uniform X-axis range: 5.19304~ 20.7193
"f<0>::s<v(vout)>"/"f<0>::s<v(vinn)>"     Loop_Gain-rc=200   Nominal datas:
"f<0>::s<v(vout)>"/"f<0>::s<v(vinn)>"     Loop_Gain-rc=400   Nominal datas:
"f<0>::s<v(vout)>"/"f<0>::s<v(vinn)>"     Loop_Gain-rc=600   Nominal datas:
"f<0>::s<v(vout)>"/"f<0>::s<v(vinn)>"     Loop_Gain-rc=200   Nominal datas:
"f<0>::s<v(vout)>"/"f<0>::s<v(vinn)>"     Loop_Gain-rc=400   Nominal datas:
"f<0>::s<v(vout)>"/"f<0>::s<v(vinn)>"     Loop_Gain-rc=600   Nominal datas:
###198: zoom_in 4 8.6322 10.0693 27270.5 30126
yLeft range: 27270.5~30126
Panel uniform X-axis range: 8.6322~ 10.0693
"f<0>::s<v(vout)>"/"f<0>::s<v(vinn)>"     Loop_Gain-rc=200   Nominal datas:
"f<0>::s<v(vout)>"/"f<0>::s<v(vinn)>"     Loop_Gain-rc=400   Nominal datas:
"f<0>::s<v(vout)>"/"f<0>::s<v(vinn)>"     Loop_Gain-rc=600   Nominal datas:
"f<0>::s<v(vout)>"/"f<0>::s<v(vinn)>"     Loop_Gain-rc=200   Nominal datas:
"f<0>::s<v(vout)>"/"f<0>::s<v(vinn)>"     Loop_Gain-rc=400   Nominal datas:
"f<0>::s<v(vout)>"/"f<0>::s<v(vinn)>"     Loop_Gain-rc=600   Nominal datas:
###199: fit
Panel uniform X-axis range: 1~ 1e+09
###200: exit
exit
