###1: cross_probe -file /tmp/plotaDcv9i
cross_probe -file /tmp/plotaDcv9i OK
###2: open_file /home/undergrad19_exam/maojingyuan_exam/simulation/maojingyuan_exam/competition_testbench_schematic_ALPS/competition_testbench_schematic_Nominal.sp.sim/competition_testbench_schematic_Nominal.sp.ac0
open_file competition_testbench_schematic_Nominal.sp.ac0: OK
###3: calc &f<0>::s<v(vout)>@0#&/&f<0>::s<v(vinn)>@0#&
calc "f<0>::s<v(vout)>[0]"/"f<0>::s<v(vinn)>[0]" :121
###4: add_panel -1
add_panel :0
###5: open_wave -group Doc_Not_Found,0,_calc_wfs_\(0\)
###6: chaxis Log10
"f<0>::s<v(vout)>[0]"/"f<0>::s<v(vinn)>[0]"     Loop_Gain   Nominal datas:
###7: chaxis -plot 1 -axis 0 Linear
"f<0>::s<v(vout)>[0]"/"f<0>::s<v(vinn)>[0]"     Loop_Gain   Nominal datas:
###8: select_plot 0
select_plot :1
###9: chaxis -plot 1 -axis 0 DB20
###10: move_cursor -id 0 1 nan
###11: move_cursor -id 0 1000 354.264
###12: move_cursor -id 0 1000 352.583
###13: move_cursor -id 0 1044.91 349.221
###14: move_cursor -id 0 1301.57 349.221
###15: move_cursor -id 0 1770.16 345.859
###16: move_cursor -id 0 2515.57 340.816
###17: move_cursor -id 0 4356.22 335.773
###18: move_cursor -id 0 7062.63 329.049
###19: move_cursor -id 0 11201.7 325.687
###20: move_cursor -id 0 17766.5 317.282
###21: move_cursor -id 0 23637.9 312.239
###22: move_cursor -id 0 33591.7 312.239
###23: move_cursor -id 0 44692.9 308.877
###24: move_cursor -id 0 54461.4 303.834
###25: move_cursor -id 0 64923.3 303.834
###26: move_cursor -id 0 74068.6 302.153
###27: move_cursor -id 0 86378.8 302.153
###28: move_cursor -id 0 96405.5 298.791
###29: move_cursor -id 0 120086 295.429
###30: move_cursor -id 0 143154 290.386
###31: move_cursor -id 0 186325 287.024
###32: move_cursor -id 0 253405 287.024
###33: move_cursor -id 0 337149 281.981
###34: move_cursor -id 0 458529 278.619
###35: move_cursor -id 0 610061 275.257
###36: move_cursor -id 0 866956 270.214
###37: move_cursor -id 0 1.17908e+06 270.214
###38: move_cursor -id 0 1.53465e+06 266.852
###39: move_cursor -id 0 1.99745e+06 263.491
###40: move_cursor -id 0 2.59983e+06 260.129
###41: move_cursor -id 0 3.459e+06 258.448
###42: move_cursor -id 0 4.30864e+06 255.086
###43: move_cursor -id 0 5.48616e+06 251.724
###44: move_cursor -id 0 6.83374e+06 248.362
###45: move_cursor -id 0 7.62699e+06 248.362
###46: move_cursor -id 0 8.51232e+06 248.362
###47: move_cursor -id 0 9.71139e+06 245
###48: move_cursor -id 0 1.06032e+07 245
###49: move_cursor -id 0 1.13254e+07 245
###50: move_cursor -id 0 1.15769e+07 245
###51: move_cursor -id 0 1.23654e+07 245
###52: move_cursor -id 0 1.29208e+07 245
###53: move_cursor -id 0 1.38008e+07 245
###54: move_cursor -id 0 1.47408e+07 245
###55: move_cursor -id 0 1.60945e+07 245
###56: move_cursor -id 0 1.79627e+07 245
###57: move_cursor -id 0 1.91862e+07 245
###58: move_cursor -id 0 2.0493e+07 245
###59: move_cursor -id 0 2.09481e+07 245
###60: move_cursor -id 0 2.28718e+07 245
###61: move_cursor -id 0 2.33797e+07 245
###62: move_cursor -id 0 2.44297e+07 243.319
###63: move_cursor -id 0 2.60936e+07 241.638
###64: move_cursor -id 0 2.66731e+07 241.638
###65: move_cursor -id 0 2.84898e+07 241.638
###66: move_cursor -id 0 3.04303e+07 239.957
###67: move_cursor -id 0 3.32248e+07 239.957
###68: move_cursor -id 0 3.39627e+07 239.957
###69: move_cursor -id 0 3.62759e+07 239.957
###70: move_cursor -id 0 3.7905e+07 239.957
###71: move_cursor -id 0 3.7905e+07 238.276
###72: move_cursor -id 0 3.87468e+07 236.595
###73: move_cursor -id 0 3.96072e+07 236.595
###74: move_cursor -id 0 4.04868e+07 236.595
###75: move_cursor -id 0 4.32444e+07 236.595
###76: move_cursor -id 0 4.42048e+07 236.595
###77: move_cursor -id 0 4.61899e+07 236.595
###78: move_cursor -id 0 4.82642e+07 234.914
###79: move_cursor -id 0 4.9336e+07 234.914
###80: move_cursor -id 0 5.15515e+07 234.914
###81: move_cursor -id 0 5.26964e+07 234.914
###82: move_cursor -id 0 5.62856e+07 234.914
###83: move_cursor -id 0 5.75356e+07 234.914
###84: move_cursor -id 0 5.88133e+07 234.914
###85: move_cursor -id 0 5.88133e+07 233.233
###86: move_cursor -id 0 4.9336e+07 226.509
###87: move_cursor -id 0 9.09211e+06 226.509
###88: move_cursor -id 0 848121 226.509
###89: move_cursor -id 0 52120.8 226.509
###90: move_cursor -id 0 2933.65 226.509
###91: move_cursor -id 0 1000 226.509
###92: move_cursor -id 0 1022.21 366.031
###93: move_cursor -id 0 1421.1 366.031
###94: move_cursor -id 0 2303.99 366.031
###95: move_cursor -id 0 4078.43 366.031
###96: move_cursor -id 0 6328.08 366.031
###97: move_cursor -id 0 13063.4 362.669
###98: move_cursor -id 0 32861.9 350.902
###99: move_cursor -id 0 100735 335.773
###100: move_cursor -id 0 217292 330.73
###101: move_cursor -id 0 360113 325.687
###102: move_cursor -id 0 438823 322.325
###103: move_cursor -id 0 558750 320.644
###104: move_cursor -id 0 610061 318.963
###105: move_cursor -id 0 637458 317.282
###106: move_cursor -id 0 680877 315.601
###107: move_cursor -id 0 711453 315.601
###108: move_cursor -id 0 776787 310.558
###109: move_cursor -id 0 866956 305.515
###110: move_cursor -id 0 1.1284e+06 298.791
###111: move_cursor -id 0 1.4687e+06 290.386
###112: move_cursor -id 0 2.04181e+06 280.3
###113: move_cursor -id 0 2.90161e+06 268.533
###114: move_cursor -id 0 3.77665e+06 261.81
###115: move_cursor -id 0 5.48616e+06 246.681
###116: move_cursor -id 0 6.98549e+06 239.957
###117: move_cursor -id 0 9.92705e+06 226.509
###118: move_cursor -id 0 1.29208e+07 223.147
###119: move_cursor -id 0 1.57448e+07 214.742
###120: move_cursor -id 0 1.96123e+07 209.699
###121: move_cursor -id 0 2.33797e+07 204.656
###122: move_cursor -id 0 2.49722e+07 201.294
###123: move_cursor -id 0 2.84898e+07 196.251
###124: move_cursor -id 0 2.91225e+07 196.251
###125: move_cursor -id 0 3.04303e+07 196.251
###126: move_cursor -id 0 3.2503e+07 196.251
###127: move_cursor -id 0 3.2503e+07 194.57
###128: move_cursor -id 0 3.39627e+07 194.57
###129: move_cursor -id 0 3.54878e+07 192.889
###130: move_cursor -id 0 3.70815e+07 192.889
###131: move_cursor -id 0 3.70815e+07 191.208
###132: move_cursor -id 0 3.7905e+07 191.208
###133: move_cursor -id 0 3.87468e+07 187.846
###134: move_cursor -id 0 3.96072e+07 186.165
###135: move_cursor -id 0 4.23049e+07 184.484
###136: move_cursor -id 0 4.32444e+07 182.803
###137: move_cursor -id 0 4.42048e+07 181.122
###138: move_cursor -id 0 4.51864e+07 181.122
###139: move_cursor -id 0 4.61899e+07 179.441
###140: move_cursor -id 0 4.82642e+07 179.441
###141: move_cursor -id 0 5.04316e+07 179.441
###142: move_cursor -id 0 5.38666e+07 179.441
###143: move_cursor -id 0 5.50628e+07 177.76
###144: move_cursor -id 0 5.62856e+07 177.76
###145: move_cursor -id 0 5.88133e+07 177.76
###146: move_cursor -id 0 5.88133e+07 176.079
###147: move_cursor -id 0 6.01194e+07 176.079
###148: move_cursor -id 0 6.14544e+07 176.079
###149: move_cursor -id 0 3.70815e+07 176.079
###150: move_cursor -id 0 1.75725e+07 176.079
###151: move_cursor -id 0 7.79636e+06 176.079
###152: move_cursor -id 0 3.86052e+06 176.079
###153: move_cursor -id 0 1.60357e+06 176.079
###154: move_cursor -id 0 571159 176.079
###155: move_cursor -id 0 174443 176.079
###156: move_cursor -id 0 50988.5 176.079
###157: move_cursor -id 0 14579.8 176.079
###158: move_cursor -id 0 4452.96 176.079
###159: move_cursor -id 0 1517.89 176.079
###160: move_cursor -id 0 1000 176.079
###161: move_cursor -id 0 1000 179.441
###162: move_cursor -id 0 1000 181.122
###163: move_cursor -id 0 1000 182.803
###164: move_cursor -id 0 1000 189.527
###165: move_cursor -id 0 1000 192.889
###166: move_cursor -id 0 2253.93 192.889
###167: move_cursor -id 0 8606.31 192.889
###168: move_cursor -id 0 30098 192.889
###169: move_cursor -id 0 84502.2 192.889
###170: move_cursor -id 0 156300 192.889
###171: move_cursor -id 0 227050 192.889
###172: move_cursor -id 0 295521 192.889
###173: move_cursor -id 0 360113 192.889
###174: move_cursor -id 0 429290 192.889
###175: move_cursor -id 0 534737 192.889
###176: move_cursor -id 0 666085 192.889
###177: move_cursor -id 0 848121 192.889
###178: move_cursor -id 0 1.10389e+06 192.889
###179: move_cursor -id 0 1.40557e+06 192.889
###180: move_cursor -id 0 1.91161e+06 192.889
###181: move_cursor -id 0 2.48809e+06 192.889
###182: move_cursor -id 0 3.09925e+06 192.889
###183: move_cursor -id 0 4.03388e+06 192.889
###184: move_cursor -id 0 5.13632e+06 192.889
###185: move_cursor -id 0 6.25896e+06 196.251
###186: move_cursor -id 0 6.98549e+06 196.251
###187: move_cursor -id 0 8.51232e+06 201.294
###188: move_cursor -id 0 9.71139e+06 204.656
###189: move_cursor -id 0 1.13254e+07 204.656
###190: move_cursor -id 0 1.3501e+07 204.656
###191: move_cursor -id 0 1.83616e+07 204.656
###192: move_cursor -id 0 3.54878e+07 204.656
###193: move_cursor -id 0 7.82495e+07 192.889
###194: move_cursor -id 0 1.4159e+08 187.846
###195: move_cursor -id 0 2.45192e+08 182.803
###196: move_cursor -id 0 3.12202e+08 179.441
###197: move_cursor -id 0 3.72175e+08 179.441
###198: move_cursor -id 0 3.72175e+08 177.76
###199: move_cursor -id 0 3.5618e+08 177.76
###200: move_cursor -id 0 3.40872e+08 177.76
###201: move_cursor -id 0 3.12202e+08 177.76
###202: move_cursor -id 0 2.85943e+08 177.76
###203: move_cursor -id 0 2.67709e+08 177.76
###204: move_cursor -id 0 2.50638e+08 177.76
###205: move_cursor -id 0 2.34655e+08 177.76
###206: move_cursor -id 0 2.29557e+08 177.76
###207: move_cursor -id 0 2.19691e+08 177.76
###208: move_cursor -id 0 2.14918e+08 177.76
###209: move_cursor -id 0 2.05682e+08 177.76
###210: move_cursor -id 0 1.92566e+08 177.76
###211: move_cursor -id 0 1.8429e+08 177.76
###212: move_cursor -id 0 1.80286e+08 177.76
###213: move_cursor -id 0 1.76369e+08 177.76
###214: move_cursor -id 0 1.68789e+08 176.079
###215: move_cursor -id 0 1.58026e+08 174.398
###216: move_cursor -id 0 1.47949e+08 174.398
###217: move_cursor -id 0 1.4159e+08 174.398
###218: move_cursor -id 0 1.32561e+08 174.398
###219: move_cursor -id 0 1.29681e+08 174.398
###220: move_cursor -id 0 1.21412e+08 174.398
###221: move_cursor -id 0 1.18774e+08 174.398
###222: move_cursor -id 0 1.13669e+08 174.398
###223: move_cursor -id 0 1.112e+08 174.398
###224: move_cursor -id 0 1.08784e+08 174.398
###225: move_cursor -id 0 1.06421e+08 174.398
###226: move_cursor -id 0 1.01847e+08 174.398
###227: move_cursor -id 0 9.53525e+07 174.398
###228: move_cursor -id 0 9.12545e+07 174.398
###229: move_cursor -id 0 8.9272e+07 174.398
###230: move_cursor -id 0 8.73326e+07 174.398
###231: move_cursor -id 0 8.35793e+07 174.398
###232: move_cursor -id 0 8.17635e+07 174.398
###233: move_cursor -id 0 7.99872e+07 174.398
###234: move_cursor -id 0 7.82495e+07 176.079
###235: move_cursor -id 0 7.82495e+07 177.76
###236: move_cursor -id 0 7.65496e+07 177.76
###237: move_cursor -id 0 7.32597e+07 177.76
###238: move_cursor -id 0 7.16681e+07 177.76
###239: move_cursor -id 0 7.01111e+07 177.76
###240: move_cursor -id 0 6.56402e+07 179.441
###241: move_cursor -id 0 6.42142e+07 179.441
###242: move_cursor -id 0 6.28192e+07 179.441
###243: move_cursor -id 0 6.14544e+07 179.441
###244: move_cursor -id 0 5.62856e+07 181.122
###245: move_cursor -id 0 5.50628e+07 181.122
###246: move_cursor -id 0 5.38666e+07 181.122
###247: move_cursor -id 0 5.38666e+07 182.803
###248: move_cursor -id 0 5.26964e+07 182.803
###249: move_cursor -id 0 5.26964e+07 184.484
###250: move_cursor -id 0 5.26964e+07 186.165
###251: move_cursor -id 0 5.62856e+07 186.165
###252: move_cursor -id 0 5.62856e+07 184.484
###253: move_cursor -id 0 5.75356e+07 184.484
###254: move_cursor -id 0 5.88133e+07 184.484
###255: move_cursor -id 0 5.88133e+07 182.803
###256: move_cursor -id 0 6.14544e+07 181.122
###257: move_cursor -id 0 6.01194e+07 181.122
###258: move_cursor -id 0 5.88133e+07 181.122
###259: move_cursor -id 0 5.75356e+07 181.122
###260: move_cursor -id 0 5.50628e+07 182.803
###261: move_cursor -id 0 5.88133e+07 182.803
###262: move_cursor -id 0 6.01194e+07 182.803
