###1: cross_probe -file /tmp/plotQqS86O
cross_probe -file /tmp/plotQqS86O OK
###2: open_file /home/undergrad19_exam/zuoshiyu_exam/simulation/zuoshiyu_exam/competition_testbench_schematic_ALPS/competition_testbench_schematic_Nominal.sp.sim/competition_testbench_schematic_Nominal.sp.ac0
open_file competition_testbench_schematic_Nominal.sp.ac0: OK
###3: calc &f<0>::s<v(vout)>@0#&/&f<0>::s<v(vinn)>@0#&
calc "f<0>::s<v(vout)>[0]"/"f<0>::s<v(vinn)>[0]" :121
###4: add_panel -1
add_panel :0
###5: open_wave -group Doc_Not_Found,0,_calc_wfs_\(0\)
###6: chaxis Log10
"f<0>::s<v(vout)>[0]"/"f<0>::s<v(vinn)>[0]"     Loop_Gain   Nominal datas:
###7: chaxis -plot 1 -axis 0 Linear
"f<0>::s<v(vout)>[0]"/"f<0>::s<v(vinn)>[0]"     Loop_Gain   Nominal datas:
###8: chaxis -plot 1 -axis 0 DB20
###9: add_cursor -x
add_cursor -x result: 1
###10: move_cursor -id 0 137001 467.692
###11: move_cursor -id 0 112428 464.235
###12: move_cursor -id 0 86378.8 464.235
###13: move_cursor -id 0 63512.9 464.235
###14: move_cursor -id 0 45685.4 464.235
###15: move_cursor -id 0 33591.7 464.235
###16: move_cursor -id 0 25808.6 464.235
###17: move_cursor -id 0 21179.4 464.235
###18: move_cursor -id 0 18976.6 464.235
###19: move_cursor -id 0 16633.6 464.235
###20: move_cursor -id 0 15572.9 460.779
###21: move_cursor -id 0 15234.6 460.779
###22: move_cursor -id 0 14579.8 460.779
###23: move_cursor -id 0 14263.1 460.779
###24: move_cursor -id 0 13353.5 460.779
###25: move_cursor -id 0 12502 460.779
###26: move_cursor -id 0 11964.7 460.779
###27: move_cursor -id 0 10487.4 460.779
###28: move_cursor -id 0 8797.44 460.779
###29: move_cursor -id 0 7379.8 460.779
###30: move_cursor -id 0 6612.26 460.779
###31: move_cursor -id 0 5669.92 460.779
###32: move_cursor -id 0 5193.04 460.779
###33: move_cursor -id 0 4756.26 460.779
###34: move_cursor -id 0 4356.22 460.779
###35: move_cursor -id 0 3989.83 457.322
###36: move_cursor -id 0 3818.35 457.322
###37: move_cursor -id 0 3654.25 457.322
###38: move_cursor -id 0 3497.2 453.865
###39: move_cursor -id 0 3346.9 453.865
###40: move_cursor -id 0 3203.05 453.865
###41: move_cursor -id 0 3065.4 453.865
###42: move_cursor -id 0 2933.65 450.409
###43: move_cursor -id 0 2807.57 450.409
###44: move_cursor -id 0 2686.91 450.409
###45: move_cursor -id 0 2571.43 450.409
###46: move_cursor -id 0 2571.43 448.68
###47: move_cursor -id 0 2460.92 448.68
###48: move_cursor -id 0 2355.15 446.952
###49: move_cursor -id 0 2303.99 446.952
###50: move_cursor -id 0 2204.97 446.952
###51: move_cursor -id 0 2157.07 446.952
###52: move_cursor -id 0 2019.51 446.952
###53: move_cursor -id 0 1932.72 446.952
###54: move_cursor -id 0 1890.73 446.952
###55: move_cursor -id 0 1849.65 445.224
###56: move_cursor -id 0 1849.65 443.496
###57: move_cursor -id 0 1809.47 443.496
###58: move_cursor -id 0 1731.7 443.496
###59: move_cursor -id 0 1694.08 443.496
###60: move_cursor -id 0 1657.28 443.496
###61: move_cursor -id 0 1586.05 443.496
###62: move_cursor -id 0 1551.6 443.496
###63: move_cursor -id 0 1517.89 443.496
###64: move_cursor -id 0 1484.91 443.496
###65: move_cursor -id 0 1452.65 443.496
###66: move_cursor -id 0 1390.22 443.496
###67: move_cursor -id 0 1360.02 443.496
###68: move_cursor -id 0 1330.47 443.496
###69: move_cursor -id 0 1301.57 443.496
###70: move_cursor -id 0 1245.63 443.496
###71: move_cursor -id 0 1218.57 443.496
###72: move_cursor -id 0 1192.1 443.496
###73: move_cursor -id 0 1140.86 443.496
###74: move_cursor -id 0 1116.08 443.496
###75: move_cursor -id 0 1091.83 443.496
###76: move_cursor -id 0 1044.91 443.496
###77: move_cursor -id 0 1022.21 443.496
###78: move_cursor -id 0 1000 443.496
###79: move_cursor -id 0 1022.21 443.496
###80: move_cursor -id 0 1068.11 443.496
###81: move_cursor -id 0 1116.08 443.496
###82: move_cursor -id 0 1166.2 443.496
###83: move_cursor -id 0 1192.1 443.496
###84: move_cursor -id 0 1218.57 443.496
###85: move_cursor -id 0 1330.47 443.496
###86: move_cursor -id 0 1390.22 443.496
###87: move_cursor -id 0 1484.91 443.496
###88: move_cursor -id 0 1517.89 443.496
###89: move_cursor -id 0 1551.6 443.496
###90: move_cursor -id 0 1586.05 443.496
###91: move_cursor -id 0 1657.28 443.496
###92: move_cursor -id 0 1849.65 443.496
###93: move_cursor -id 0 2064.36 443.496
###94: move_cursor -id 0 2460.92 443.496
###95: move_cursor -id 0 2807.57 443.496
###96: move_cursor -id 0 3346.9 443.496
###97: move_cursor -id 0 3818.35 443.496
###98: move_cursor -id 0 4452.96 443.496
###99: move_cursor -id 0 5308.36 441.767
###100: move_cursor -id 0 6056.11 441.767
###101: move_cursor -id 0 6759.1 441.767
###102: move_cursor -id 0 8057.5 441.767
###103: move_cursor -id 0 9192.51 441.767
###104: move_cursor -id 0 11450.5 436.582
###105: move_cursor -id 0 13650.1 433.126
###106: move_cursor -id 0 18161.1 426.212
###107: move_cursor -id 0 25247.9 422.756
###108: move_cursor -id 0 35100.2 414.114
###109: move_cursor -id 0 50988.5 403.744
###110: move_cursor -id 0 82666.4 395.103
###111: move_cursor -id 0 117477 384.733
###112: move_cursor -id 0 170653 377.819
###113: move_cursor -id 0 227050 370.906
###114: move_cursor -id 0 282820 370.906
###115: move_cursor -id 0 352290 362.264
###116: move_cursor -id 0 438823 357.079
###117: move_cursor -id 0 571159 350.166
###118: move_cursor -id 0 743403 346.71
###119: move_cursor -id 0 967590 338.068
###120: move_cursor -id 0 1.31594e+06 331.155
###121: move_cursor -id 0 1.87008e+06 322.513
###122: move_cursor -id 0 2.38116e+06 319.056
###123: move_cursor -id 0 2.96605e+06 315.6
###124: move_cursor -id 0 3.77665e+06 306.958
###125: move_cursor -id 0 3.94625e+06 306.958
###126: move_cursor -id 0 4.30864e+06 303.502
###127: move_cursor -id 0 4.60211e+06 303.502
###128: move_cursor -id 0 4.80878e+06 303.502
###129: move_cursor -id 0 5.02473e+06 303.502
###130: move_cursor -id 0 5.36698e+06 303.502
###131: move_cursor -id 0 5.608e+06 303.502
###132: move_cursor -id 0 5.85984e+06 303.502
###133: move_cursor -id 0 6.25896e+06 303.502
###134: move_cursor -id 0 6.54004e+06 303.502
###135: move_cursor -id 0 6.83374e+06 303.502
###136: move_cursor -id 0 7.2992e+06 303.502
###137: move_cursor -id 0 7.9695e+06 301.773
###138: move_cursor -id 0 8.70135e+06 300.045
###139: move_cursor -id 0 9.29402e+06 300.045
###140: move_cursor -id 0 1.15769e+07 296.588
###141: move_cursor -id 0 1.47408e+07 293.132
###142: move_cursor -id 0 1.83616e+07 289.675
###143: move_cursor -id 0 2.33797e+07 289.675
###144: move_cursor -id 0 2.72654e+07 284.49
###145: move_cursor -id 0 3.2503e+07 282.762
###146: move_cursor -id 0 3.39627e+07 282.762
###147: move_cursor -id 0 3.62759e+07 282.762
###148: move_cursor -id 0 3.87468e+07 282.762
###149: move_cursor -id 0 4.04868e+07 281.033
###150: move_cursor -id 0 4.13859e+07 279.305
###151: move_cursor -id 0 4.23049e+07 279.305
###152: move_cursor -id 0 4.32444e+07 279.305
###153: move_cursor -id 0 4.61899e+07 279.305
###154: move_cursor -id 0 5.04316e+07 279.305
###155: move_cursor -id 0 5.50628e+07 277.577
###156: move_cursor -id 0 5.75356e+07 277.577
###157: move_cursor -id 0 5.88133e+07 277.577
###158: move_cursor -id 0 6.28192e+07 274.12
###159: move_cursor -id 0 6.42142e+07 272.392
###160: move_cursor -id 0 6.8588e+07 270.663
###161: move_cursor -id 0 7.01111e+07 268.935
###162: move_cursor -id 0 7.01111e+07 267.207
###163: move_cursor -id 0 7.16681e+07 267.207
###164: move_cursor -id 0 7.16681e+07 263.75
###165: move_cursor -id 0 7.01111e+07 263.75
###166: move_cursor -id 0 6.8588e+07 263.75
###167: move_cursor -id 0 6.56402e+07 263.75
###168: move_cursor -id 0 6.42142e+07 263.75
###169: move_cursor -id 0 6.28192e+07 263.75
###170: move_cursor -id 0 6.14544e+07 263.75
###171: move_cursor -id 0 5.88133e+07 263.75
###172: move_cursor -id 0 5.75356e+07 263.75
###173: move_cursor -id 0 5.62856e+07 263.75
###174: move_cursor -id 0 5.50628e+07 263.75
###175: move_cursor -id 0 5.38666e+07 263.75
###176: move_cursor -id 0 5.50628e+07 263.75
###177: move_cursor -id 0 5.62856e+07 263.75
###178: move_cursor -id 0 5.88133e+07 263.75
###179: move_cursor -id 0 6.14544e+07 263.75
###180: move_cursor -id 0 6.01194e+07 263.75
###181: move_cursor -id 0 5.88133e+07 263.75
###182: move_cursor -id 0 5.75356e+07 263.75
###183: move_cursor -id 0 5.50628e+07 263.75
###184: move_cursor -id 0 5.26964e+07 263.75
###185: move_cursor -id 0 5.15515e+07 263.75
###186: move_cursor -id 0 5.15515e+07 265.478
###187: move_cursor -id 0 5.04316e+07 265.478
###188: move_cursor -id 0 5.04316e+07 267.207
###189: move_cursor -id 0 4.82642e+07 270.663
###190: move_cursor -id 0 4.61899e+07 270.663
###191: move_cursor -id 0 4.51864e+07 274.12
###192: move_cursor -id 0 4.42048e+07 277.577
###193: move_cursor -id 0 4.23049e+07 279.305
###194: move_cursor -id 0 4.23049e+07 281.033
###195: move_cursor -id 0 4.32444e+07 282.762
###196: move_cursor -id 0 4.42048e+07 282.762
###197: move_cursor -id 0 4.61899e+07 282.762
###198: move_cursor -id 0 4.72156e+07 282.762
###199: move_cursor -id 0 4.82642e+07 282.762
###200: move_cursor -id 0 5.04316e+07 282.762
###201: move_cursor -id 0 4.9336e+07 282.762
###202: move_cursor -id 0 4.72156e+07 284.49
###203: move_cursor -id 0 4.61899e+07 284.49
###204: move_cursor -id 0 4.42048e+07 284.49
###205: move_cursor -id 0 4.42048e+07 286.218
###206: move_cursor -id 0 4.51864e+07 287.947
###207: move_cursor -id 0 4.61899e+07 287.947
###208: move_cursor -id 0 4.82642e+07 287.947
###209: move_cursor -id 0 4.9336e+07 287.947
###210: move_cursor -id 0 5.04316e+07 287.947
###211: move_cursor -id 0 5.15515e+07 287.947
###212: move_cursor -id 0 5.38666e+07 287.947
###213: move_cursor -id 0 5.50628e+07 287.947
###214: move_cursor -id 0 5.62856e+07 287.947
###215: move_cursor -id 0 5.88133e+07 287.947
###216: move_cursor -id 0 6.14544e+07 287.947
###217: move_cursor -id 0 6.01194e+07 287.947
###218: move_cursor -id 0 5.88133e+07 287.947
###219: move_cursor -id 0 5.75356e+07 287.947
###220: move_cursor -id 0 5.62856e+07 287.947
###221: move_cursor -id 0 5.04316e+07 289.675
###222: move_cursor -id 0 5.04316e+07 291.403
###223: move_cursor -id 0 4.9336e+07 291.403
###224: move_cursor -id 0 4.82642e+07 291.403
###225: move_cursor -id 0 4.51864e+07 291.403
###226: move_cursor -id 0 4.23049e+07 291.403
###227: move_cursor -id 0 4.13859e+07 291.403
###228: move_cursor -id 0 4.04868e+07 291.403
###229: move_cursor -id 0 3.96072e+07 291.403
###230: move_cursor -id 0 4.04868e+07 291.403
###231: move_cursor -id 0 4.13859e+07 291.403
###232: move_cursor -id 0 4.23049e+07 291.403
###233: move_cursor -id 0 4.32444e+07 291.403
###234: move_cursor -id 0 4.51864e+07 291.403
###235: move_cursor -id 0 4.61899e+07 291.403
###236: move_cursor -id 0 4.72156e+07 291.403
###237: move_cursor -id 0 4.9336e+07 291.403
###238: move_cursor -id 0 5.04316e+07 291.403
###239: move_cursor -id 0 5.15515e+07 291.403
###240: move_cursor -id 0 5.26964e+07 293.132
###241: move_cursor -id 0 5.26964e+07 296.588
###242: move_cursor -id 0 5.04316e+07 296.588
###243: move_cursor -id 0 5.04316e+07 300.045
###244: move_cursor -id 0 5.04316e+07 303.502
###245: move_cursor -id 0 5.04316e+07 305.23
###246: move_cursor -id 0 5.04316e+07 303.502
###247: move_cursor -id 0 5.04316e+07 301.773
###248: move_cursor -id 0 5.15515e+07 301.773
###249: move_cursor -id 0 6.01194e+07 310.415
###250: move_cursor -id 0 7.48865e+07 325.97
###251: move_cursor -id 0 8.9272e+07 343.253
###252: move_cursor -id 0 1.112e+08 370.906
###253: move_cursor -id 0 1.29681e+08 386.461
###254: move_cursor -id 0 1.51234e+08 405.472
###255: move_cursor -id 0 1.68789e+08 417.571
###256: move_cursor -id 0 1.92566e+08 429.669
###257: move_cursor -id 0 2.14918e+08 436.582
###258: move_cursor -id 0 2.39866e+08 445.224
###259: move_cursor -id 0 2.73654e+08 450.409
###260: move_cursor -id 0 2.92293e+08 455.594
###261: move_cursor -id 0 3.12202e+08 457.322
###262: move_cursor -id 0 3.19135e+08 459.05
###263: move_cursor -id 0 3.19135e+08 460.779
###264: move_cursor -id 0 3.48442e+08 464.235
###265: move_cursor -id 0 3.5618e+08 467.692
###266: move_cursor -id 0 3.72175e+08 472.877
###267: move_cursor -id 0 3.8044e+08 476.334
###268: move_cursor -id 0 3.97525e+08 483.247
###269: move_cursor -id 0 3.97525e+08 484.975
###270: move_cursor -id 0 4.06353e+08 486.704
###271: move_cursor -id 0 4.15377e+08 488.432
###272: move_cursor -id 0 4.15377e+08 490.16
###273: move_cursor -id 0 4.24601e+08 491.888
###274: move_cursor -id 0 4.3403e+08 493.617
###275: move_cursor -id 0 4.3403e+08 497.073
###276: move_cursor -id 0 4.43669e+08 497.073
###277: move_cursor -id 0 4.53521e+08 497.073
###278: move_cursor -id 0 3.8044e+08 478.062
###279: move_cursor -id 0 3.05419e+08 443.496
###280: move_cursor -id 0 2.73654e+08 426.212
###281: move_cursor -id 0 2.67709e+08 419.299
###282: move_cursor -id 0 2.67709e+08 417.571
###283: move_cursor -id 0 2.67709e+08 414.114
###284: move_cursor -id 0 2.67709e+08 410.657
###285: move_cursor -id 0 2.61893e+08 393.374
###286: move_cursor -id 0 2.19691e+08 355.351
###287: move_cursor -id 0 1.92566e+08 313.871
###288: move_cursor -id 0 1.72538e+08 284.49
###289: move_cursor -id 0 1.68789e+08 275.848
###290: move_cursor -id 0 1.65122e+08 274.12
###291: move_cursor -id 0 1.54593e+08 258.565
###292: move_cursor -id 0 1.24108e+08 230.912
###293: move_cursor -id 0 9.3281e+07 192.889
###294: move_cursor -id 0 6.8588e+07 151.409
###295: move_cursor -id 0 4.9336e+07 115.115
###296: move_cursor -id 0 3.54878e+07 84.0048
###297: move_cursor -id 0 2.33797e+07 33.8836
###298: move_cursor -id 0 1.71907e+07 -28.336
###299: move_cursor -id 0 1.20968e+07 -107.839
###300: move_cursor -id 0 9.50041e+06 -180.428
###301: move_cursor -id 0 7.46129e+06 -183.885
###302: move_cursor -id 0 6.68527e+06 -183.885
###303: move_cursor -id 0 5.98997e+06 -183.885
###304: move_cursor -id 0 5.608e+06 -183.885
###305: move_cursor -id 0 5.13632e+06 -183.885
###306: move_cursor -id 0 4.40432e+06 -183.885
###307: move_cursor -id 0 3.86052e+06 -183.885
###308: move_cursor -id 0 3.38386e+06 -183.885
###309: move_cursor -id 0 3.03191e+06 -183.885
###310: move_cursor -id 0 2.77691e+06 -183.885
###311: move_cursor -id 0 2.65756e+06 -183.885
###312: move_cursor -id 0 2.77691e+06 -183.885
###313: move_cursor -id 0 2.83857e+06 -183.885
###314: move_cursor -id 0 2.96605e+06 -183.885
###315: move_cursor -id 0 3.09925e+06 -183.885
###316: move_cursor -id 0 3.31034e+06 -183.885
###317: move_cursor -id 0 3.53582e+06 -183.885
###318: move_cursor -id 0 3.77665e+06 -183.885
###319: move_cursor -id 0 4.30864e+06 -183.885
###320: move_cursor -id 0 4.70431e+06 -183.885
###321: move_cursor -id 0 5.25038e+06 -183.885
###322: move_cursor -id 0 5.608e+06 -157.96
###323: move_cursor -id 0 5.85984e+06 -132.035
###324: move_cursor -id 0 6.12299e+06 -107.839
###325: move_cursor -id 0 6.54004e+06 -92.2838
###326: move_cursor -id 0 6.68527e+06 -75.0006
###327: move_cursor -id 0 6.98549e+06 -61.1741
###328: move_cursor -id 0 7.2992e+06 -54.2608
###329: move_cursor -id 0 7.46129e+06 -42.1625
###330: move_cursor -id 0 7.79636e+06 -31.7926
###331: move_cursor -id 0 8.32739e+06 -23.151
###332: move_cursor -id 0 8.51232e+06 -17.9661
###333: move_cursor -id 0 9.09211e+06 -4.1395
###334: move_cursor -id 0 9.71139e+06 2.77379
###335: move_cursor -id 0 1.01475e+07 16.6003
###336: move_cursor -id 0 1.10794e+07 25.242
###337: move_cursor -id 0 1.1834e+07 39.0685
###338: move_cursor -id 0 1.29208e+07 44.2535
###339: move_cursor -id 0 1.38008e+07 52.8951
###340: move_cursor -id 0 1.50682e+07 66.7216
###341: move_cursor -id 0 1.64519e+07 78.8199
###342: move_cursor -id 0 1.71907e+07 87.4615
###343: move_cursor -id 0 1.79627e+07 99.5597
###344: move_cursor -id 0 1.79627e+07 111.658
###345: move_cursor -id 0 1.83616e+07 120.3
###346: move_cursor -id 0 1.83616e+07 130.669
###347: move_cursor -id 0 1.96123e+07 135.854
###348: move_cursor -id 0 1.96123e+07 141.039
###349: move_cursor -id 0 1.96123e+07 146.224
###350: move_cursor -id 0 1.96123e+07 151.409
###351: move_cursor -id 0 1.96123e+07 153.138
###352: move_cursor -id 0 1.96123e+07 158.323
###353: move_cursor -id 0 2.0493e+07 165.236
###354: move_cursor -id 0 2.14133e+07 168.693
###355: move_cursor -id 0 2.14133e+07 170.421
###356: move_cursor -id 0 2.18888e+07 173.878
###357: move_cursor -id 0 2.18888e+07 177.334
###358: move_cursor -id 0 2.18888e+07 180.791
###359: move_cursor -id 0 2.28718e+07 184.247
###360: move_cursor -id 0 2.33797e+07 185.976
###361: move_cursor -id 0 2.38989e+07 189.432
###362: move_cursor -id 0 2.38989e+07 191.161
###363: move_cursor -id 0 2.49722e+07 192.889
###364: move_cursor -id 0 2.55267e+07 194.617
###365: move_cursor -id 0 2.55267e+07 198.074
###366: move_cursor -id 0 2.66731e+07 201.531
###367: move_cursor -id 0 2.72654e+07 201.531
###368: move_cursor -id 0 2.72654e+07 203.259
###369: move_cursor -id 0 2.78709e+07 204.987
###370: move_cursor -id 0 2.91225e+07 206.716
###371: move_cursor -id 0 2.97692e+07 210.172
###372: move_cursor -id 0 3.11061e+07 213.629
###373: move_cursor -id 0 3.17969e+07 217.086
###374: move_cursor -id 0 3.2503e+07 220.542
###375: move_cursor -id 0 3.32248e+07 220.542
###376: move_cursor -id 0 3.39627e+07 223.999
###377: move_cursor -id 0 3.47169e+07 225.727
###378: move_cursor -id 0 3.54878e+07 227.455
###379: move_cursor -id 0 3.54878e+07 229.184
###380: move_cursor -id 0 3.62759e+07 229.184
###381: move_cursor -id 0 3.87468e+07 229.184
###382: move_cursor -id 0 3.96072e+07 229.184
###383: move_cursor -id 0 4.13859e+07 229.184
###384: move_cursor -id 0 4.23049e+07 230.912
###385: move_cursor -id 0 4.51864e+07 232.64
###386: move_cursor -id 0 4.61899e+07 232.64
###387: move_cursor -id 0 4.72156e+07 232.64
###388: move_cursor -id 0 4.82642e+07 232.64
###389: move_cursor -id 0 4.9336e+07 232.64
###390: move_cursor -id 0 5.04316e+07 234.369
###391: move_cursor -id 0 5.26964e+07 234.369
###392: move_cursor -id 0 5.26964e+07 236.097
###393: move_cursor -id 0 5.26964e+07 237.825
###394: move_cursor -id 0 5.15515e+07 237.825
###395: move_cursor -id 0 5.04316e+07 237.825
###396: move_cursor -id 0 4.82642e+07 237.825
###397: move_cursor -id 0 4.72156e+07 237.825
###398: move_cursor -id 0 4.61899e+07 241.282
###399: move_cursor -id 0 4.51864e+07 241.282
###400: move_cursor -id 0 4.61899e+07 241.282
###401: move_cursor -id 0 4.82642e+07 241.282
###402: move_cursor -id 0 4.9336e+07 244.739
###403: move_cursor -id 0 5.04316e+07 244.739
###404: move_cursor -id 0 5.26964e+07 244.739
