LC_Check out license DM version 1.0...

                          Empyrean Aether
            Version 2019.12(optNAT), Build on 01/15/2020
                        For [linux26-x86_64]
                      Copyright (c) 2009-2020
                  Huada Empyrean Software Co.,Ltd.
                        ALL RIGHTS RESERVED

OpenAccess 2.2 is loaded from /opt/EDA/empyrean/openaccess/lib/linux_rhel50_gcc48x_64/opt
Load OA TCL shared library (1) successfully.

Load setting file '/opt/EDA/empyrean/tools/aether/data/aether.ini'.
Load initialize file 'emyLibInit.tcl' for library 'analog'.
	#######################################
	PDK Library Name	: 018um_PDK
	PDK Version		: 2.0 (ePDK)
	PDK Release Date	: 9-Jan 2012 
	#######################################

Load initialize file 'emyLibInit.tcl' for library '018um_PDK'.
Load '/opt/EDA/empyrean/tools/aether/data/display.drf'.
Load '/home/undergrad19_exam/huangguangyao_exam/display.drf'.
Load 'display.drf'.

************************  **************************
WARNING 00043> "Finger Width" 168u > Max value 100u
              Resetting "Finger Width" to Def value


************************  **************************
WARNING 00043> "Total Width" 99.29 > Max value 10m
              Resetting "Total Width" to Def value


************************  **************************
WARNING 00043> "Total Width" 42.07 > Max value 10m
              Resetting "Total Width" to Def value


************************  **************************
WARNING 00043> "Total Width" 99.58 > Max value 10m
              Resetting "Total Width" to Def value


************************  **************************
WARNING 00043> "Length" 99.64 > Max value 10u
              Resetting "Length" to Def value

