###1: cross_probe -file /tmp/plotU6ei4w
cross_probe -file /tmp/plotU6ei4w OK
###2: open_file /home/undergrad19_exam/liujilong_exam/simulation/liujilong_exam/competition_testbench_schematic_ALPS/competition_testbench_schematic_Nominal.sp.sim/competition_testbench_schematic_Nominal.sp.ac0
open_file competition_testbench_schematic_Nominal.sp.ac0: OK
###3: calc &f<0>::s<v(vout)>@0#&/&f<0>::s<v(vinn)>@0#&
calc "f<0>::s<v(vout)>[0]"/"f<0>::s<v(vinn)>[0]" :601
###4: add_panel -1
add_panel :0
###5: open_wave -group Doc_Not_Found,0,_calc_wfs_\(0\)
###6: chaxis Log10
"f<0>::s<v(vout)>[0]"/"f<0>::s<v(vinn)>[0]"     Loop_Gain   Nominal datas:
###7: chaxis -plot 1 -axis 0 Linear
"f<0>::s<v(vout)>[0]"/"f<0>::s<v(vinn)>[0]"     Loop_Gain   Nominal datas:
###8: chaxis -plot 1 -axis 0 DB20
###9: add_cursor -x
add_cursor -x result: 1
###10: move_cursor -id 0 13700.1 407.856
###11: move_cursor -id 0 11747.7 404.168
###12: move_cursor -id 0 10297.2 404.168
###13: move_cursor -id 0 7739.49 404.168
###14: move_cursor -id 0 5817.09 404.168
###15: move_cursor -id 0 4184.29 404.168
###16: move_cursor -id 0 2944.41 404.168
###17: move_cursor -id 0 2213.05 404.168
###18: move_cursor -id 0 1816.11 404.168
###19: move_cursor -id 0 1457.98 404.168
###20: move_cursor -id 0 1277.96 404.168
###21: move_cursor -id 0 1072.03 404.168
###22: move_cursor -id 0 939.665 404.168
###23: move_cursor -id 0 805.75 404.168
###24: move_cursor -id 0 754.368 404.168
###25: move_cursor -id 0 690.92 404.168
###26: move_cursor -id 0 675.91 404.168
###27: move_cursor -id 0 619.06 404.168
###28: move_cursor -id 0 605.611 404.168
###29: move_cursor -id 0 579.584 404.168
###30: move_cursor -id 0 566.992 404.168
###31: move_cursor -id 0 542.624 404.168
###32: move_cursor -id 0 519.304 404.168
###33: move_cursor -id 0 508.022 404.168
###34: move_cursor -id 0 496.985 404.168
###35: move_cursor -id 0 475.626 404.168
###36: move_cursor -id 0 445.296 402.324
###37: move_cursor -id 0 435.622 402.324
###38: move_cursor -id 0 398.983 402.324
###39: move_cursor -id 0 390.315 402.324
###40: move_cursor -id 0 357.486 396.793
###41: move_cursor -id 0 342.122 396.793
###42: move_cursor -id 0 334.69 396.793
###43: move_cursor -id 0 320.305 396.793
###44: move_cursor -id 0 306.54 396.793
###45: move_cursor -id 0 299.88 394.949
###46: move_cursor -id 0 293.365 394.949
###47: move_cursor -id 0 286.992 394.949
###48: move_cursor -id 0 280.757 394.949
###49: move_cursor -id 0 274.658 394.949
###50: move_cursor -id 0 251.557 394.949
###51: move_cursor -id 0 246.092 394.949
###52: move_cursor -id 0 235.515 394.949
###53: move_cursor -id 0 230.399 394.949
###54: move_cursor -id 0 230.399 393.105
###55: move_cursor -id 0 211.02 393.105
###56: move_cursor -id 0 206.436 393.105
###57: move_cursor -id 0 197.564 393.105
###58: move_cursor -id 0 193.272 389.418
###59: move_cursor -id 0 184.965 389.418
###60: move_cursor -id 0 177.016 389.418
###61: move_cursor -id 0 180.947 387.574
###62: move_cursor -id 0 251.557 382.043
###63: move_cursor -id 0 342.122 378.355
###64: move_cursor -id 0 619.06 372.824
###65: move_cursor -id 0 1003.67 367.292
###66: move_cursor -id 0 2164.98 359.917
###67: move_cursor -id 0 4669.99 345.167
###68: move_cursor -id 0 11242.8 337.792
###69: move_cursor -id 0 27667.6 330.417
###70: move_cursor -id 0 96759 313.822
###71: move_cursor -id 0 338386 295.385
###72: move_cursor -id 0 1.06032e+06 269.572
###73: move_cursor -id 0 2.78709e+06 260.353
###74: move_cursor -id 0 4.61899e+06 251.134
###75: move_cursor -id 0 6.56402e+06 240.071
###76: move_cursor -id 0 8.35793e+06 230.852
###77: move_cursor -id 0 1.01847e+07 225.321
###78: move_cursor -id 0 1.21412e+07 217.945
###79: move_cursor -id 0 1.4159e+07 217.945
###80: move_cursor -id 0 1.61535e+07 210.57
###81: move_cursor -id 0 1.92566e+07 208.726
###82: move_cursor -id 0 2.10249e+07 206.883
###83: move_cursor -id 0 2.39866e+07 205.039
###84: move_cursor -id 0 2.79731e+07 201.351
###85: move_cursor -id 0 2.98784e+07 201.351
###86: move_cursor -id 0 3.12202e+07 197.664
###87: move_cursor -id 0 3.26222e+07 197.664
###88: move_cursor -id 0 3.33467e+07 197.664
###89: move_cursor -id 0 3.5618e+07 197.664
###90: move_cursor -id 0 3.88889e+07 193.976
###91: move_cursor -id 0 4.24601e+07 193.976
###92: move_cursor -id 0 4.3403e+07 192.132
###93: move_cursor -id 0 4.73888e+07 190.289
###94: move_cursor -id 0 4.84412e+07 188.445
###95: move_cursor -id 0 5.06165e+07 188.445
###96: move_cursor -id 0 5.28896e+07 186.601
###97: move_cursor -id 0 5.17406e+07 186.601
###98: move_cursor -id 0 5.06165e+07 186.601
###99: move_cursor -id 0 4.63593e+07 181.07
###100: move_cursor -id 0 4.24601e+07 181.07
###101: move_cursor -id 0 3.88889e+07 181.07
###102: move_cursor -id 0 3.40872e+07 181.07
###103: move_cursor -id 0 2.73654e+07 181.07
###104: move_cursor -id 0 1.92566e+07 181.07
###105: move_cursor -id 0 1.13669e+07 181.07
###106: move_cursor -id 0 4.82642e+06 181.07
###107: move_cursor -id 0 1.75725e+06 181.07
###108: move_cursor -id 0 683374 188.445
###109: move_cursor -id 0 394625 193.976
###110: move_cursor -id 0 208716 208.726
###111: move_cursor -id 0 125939 219.789
###112: move_cursor -id 0 92600.6 230.852
###113: move_cursor -id 0 68087.7 234.54
###114: move_cursor -id 0 48976.1 245.602
###115: move_cursor -id 0 37628.5 249.29
###116: move_cursor -id 0 29552.1 258.509
###117: move_cursor -id 0 21729.2 262.196
###118: move_cursor -id 0 16694.6 262.196
###119: move_cursor -id 0 14315.4 267.728
###120: move_cursor -id 0 12547.8 267.728
###121: move_cursor -id 0 10998.6 269.572
###122: move_cursor -id 0 10998.6 271.415
###123: move_cursor -id 0 10759.6 271.415
###124: move_cursor -id 0 9854.64 273.259
###125: move_cursor -id 0 9025.78 276.947
###126: move_cursor -id 0 8266.64 280.634
###127: move_cursor -id 0 7571.35 284.322
###128: move_cursor -id 0 6934.54 284.322
###129: move_cursor -id 0 6351.29 288.009
###130: move_cursor -id 0 5817.09 291.697
###131: move_cursor -id 0 5567.09 291.697
###132: move_cursor -id 0 4773.7 293.541
###133: move_cursor -id 0 4093.39 295.385
###134: move_cursor -id 0 3076.64 295.385
###135: move_cursor -id 0 2071.93 300.916
###136: move_cursor -id 0 1457.98 306.447
###137: move_cursor -id 0 1025.96 310.135
###138: move_cursor -id 0 823.643 313.822
###139: move_cursor -id 0 706.263 319.354
###140: move_cursor -id 0 646.861 323.041
###141: move_cursor -id 0 566.992 326.729
###142: move_cursor -id 0 542.624 330.417
###143: move_cursor -id 0 519.304 334.104
###144: move_cursor -id 0 486.188 334.104
###145: move_cursor -id 0 445.296 334.104
###146: move_cursor -id 0 435.622 334.104
###147: move_cursor -id 0 398.983 334.104
###148: move_cursor -id 0 390.315 334.104
###149: move_cursor -id 0 373.54 334.104
###150: move_cursor -id 0 349.72 334.104
###151: move_cursor -id 0 306.54 337.792
###152: move_cursor -id 0 225.393 343.323
###153: move_cursor -id 0 180.947 343.323
###154: move_cursor -id 0 148.491 347.011
###155: move_cursor -id 0 136.002 347.011
###156: move_cursor -id 0 127.329 348.854
###157: move_cursor -id 0 124.563 350.698
###158: move_cursor -id 0 119.21 350.698
###159: move_cursor -id 0 116.62 350.698
###160: move_cursor -id 0 114.086 352.542
###161: move_cursor -id 0 109.183 352.542
###162: move_cursor -id 0 109.183 354.386
###163: move_cursor -id 0 114.086 354.386
###164: move_cursor -id 0 116.62 358.073
###165: move_cursor -id 0 121.857 358.073
###166: move_cursor -id 0 124.563 358.073
###167: move_cursor -id 0 133.047 358.073
###168: move_cursor -id 0 136.002 358.073
###169: move_cursor -id 0 142.11 358.073
###170: move_cursor -id 0 155.16 358.073
###171: move_cursor -id 0 162.128 358.073
###172: move_cursor -id 0 169.408 358.073
###173: move_cursor -id 0 177.016 358.073
###174: move_cursor -id 0 180.947 358.073
###175: move_cursor -id 0 189.073 358.073
###176: move_cursor -id 0 193.272 358.073
